nohup: ignoring input
2025-01-09T09:46:19 (svs.sh:211:main) ./svs.sh --lang zh --local_data_opts --stage 1 --feats_type raw --fs 24000 --fmax 22050 --fmin 0 --n_fft 2048 --n_shift 256 --win_length 2048 --token_type phn --g2p None --cleaner none --train_config conf/train.yaml --inference_config conf/decode.yaml --train_set tr_no_dev --valid_set dev --test_sets dev eval --score_feats_extract syllable_score_feats --srctexts data/tr_no_dev/text --audio_format wav --stage 5 --stop_stage 10 --svs_task gan_svs --pitch_extract dio --feats_extract fbank --feats_normalize none --score_feats_extract syllable_score_feats --inference_model latest.pth --write_collected_feats true
2025-01-09T09:46:20 (svs.sh:494:main) Stage 5: SVS collect stats: train_set=dump/raw/tr_no_dev, valid_set=dump/raw/dev
2025-01-09T09:46:20 (svs.sh:591:main) Generate 'exp/svs_stats_raw_phn_None_zh/run.sh'. You can resume the process from stage 5 using this script
2025-01-09T09:46:20 (svs.sh:595:main) SVS collect_stats started... log: 'exp/svs_stats_raw_phn_None_zh/logdir/stats.*.log'
/data6/arllan/miniconda/envs/espnetenv/espnetenv/bin/python3 /data5/arllan/espnet/espnet2/bin/aggregate_stats_dirs.py --input_dir exp/svs_stats_raw_phn_None_zh/logdir/stats.1 --input_dir exp/svs_stats_raw_phn_None_zh/logdir/stats.2 --input_dir exp/svs_stats_raw_phn_None_zh/logdir/stats.3 --input_dir exp/svs_stats_raw_phn_None_zh/logdir/stats.4 --input_dir exp/svs_stats_raw_phn_None_zh/logdir/stats.5 --input_dir exp/svs_stats_raw_phn_None_zh/logdir/stats.6 --input_dir exp/svs_stats_raw_phn_None_zh/logdir/stats.7 --input_dir exp/svs_stats_raw_phn_None_zh/logdir/stats.8 --input_dir exp/svs_stats_raw_phn_None_zh/logdir/stats.9 --input_dir exp/svs_stats_raw_phn_None_zh/logdir/stats.10 --input_dir exp/svs_stats_raw_phn_None_zh/logdir/stats.11 --input_dir exp/svs_stats_raw_phn_None_zh/logdir/stats.12 --input_dir exp/svs_stats_raw_phn_None_zh/logdir/stats.13 --input_dir exp/svs_stats_raw_phn_None_zh/logdir/stats.14 --input_dir exp/svs_stats_raw_phn_None_zh/logdir/stats.15 --input_dir exp/svs_stats_raw_phn_None_zh/logdir/stats.16 --input_dir exp/svs_stats_raw_phn_None_zh/logdir/stats.17 --input_dir exp/svs_stats_raw_phn_None_zh/logdir/stats.18 --input_dir exp/svs_stats_raw_phn_None_zh/logdir/stats.19 --input_dir exp/svs_stats_raw_phn_None_zh/logdir/stats.20 --input_dir exp/svs_stats_raw_phn_None_zh/logdir/stats.21 --input_dir exp/svs_stats_raw_phn_None_zh/logdir/stats.22 --input_dir exp/svs_stats_raw_phn_None_zh/logdir/stats.23 --input_dir exp/svs_stats_raw_phn_None_zh/logdir/stats.24 --input_dir exp/svs_stats_raw_phn_None_zh/logdir/stats.25 --input_dir exp/svs_stats_raw_phn_None_zh/logdir/stats.26 --input_dir exp/svs_stats_raw_phn_None_zh/logdir/stats.27 --input_dir exp/svs_stats_raw_phn_None_zh/logdir/stats.28 --input_dir exp/svs_stats_raw_phn_None_zh/logdir/stats.29 --input_dir exp/svs_stats_raw_phn_None_zh/logdir/stats.30 --input_dir exp/svs_stats_raw_phn_None_zh/logdir/stats.31 --input_dir exp/svs_stats_raw_phn_None_zh/logdir/stats.32 --skip_sum_stats --output_dir exp/svs_stats_raw_phn_None_zh
2025-01-09T09:47:31 (svs.sh:650:main) Stage 6: SVS Training: train_set=dump/raw/tr_no_dev, valid_set=dump/raw/dev
2025-01-09T09:47:31 (svs.sh:660:main) CASE 1: AR model training or NAR model with music score duration
2025-01-09T09:47:31 (svs.sh:867:main) Generate 'exp/svs_train_raw_phn_None_zh/run.sh'. You can resume the process from stage 6 using this script
2025-01-09T09:47:31 (svs.sh:872:main) SVS training started... log: 'exp/svs_train_raw_phn_None_zh/train.log'
2025-01-09 09:47:31,387 (launch:94) INFO: /data6/arllan/miniconda/envs/espnetenv/espnetenv/bin/python3 /data5/arllan/espnet/espnet2/bin/launch.py --cmd 'run.pl --name exp/svs_train_raw_phn_None_zh/train.log' --log exp/svs_train_raw_phn_None_zh/train.log --ngpu 1 --num_nodes 1 --init_file_prefix exp/svs_train_raw_phn_None_zh/.dist_init_ --multiprocessing_distributed true -- python3 -m espnet2.bin.gan_svs_train --use_preprocessor true --token_type phn --token_list data/token_list/phn_None_zh/tokens.txt --non_linguistic_symbols none --cleaner none --g2p None --fs 24000 --normalize none --resume true --init_param --ignore_init_mismatch false --fold_length 150 --fold_length 204800 --output_dir exp/svs_train_raw_phn_None_zh --config conf/train.yaml --score_feats_extract syllable_score_feats --score_feats_extract_conf fs=24000 --score_feats_extract_conf n_fft=2048 --score_feats_extract_conf win_length=2048 --score_feats_extract_conf hop_length=256 --feats_extract fbank --feats_extract_conf n_fft=2048 --feats_extract_conf hop_length=256 --feats_extract_conf win_length=2048 --pitch_extract dio --ying_extract None --feats_extract_conf fs=24000 --feats_extract_conf fmin=0 --feats_extract_conf fmax=22050 --feats_extract_conf n_mels=80 --pitch_extract_conf fs=24000 --pitch_extract_conf n_fft=2048 --pitch_extract_conf hop_length=256 --pitch_extract_conf f0max=810 --pitch_extract_conf f0min=80 --train_data_path_and_name_and_type dump/raw/tr_no_dev/text,text,text --train_data_path_and_name_and_type dump/raw/tr_no_dev/wav.scp,singing,sound --train_data_path_and_name_and_type dump/raw/tr_no_dev/label,label,duration --train_data_path_and_name_and_type dump/raw/tr_no_dev/score.scp,score,score --train_shape_file exp/svs_stats_raw_phn_None_zh/train/text_shape.phn --train_shape_file exp/svs_stats_raw_phn_None_zh/train/singing_shape --valid_data_path_and_name_and_type dump/raw/dev/text,text,text --valid_data_path_and_name_and_type dump/raw/dev/wav.scp,singing,sound --valid_data_path_and_name_and_type dump/raw/dev/label,label,duration --valid_data_path_and_name_and_type dump/raw/dev/score.scp,score,score --valid_shape_file exp/svs_stats_raw_phn_None_zh/valid/text_shape.phn --valid_shape_file exp/svs_stats_raw_phn_None_zh/valid/singing_shape --train_data_path_and_name_and_type exp/svs_stats_raw_phn_None_zh/train/collect_feats/pitch.scp,pitch,npy --valid_data_path_and_name_and_type exp/svs_stats_raw_phn_None_zh/valid/collect_feats/pitch.scp,pitch,npy --train_data_path_and_name_and_type exp/svs_stats_raw_phn_None_zh/train/collect_feats/feats.scp,feats,npy --valid_data_path_and_name_and_type exp/svs_stats_raw_phn_None_zh/valid/collect_feats/feats.scp,feats,npy --train_data_path_and_name_and_type dump/raw/tr_no_dev/utt2sid,sids,text_int --valid_data_path_and_name_and_type dump/raw/dev/utt2sid,sids,text_int
2025-01-09 09:47:31,427 (launch:348) INFO: log file: exp/svs_train_raw_phn_None_zh/train.log
run.pl: job failed, log is in exp/svs_train_raw_phn_None_zh/train.log
Command '['run.pl', '--name', 'exp/svs_train_raw_phn_None_zh/train.log', '--gpu', '1', 'exp/svs_train_raw_phn_None_zh/train.log', 'python3', '-m', 'espnet2.bin.gan_svs_train', '--use_preprocessor', 'true', '--token_type', 'phn', '--token_list', 'data/token_list/phn_None_zh/tokens.txt', '--non_linguistic_symbols', 'none', '--cleaner', 'none', '--g2p', 'None', '--fs', '24000', '--normalize', 'none', '--resume', 'true', '--init_param', '--ignore_init_mismatch', 'false', '--fold_length', '150', '--fold_length', '204800', '--output_dir', 'exp/svs_train_raw_phn_None_zh', '--config', 'conf/train.yaml', '--score_feats_extract', 'syllable_score_feats', '--score_feats_extract_conf', 'fs=24000', '--score_feats_extract_conf', 'n_fft=2048', '--score_feats_extract_conf', 'win_length=2048', '--score_feats_extract_conf', 'hop_length=256', '--feats_extract', 'fbank', '--feats_extract_conf', 'n_fft=2048', '--feats_extract_conf', 'hop_length=256', '--feats_extract_conf', 'win_length=2048', '--pitch_extract', 'dio', '--ying_extract', 'None', '--feats_extract_conf', 'fs=24000', '--feats_extract_conf', 'fmin=0', '--feats_extract_conf', 'fmax=22050', '--feats_extract_conf', 'n_mels=80', '--pitch_extract_conf', 'fs=24000', '--pitch_extract_conf', 'n_fft=2048', '--pitch_extract_conf', 'hop_length=256', '--pitch_extract_conf', 'f0max=810', '--pitch_extract_conf', 'f0min=80', '--train_data_path_and_name_and_type', 'dump/raw/tr_no_dev/text,text,text', '--train_data_path_and_name_and_type', 'dump/raw/tr_no_dev/wav.scp,singing,sound', '--train_data_path_and_name_and_type', 'dump/raw/tr_no_dev/label,label,duration', '--train_data_path_and_name_and_type', 'dump/raw/tr_no_dev/score.scp,score,score', '--train_shape_file', 'exp/svs_stats_raw_phn_None_zh/train/text_shape.phn', '--train_shape_file', 'exp/svs_stats_raw_phn_None_zh/train/singing_shape', '--valid_data_path_and_name_and_type', 'dump/raw/dev/text,text,text', '--valid_data_path_and_name_and_type', 'dump/raw/dev/wav.scp,singing,sound', '--valid_data_path_and_name_and_type', 'dump/raw/dev/label,label,duration', '--valid_data_path_and_name_and_type', 'dump/raw/dev/score.scp,score,score', '--valid_shape_file', 'exp/svs_stats_raw_phn_None_zh/valid/text_shape.phn', '--valid_shape_file', 'exp/svs_stats_raw_phn_None_zh/valid/singing_shape', '--train_data_path_and_name_and_type', 'exp/svs_stats_raw_phn_None_zh/train/collect_feats/pitch.scp,pitch,npy', '--valid_data_path_and_name_and_type', 'exp/svs_stats_raw_phn_None_zh/valid/collect_feats/pitch.scp,pitch,npy', '--train_data_path_and_name_and_type', 'exp/svs_stats_raw_phn_None_zh/train/collect_feats/feats.scp,feats,npy', '--valid_data_path_and_name_and_type', 'exp/svs_stats_raw_phn_None_zh/valid/collect_feats/feats.scp,feats,npy', '--train_data_path_and_name_and_type', 'dump/raw/tr_no_dev/utt2sid,sids,text_int', '--valid_data_path_and_name_and_type', 'dump/raw/dev/utt2sid,sids,text_int', '--ngpu', '1', '--multiprocessing_distributed', 'True']' returned non-zero exit status 1.
Traceback (most recent call last):
  File "/data6/arllan/miniconda/envs/espnetenv/espnetenv/lib/python3.10/runpy.py", line 196, in _run_module_as_main
    return _run_code(code, main_globals, None,
  File "/data6/arllan/miniconda/envs/espnetenv/espnetenv/lib/python3.10/runpy.py", line 86, in _run_code
    exec(code, run_globals)
  File "/data5/arllan/espnet/espnet2/bin/launch.py", line 384, in <module>
    main()
  File "/data5/arllan/espnet/espnet2/bin/launch.py", line 375, in main
    raise RuntimeError(
RuntimeError: 
################### The last 1000 lines of exp/svs_train_raw_phn_None_zh/train.log ###################
                (linear_k): Linear(in_features=192, out_features=192, bias=True)
                (linear_v): Linear(in_features=192, out_features=192, bias=True)
                (linear_out): Linear(in_features=192, out_features=192, bias=True)
                (dropout): Dropout(p=0.1, inplace=False)
                (q_norm): Identity()
                (k_norm): Identity()
                (linear_pos): Linear(in_features=192, out_features=192, bias=False)
              )
              (feed_forward): MultiLayeredConv1d(
                (w_1): Conv1d(192, 768, kernel_size=(3,), stride=(1,), padding=(1,))
                (w_2): Conv1d(768, 192, kernel_size=(3,), stride=(1,), padding=(1,))
                (dropout): Dropout(p=0.1, inplace=False)
              )
              (feed_forward_macaron): MultiLayeredConv1d(
                (w_1): Conv1d(192, 768, kernel_size=(3,), stride=(1,), padding=(1,))
                (w_2): Conv1d(768, 192, kernel_size=(3,), stride=(1,), padding=(1,))
                (dropout): Dropout(p=0.1, inplace=False)
              )
              (norm_ff): LayerNorm((192,), eps=1e-12, elementwise_affine=True)
              (norm_mha): LayerNorm((192,), eps=1e-12, elementwise_affine=True)
              (norm_ff_macaron): LayerNorm((192,), eps=1e-12, elementwise_affine=True)
              (dropout): Dropout(p=0.1, inplace=False)
            )
            (2): EncoderLayer(
              (self_attn): RelPositionMultiHeadedAttention(
                (linear_q): Linear(in_features=192, out_features=192, bias=True)
                (linear_k): Linear(in_features=192, out_features=192, bias=True)
                (linear_v): Linear(in_features=192, out_features=192, bias=True)
                (linear_out): Linear(in_features=192, out_features=192, bias=True)
                (dropout): Dropout(p=0.1, inplace=False)
                (q_norm): Identity()
                (k_norm): Identity()
                (linear_pos): Linear(in_features=192, out_features=192, bias=False)
              )
              (feed_forward): MultiLayeredConv1d(
                (w_1): Conv1d(192, 768, kernel_size=(3,), stride=(1,), padding=(1,))
                (w_2): Conv1d(768, 192, kernel_size=(3,), stride=(1,), padding=(1,))
                (dropout): Dropout(p=0.1, inplace=False)
              )
              (feed_forward_macaron): MultiLayeredConv1d(
                (w_1): Conv1d(192, 768, kernel_size=(3,), stride=(1,), padding=(1,))
                (w_2): Conv1d(768, 192, kernel_size=(3,), stride=(1,), padding=(1,))
                (dropout): Dropout(p=0.1, inplace=False)
              )
              (norm_ff): LayerNorm((192,), eps=1e-12, elementwise_affine=True)
              (norm_mha): LayerNorm((192,), eps=1e-12, elementwise_affine=True)
              (norm_ff_macaron): LayerNorm((192,), eps=1e-12, elementwise_affine=True)
              (dropout): Dropout(p=0.1, inplace=False)
            )
            (3): EncoderLayer(
              (self_attn): RelPositionMultiHeadedAttention(
                (linear_q): Linear(in_features=192, out_features=192, bias=True)
                (linear_k): Linear(in_features=192, out_features=192, bias=True)
                (linear_v): Linear(in_features=192, out_features=192, bias=True)
                (linear_out): Linear(in_features=192, out_features=192, bias=True)
                (dropout): Dropout(p=0.1, inplace=False)
                (q_norm): Identity()
                (k_norm): Identity()
                (linear_pos): Linear(in_features=192, out_features=192, bias=False)
              )
              (feed_forward): MultiLayeredConv1d(
                (w_1): Conv1d(192, 768, kernel_size=(3,), stride=(1,), padding=(1,))
                (w_2): Conv1d(768, 192, kernel_size=(3,), stride=(1,), padding=(1,))
                (dropout): Dropout(p=0.1, inplace=False)
              )
              (feed_forward_macaron): MultiLayeredConv1d(
                (w_1): Conv1d(192, 768, kernel_size=(3,), stride=(1,), padding=(1,))
                (w_2): Conv1d(768, 192, kernel_size=(3,), stride=(1,), padding=(1,))
                (dropout): Dropout(p=0.1, inplace=False)
              )
              (norm_ff): LayerNorm((192,), eps=1e-12, elementwise_affine=True)
              (norm_mha): LayerNorm((192,), eps=1e-12, elementwise_affine=True)
              (norm_ff_macaron): LayerNorm((192,), eps=1e-12, elementwise_affine=True)
              (dropout): Dropout(p=0.1, inplace=False)
            )
            (4): EncoderLayer(
              (self_attn): RelPositionMultiHeadedAttention(
                (linear_q): Linear(in_features=192, out_features=192, bias=True)
                (linear_k): Linear(in_features=192, out_features=192, bias=True)
                (linear_v): Linear(in_features=192, out_features=192, bias=True)
                (linear_out): Linear(in_features=192, out_features=192, bias=True)
                (dropout): Dropout(p=0.1, inplace=False)
                (q_norm): Identity()
                (k_norm): Identity()
                (linear_pos): Linear(in_features=192, out_features=192, bias=False)
              )
              (feed_forward): MultiLayeredConv1d(
                (w_1): Conv1d(192, 768, kernel_size=(3,), stride=(1,), padding=(1,))
                (w_2): Conv1d(768, 192, kernel_size=(3,), stride=(1,), padding=(1,))
                (dropout): Dropout(p=0.1, inplace=False)
              )
              (feed_forward_macaron): MultiLayeredConv1d(
                (w_1): Conv1d(192, 768, kernel_size=(3,), stride=(1,), padding=(1,))
                (w_2): Conv1d(768, 192, kernel_size=(3,), stride=(1,), padding=(1,))
                (dropout): Dropout(p=0.1, inplace=False)
              )
              (norm_ff): LayerNorm((192,), eps=1e-12, elementwise_affine=True)
              (norm_mha): LayerNorm((192,), eps=1e-12, elementwise_affine=True)
              (norm_ff_macaron): LayerNorm((192,), eps=1e-12, elementwise_affine=True)
              (dropout): Dropout(p=0.1, inplace=False)
            )
            (5): EncoderLayer(
              (self_attn): RelPositionMultiHeadedAttention(
                (linear_q): Linear(in_features=192, out_features=192, bias=True)
                (linear_k): Linear(in_features=192, out_features=192, bias=True)
                (linear_v): Linear(in_features=192, out_features=192, bias=True)
                (linear_out): Linear(in_features=192, out_features=192, bias=True)
                (dropout): Dropout(p=0.1, inplace=False)
                (q_norm): Identity()
                (k_norm): Identity()
                (linear_pos): Linear(in_features=192, out_features=192, bias=False)
              )
              (feed_forward): MultiLayeredConv1d(
                (w_1): Conv1d(192, 768, kernel_size=(3,), stride=(1,), padding=(1,))
                (w_2): Conv1d(768, 192, kernel_size=(3,), stride=(1,), padding=(1,))
                (dropout): Dropout(p=0.1, inplace=False)
              )
              (feed_forward_macaron): MultiLayeredConv1d(
                (w_1): Conv1d(192, 768, kernel_size=(3,), stride=(1,), padding=(1,))
                (w_2): Conv1d(768, 192, kernel_size=(3,), stride=(1,), padding=(1,))
                (dropout): Dropout(p=0.1, inplace=False)
              )
              (norm_ff): LayerNorm((192,), eps=1e-12, elementwise_affine=True)
              (norm_mha): LayerNorm((192,), eps=1e-12, elementwise_affine=True)
              (norm_ff_macaron): LayerNorm((192,), eps=1e-12, elementwise_affine=True)
              (dropout): Dropout(p=0.1, inplace=False)
            )
          )
          (after_norm): LayerNorm((192,), eps=1e-12, elementwise_affine=True)
        )
        (proj): Conv1d(192, 1, kernel_size=(1,), stride=(1,))
        (global_conv): Conv1d(256, 192, kernel_size=(1,), stride=(1,))
      )
      (mel_decoder): Decoder(
        (prenet): Conv1d(194, 192, kernel_size=(3,), stride=(1,), padding=(1,))
        (decoder): Encoder(
          (embed): Sequential(
            (0): RelPositionalEncoding(
              (dropout): Dropout(p=0.0, inplace=False)
            )
          )
          (encoders): MultiSequential(
            (0): EncoderLayer(
              (self_attn): RelPositionMultiHeadedAttention(
                (linear_q): Linear(in_features=192, out_features=192, bias=True)
                (linear_k): Linear(in_features=192, out_features=192, bias=True)
                (linear_v): Linear(in_features=192, out_features=192, bias=True)
                (linear_out): Linear(in_features=192, out_features=192, bias=True)
                (dropout): Dropout(p=0.1, inplace=False)
                (q_norm): Identity()
                (k_norm): Identity()
                (linear_pos): Linear(in_features=192, out_features=192, bias=False)
              )
              (feed_forward): MultiLayeredConv1d(
                (w_1): Conv1d(192, 768, kernel_size=(3,), stride=(1,), padding=(1,))
                (w_2): Conv1d(768, 192, kernel_size=(3,), stride=(1,), padding=(1,))
                (dropout): Dropout(p=0.1, inplace=False)
              )
              (feed_forward_macaron): MultiLayeredConv1d(
                (w_1): Conv1d(192, 768, kernel_size=(3,), stride=(1,), padding=(1,))
                (w_2): Conv1d(768, 192, kernel_size=(3,), stride=(1,), padding=(1,))
                (dropout): Dropout(p=0.1, inplace=False)
              )
              (norm_ff): LayerNorm((192,), eps=1e-12, elementwise_affine=True)
              (norm_mha): LayerNorm((192,), eps=1e-12, elementwise_affine=True)
              (norm_ff_macaron): LayerNorm((192,), eps=1e-12, elementwise_affine=True)
              (dropout): Dropout(p=0.1, inplace=False)
            )
            (1): EncoderLayer(
              (self_attn): RelPositionMultiHeadedAttention(
                (linear_q): Linear(in_features=192, out_features=192, bias=True)
                (linear_k): Linear(in_features=192, out_features=192, bias=True)
                (linear_v): Linear(in_features=192, out_features=192, bias=True)
                (linear_out): Linear(in_features=192, out_features=192, bias=True)
                (dropout): Dropout(p=0.1, inplace=False)
                (q_norm): Identity()
                (k_norm): Identity()
                (linear_pos): Linear(in_features=192, out_features=192, bias=False)
              )
              (feed_forward): MultiLayeredConv1d(
                (w_1): Conv1d(192, 768, kernel_size=(3,), stride=(1,), padding=(1,))
                (w_2): Conv1d(768, 192, kernel_size=(3,), stride=(1,), padding=(1,))
                (dropout): Dropout(p=0.1, inplace=False)
              )
              (feed_forward_macaron): MultiLayeredConv1d(
                (w_1): Conv1d(192, 768, kernel_size=(3,), stride=(1,), padding=(1,))
                (w_2): Conv1d(768, 192, kernel_size=(3,), stride=(1,), padding=(1,))
                (dropout): Dropout(p=0.1, inplace=False)
              )
              (norm_ff): LayerNorm((192,), eps=1e-12, elementwise_affine=True)
              (norm_mha): LayerNorm((192,), eps=1e-12, elementwise_affine=True)
              (norm_ff_macaron): LayerNorm((192,), eps=1e-12, elementwise_affine=True)
              (dropout): Dropout(p=0.1, inplace=False)
            )
            (2): EncoderLayer(
              (self_attn): RelPositionMultiHeadedAttention(
                (linear_q): Linear(in_features=192, out_features=192, bias=True)
                (linear_k): Linear(in_features=192, out_features=192, bias=True)
                (linear_v): Linear(in_features=192, out_features=192, bias=True)
                (linear_out): Linear(in_features=192, out_features=192, bias=True)
                (dropout): Dropout(p=0.1, inplace=False)
                (q_norm): Identity()
                (k_norm): Identity()
                (linear_pos): Linear(in_features=192, out_features=192, bias=False)
              )
              (feed_forward): MultiLayeredConv1d(
                (w_1): Conv1d(192, 768, kernel_size=(3,), stride=(1,), padding=(1,))
                (w_2): Conv1d(768, 192, kernel_size=(3,), stride=(1,), padding=(1,))
                (dropout): Dropout(p=0.1, inplace=False)
              )
              (feed_forward_macaron): MultiLayeredConv1d(
                (w_1): Conv1d(192, 768, kernel_size=(3,), stride=(1,), padding=(1,))
                (w_2): Conv1d(768, 192, kernel_size=(3,), stride=(1,), padding=(1,))
                (dropout): Dropout(p=0.1, inplace=False)
              )
              (norm_ff): LayerNorm((192,), eps=1e-12, elementwise_affine=True)
              (norm_mha): LayerNorm((192,), eps=1e-12, elementwise_affine=True)
              (norm_ff_macaron): LayerNorm((192,), eps=1e-12, elementwise_affine=True)
              (dropout): Dropout(p=0.1, inplace=False)
            )
            (3): EncoderLayer(
              (self_attn): RelPositionMultiHeadedAttention(
                (linear_q): Linear(in_features=192, out_features=192, bias=True)
                (linear_k): Linear(in_features=192, out_features=192, bias=True)
                (linear_v): Linear(in_features=192, out_features=192, bias=True)
                (linear_out): Linear(in_features=192, out_features=192, bias=True)
                (dropout): Dropout(p=0.1, inplace=False)
                (q_norm): Identity()
                (k_norm): Identity()
                (linear_pos): Linear(in_features=192, out_features=192, bias=False)
              )
              (feed_forward): MultiLayeredConv1d(
                (w_1): Conv1d(192, 768, kernel_size=(3,), stride=(1,), padding=(1,))
                (w_2): Conv1d(768, 192, kernel_size=(3,), stride=(1,), padding=(1,))
                (dropout): Dropout(p=0.1, inplace=False)
              )
              (feed_forward_macaron): MultiLayeredConv1d(
                (w_1): Conv1d(192, 768, kernel_size=(3,), stride=(1,), padding=(1,))
                (w_2): Conv1d(768, 192, kernel_size=(3,), stride=(1,), padding=(1,))
                (dropout): Dropout(p=0.1, inplace=False)
              )
              (norm_ff): LayerNorm((192,), eps=1e-12, elementwise_affine=True)
              (norm_mha): LayerNorm((192,), eps=1e-12, elementwise_affine=True)
              (norm_ff_macaron): LayerNorm((192,), eps=1e-12, elementwise_affine=True)
              (dropout): Dropout(p=0.1, inplace=False)
            )
            (4): EncoderLayer(
              (self_attn): RelPositionMultiHeadedAttention(
                (linear_q): Linear(in_features=192, out_features=192, bias=True)
                (linear_k): Linear(in_features=192, out_features=192, bias=True)
                (linear_v): Linear(in_features=192, out_features=192, bias=True)
                (linear_out): Linear(in_features=192, out_features=192, bias=True)
                (dropout): Dropout(p=0.1, inplace=False)
                (q_norm): Identity()
                (k_norm): Identity()
                (linear_pos): Linear(in_features=192, out_features=192, bias=False)
              )
              (feed_forward): MultiLayeredConv1d(
                (w_1): Conv1d(192, 768, kernel_size=(3,), stride=(1,), padding=(1,))
                (w_2): Conv1d(768, 192, kernel_size=(3,), stride=(1,), padding=(1,))
                (dropout): Dropout(p=0.1, inplace=False)
              )
              (feed_forward_macaron): MultiLayeredConv1d(
                (w_1): Conv1d(192, 768, kernel_size=(3,), stride=(1,), padding=(1,))
                (w_2): Conv1d(768, 192, kernel_size=(3,), stride=(1,), padding=(1,))
                (dropout): Dropout(p=0.1, inplace=False)
              )
              (norm_ff): LayerNorm((192,), eps=1e-12, elementwise_affine=True)
              (norm_mha): LayerNorm((192,), eps=1e-12, elementwise_affine=True)
              (norm_ff_macaron): LayerNorm((192,), eps=1e-12, elementwise_affine=True)
              (dropout): Dropout(p=0.1, inplace=False)
            )
            (5): EncoderLayer(
              (self_attn): RelPositionMultiHeadedAttention(
                (linear_q): Linear(in_features=192, out_features=192, bias=True)
                (linear_k): Linear(in_features=192, out_features=192, bias=True)
                (linear_v): Linear(in_features=192, out_features=192, bias=True)
                (linear_out): Linear(in_features=192, out_features=192, bias=True)
                (dropout): Dropout(p=0.1, inplace=False)
                (q_norm): Identity()
                (k_norm): Identity()
                (linear_pos): Linear(in_features=192, out_features=192, bias=False)
              )
              (feed_forward): MultiLayeredConv1d(
                (w_1): Conv1d(192, 768, kernel_size=(3,), stride=(1,), padding=(1,))
                (w_2): Conv1d(768, 192, kernel_size=(3,), stride=(1,), padding=(1,))
                (dropout): Dropout(p=0.1, inplace=False)
              )
              (feed_forward_macaron): MultiLayeredConv1d(
                (w_1): Conv1d(192, 768, kernel_size=(3,), stride=(1,), padding=(1,))
                (w_2): Conv1d(768, 192, kernel_size=(3,), stride=(1,), padding=(1,))
                (dropout): Dropout(p=0.1, inplace=False)
              )
              (norm_ff): LayerNorm((192,), eps=1e-12, elementwise_affine=True)
              (norm_mha): LayerNorm((192,), eps=1e-12, elementwise_affine=True)
              (norm_ff_macaron): LayerNorm((192,), eps=1e-12, elementwise_affine=True)
              (dropout): Dropout(p=0.1, inplace=False)
            )
          )
          (after_norm): LayerNorm((192,), eps=1e-12, elementwise_affine=True)
        )
        (proj): Conv1d(192, 80, kernel_size=(1,), stride=(1,))
        (global_conv): Conv1d(256, 192, kernel_size=(1,), stride=(1,))
      )
      (prior_decoder): PriorDecoder(
        (prenet): Conv1d(194, 192, kernel_size=(3,), stride=(1,), padding=(1,))
        (decoder): Encoder(
          (embed): Sequential(
            (0): RelPositionalEncoding(
              (dropout): Dropout(p=0.0, inplace=False)
            )
          )
          (encoders): MultiSequential(
            (0): EncoderLayer(
              (self_attn): RelPositionMultiHeadedAttention(
                (linear_q): Linear(in_features=192, out_features=192, bias=True)
                (linear_k): Linear(in_features=192, out_features=192, bias=True)
                (linear_v): Linear(in_features=192, out_features=192, bias=True)
                (linear_out): Linear(in_features=192, out_features=192, bias=True)
                (dropout): Dropout(p=0.1, inplace=False)
                (q_norm): Identity()
                (k_norm): Identity()
                (linear_pos): Linear(in_features=192, out_features=192, bias=False)
              )
              (feed_forward): MultiLayeredConv1d(
                (w_1): Conv1d(192, 768, kernel_size=(3,), stride=(1,), padding=(1,))
                (w_2): Conv1d(768, 192, kernel_size=(3,), stride=(1,), padding=(1,))
                (dropout): Dropout(p=0.1, inplace=False)
              )
              (feed_forward_macaron): MultiLayeredConv1d(
                (w_1): Conv1d(192, 768, kernel_size=(3,), stride=(1,), padding=(1,))
                (w_2): Conv1d(768, 192, kernel_size=(3,), stride=(1,), padding=(1,))
                (dropout): Dropout(p=0.1, inplace=False)
              )
              (norm_ff): LayerNorm((192,), eps=1e-12, elementwise_affine=True)
              (norm_mha): LayerNorm((192,), eps=1e-12, elementwise_affine=True)
              (norm_ff_macaron): LayerNorm((192,), eps=1e-12, elementwise_affine=True)
              (dropout): Dropout(p=0.1, inplace=False)
            )
            (1): EncoderLayer(
              (self_attn): RelPositionMultiHeadedAttention(
                (linear_q): Linear(in_features=192, out_features=192, bias=True)
                (linear_k): Linear(in_features=192, out_features=192, bias=True)
                (linear_v): Linear(in_features=192, out_features=192, bias=True)
                (linear_out): Linear(in_features=192, out_features=192, bias=True)
                (dropout): Dropout(p=0.1, inplace=False)
                (q_norm): Identity()
                (k_norm): Identity()
                (linear_pos): Linear(in_features=192, out_features=192, bias=False)
              )
              (feed_forward): MultiLayeredConv1d(
                (w_1): Conv1d(192, 768, kernel_size=(3,), stride=(1,), padding=(1,))
                (w_2): Conv1d(768, 192, kernel_size=(3,), stride=(1,), padding=(1,))
                (dropout): Dropout(p=0.1, inplace=False)
              )
              (feed_forward_macaron): MultiLayeredConv1d(
                (w_1): Conv1d(192, 768, kernel_size=(3,), stride=(1,), padding=(1,))
                (w_2): Conv1d(768, 192, kernel_size=(3,), stride=(1,), padding=(1,))
                (dropout): Dropout(p=0.1, inplace=False)
              )
              (norm_ff): LayerNorm((192,), eps=1e-12, elementwise_affine=True)
              (norm_mha): LayerNorm((192,), eps=1e-12, elementwise_affine=True)
              (norm_ff_macaron): LayerNorm((192,), eps=1e-12, elementwise_affine=True)
              (dropout): Dropout(p=0.1, inplace=False)
            )
            (2): EncoderLayer(
              (self_attn): RelPositionMultiHeadedAttention(
                (linear_q): Linear(in_features=192, out_features=192, bias=True)
                (linear_k): Linear(in_features=192, out_features=192, bias=True)
                (linear_v): Linear(in_features=192, out_features=192, bias=True)
                (linear_out): Linear(in_features=192, out_features=192, bias=True)
                (dropout): Dropout(p=0.1, inplace=False)
                (q_norm): Identity()
                (k_norm): Identity()
                (linear_pos): Linear(in_features=192, out_features=192, bias=False)
              )
              (feed_forward): MultiLayeredConv1d(
                (w_1): Conv1d(192, 768, kernel_size=(3,), stride=(1,), padding=(1,))
                (w_2): Conv1d(768, 192, kernel_size=(3,), stride=(1,), padding=(1,))
                (dropout): Dropout(p=0.1, inplace=False)
              )
              (feed_forward_macaron): MultiLayeredConv1d(
                (w_1): Conv1d(192, 768, kernel_size=(3,), stride=(1,), padding=(1,))
                (w_2): Conv1d(768, 192, kernel_size=(3,), stride=(1,), padding=(1,))
                (dropout): Dropout(p=0.1, inplace=False)
              )
              (norm_ff): LayerNorm((192,), eps=1e-12, elementwise_affine=True)
              (norm_mha): LayerNorm((192,), eps=1e-12, elementwise_affine=True)
              (norm_ff_macaron): LayerNorm((192,), eps=1e-12, elementwise_affine=True)
              (dropout): Dropout(p=0.1, inplace=False)
            )
            (3): EncoderLayer(
              (self_attn): RelPositionMultiHeadedAttention(
                (linear_q): Linear(in_features=192, out_features=192, bias=True)
                (linear_k): Linear(in_features=192, out_features=192, bias=True)
                (linear_v): Linear(in_features=192, out_features=192, bias=True)
                (linear_out): Linear(in_features=192, out_features=192, bias=True)
                (dropout): Dropout(p=0.1, inplace=False)
                (q_norm): Identity()
                (k_norm): Identity()
                (linear_pos): Linear(in_features=192, out_features=192, bias=False)
              )
              (feed_forward): MultiLayeredConv1d(
                (w_1): Conv1d(192, 768, kernel_size=(3,), stride=(1,), padding=(1,))
                (w_2): Conv1d(768, 192, kernel_size=(3,), stride=(1,), padding=(1,))
                (dropout): Dropout(p=0.1, inplace=False)
              )
              (feed_forward_macaron): MultiLayeredConv1d(
                (w_1): Conv1d(192, 768, kernel_size=(3,), stride=(1,), padding=(1,))
                (w_2): Conv1d(768, 192, kernel_size=(3,), stride=(1,), padding=(1,))
                (dropout): Dropout(p=0.1, inplace=False)
              )
              (norm_ff): LayerNorm((192,), eps=1e-12, elementwise_affine=True)
              (norm_mha): LayerNorm((192,), eps=1e-12, elementwise_affine=True)
              (norm_ff_macaron): LayerNorm((192,), eps=1e-12, elementwise_affine=True)
              (dropout): Dropout(p=0.1, inplace=False)
            )
            (4): EncoderLayer(
              (self_attn): RelPositionMultiHeadedAttention(
                (linear_q): Linear(in_features=192, out_features=192, bias=True)
                (linear_k): Linear(in_features=192, out_features=192, bias=True)
                (linear_v): Linear(in_features=192, out_features=192, bias=True)
                (linear_out): Linear(in_features=192, out_features=192, bias=True)
                (dropout): Dropout(p=0.1, inplace=False)
                (q_norm): Identity()
                (k_norm): Identity()
                (linear_pos): Linear(in_features=192, out_features=192, bias=False)
              )
              (feed_forward): MultiLayeredConv1d(
                (w_1): Conv1d(192, 768, kernel_size=(3,), stride=(1,), padding=(1,))
                (w_2): Conv1d(768, 192, kernel_size=(3,), stride=(1,), padding=(1,))
                (dropout): Dropout(p=0.1, inplace=False)
              )
              (feed_forward_macaron): MultiLayeredConv1d(
                (w_1): Conv1d(192, 768, kernel_size=(3,), stride=(1,), padding=(1,))
                (w_2): Conv1d(768, 192, kernel_size=(3,), stride=(1,), padding=(1,))
                (dropout): Dropout(p=0.1, inplace=False)
              )
              (norm_ff): LayerNorm((192,), eps=1e-12, elementwise_affine=True)
              (norm_mha): LayerNorm((192,), eps=1e-12, elementwise_affine=True)
              (norm_ff_macaron): LayerNorm((192,), eps=1e-12, elementwise_affine=True)
              (dropout): Dropout(p=0.1, inplace=False)
            )
            (5): EncoderLayer(
              (self_attn): RelPositionMultiHeadedAttention(
                (linear_q): Linear(in_features=192, out_features=192, bias=True)
                (linear_k): Linear(in_features=192, out_features=192, bias=True)
                (linear_v): Linear(in_features=192, out_features=192, bias=True)
                (linear_out): Linear(in_features=192, out_features=192, bias=True)
                (dropout): Dropout(p=0.1, inplace=False)
                (q_norm): Identity()
                (k_norm): Identity()
                (linear_pos): Linear(in_features=192, out_features=192, bias=False)
              )
              (feed_forward): MultiLayeredConv1d(
                (w_1): Conv1d(192, 768, kernel_size=(3,), stride=(1,), padding=(1,))
                (w_2): Conv1d(768, 192, kernel_size=(3,), stride=(1,), padding=(1,))
                (dropout): Dropout(p=0.1, inplace=False)
              )
              (feed_forward_macaron): MultiLayeredConv1d(
                (w_1): Conv1d(192, 768, kernel_size=(3,), stride=(1,), padding=(1,))
                (w_2): Conv1d(768, 192, kernel_size=(3,), stride=(1,), padding=(1,))
                (dropout): Dropout(p=0.1, inplace=False)
              )
              (norm_ff): LayerNorm((192,), eps=1e-12, elementwise_affine=True)
              (norm_mha): LayerNorm((192,), eps=1e-12, elementwise_affine=True)
              (norm_ff_macaron): LayerNorm((192,), eps=1e-12, elementwise_affine=True)
              (dropout): Dropout(p=0.1, inplace=False)
            )
          )
          (after_norm): LayerNorm((192,), eps=1e-12, elementwise_affine=True)
        )
        (proj): Conv1d(192, 384, kernel_size=(1,), stride=(1,))
        (conv): Conv1d(256, 192, kernel_size=(1,), stride=(1,))
      )
      (global_emb): Embedding(2, 256)
      (dropout): Dropout(p=0.2, inplace=False)
    )
    (discriminator): VISinger2Discriminator(
      (msd): HiFiGANMultiScaleDiscriminator(
        (discriminators): ModuleList(
          (0): HiFiGANScaleDiscriminator(
            (layers): ModuleList(
              (0): Sequential(
                (0): Conv1d(1, 128, kernel_size=(15,), stride=(1,), padding=(7,))
                (1): LeakyReLU(negative_slope=0.1)
              )
              (1): Sequential(
                (0): Conv1d(128, 128, kernel_size=(41,), stride=(4,), padding=(20,), groups=4)
                (1): LeakyReLU(negative_slope=0.1)
              )
              (2): Sequential(
                (0): Conv1d(128, 256, kernel_size=(41,), stride=(4,), padding=(20,), groups=16)
                (1): LeakyReLU(negative_slope=0.1)
              )
              (3): Sequential(
                (0): Conv1d(256, 512, kernel_size=(41,), stride=(4,), padding=(20,), groups=64)
                (1): LeakyReLU(negative_slope=0.1)
              )
              (4): Sequential(
                (0): Conv1d(512, 1024, kernel_size=(41,), stride=(4,), padding=(20,), groups=256)
                (1): LeakyReLU(negative_slope=0.1)
              )
              (5): Sequential(
                (0): Conv1d(1024, 1024, kernel_size=(5,), stride=(1,), padding=(2,))
                (1): LeakyReLU(negative_slope=0.1)
              )
              (6): Conv1d(1024, 1, kernel_size=(3,), stride=(1,), padding=(1,))
            )
          )
        )
      )
      (mpd): HiFiGANMultiPeriodDiscriminator(
        (discriminators): ModuleList(
          (0-4): 5 x HiFiGANPeriodDiscriminator(
            (convs): ModuleList(
              (0): Sequential(
                (0): Conv2d(1, 32, kernel_size=(5, 1), stride=(3, 1), padding=(2, 0))
                (1): LeakyReLU(negative_slope=0.1)
              )
              (1): Sequential(
                (0): Conv2d(32, 128, kernel_size=(5, 1), stride=(3, 1), padding=(2, 0))
                (1): LeakyReLU(negative_slope=0.1)
              )
              (2): Sequential(
                (0): Conv2d(128, 512, kernel_size=(5, 1), stride=(3, 1), padding=(2, 0))
                (1): LeakyReLU(negative_slope=0.1)
              )
              (3): Sequential(
                (0): Conv2d(512, 1024, kernel_size=(5, 1), stride=(3, 1), padding=(2, 0))
                (1): LeakyReLU(negative_slope=0.1)
              )
              (4): Sequential(
                (0): Conv2d(1024, 1024, kernel_size=(5, 1), stride=(1, 1), padding=(2, 0))
                (1): LeakyReLU(negative_slope=0.1)
              )
            )
            (output_conv): Conv2d(1024, 1, kernel_size=(2, 1), stride=(1, 1), padding=(1, 0))
          )
        )
      )
      (mfd): MultiFrequencyDiscriminator(
        (stfts): ModuleList(
          (0-5): 6 x TorchSTFT(
            (mel_scale): MelScale()
          )
        )
        (discriminators): ModuleList(
          (0-4): 5 x BaseFrequenceDiscriminator(
            (discriminators): ModuleList(
              (0): Sequential(
                (0): LeakyReLU(negative_slope=0.2, inplace=True)
                (1): ReflectionPad2d((1, 1, 1, 1))
                (2): Conv2d(2, 8, kernel_size=(3, 3), stride=(1, 1))
              )
              (1): Sequential(
                (0): LeakyReLU(negative_slope=0.2, inplace=True)
                (1): ReflectionPad2d((1, 1, 1, 1))
                (2): Conv2d(8, 16, kernel_size=(3, 3), stride=(2, 2))
              )
              (2): Sequential(
                (0): LeakyReLU(negative_slope=0.2, inplace=True)
                (1): ReflectionPad2d((1, 1, 1, 1))
                (2): Conv2d(16, 32, kernel_size=(3, 3), stride=(1, 1))
              )
              (3): Sequential(
                (0): LeakyReLU(negative_slope=0.2, inplace=True)
                (1): ReflectionPad2d((1, 1, 1, 1))
                (2): Conv2d(32, 64, kernel_size=(3, 3), stride=(2, 2))
              )
              (4): Sequential(
                (0): LeakyReLU(negative_slope=0.2, inplace=True)
                (1): ReflectionPad2d((1, 1, 1, 1))
                (2): Conv2d(64, 128, kernel_size=(3, 3), stride=(1, 1))
              )
              (5): Sequential(
                (0): LeakyReLU(negative_slope=0.2, inplace=True)
                (1): ReflectionPad2d((1, 1, 1, 1))
                (2): Conv2d(128, 256, kernel_size=(3, 3), stride=(2, 2))
              )
              (6): Sequential(
                (0): Identity()
                (1): ReflectionPad2d((1, 1, 1, 1))
                (2): Conv2d(256, 1, kernel_size=(3, 3), stride=(1, 1))
              )
            )
          )
        )
      )
    )
    (generator_adv_loss): GeneratorAdversarialLoss()
    (discriminator_adv_loss): DiscriminatorAdversarialLoss()
    (feat_match_loss): FeatureMatchLoss()
    (mel_loss): MelSpectrogramLoss(
      (wav_to_mel): LogMelFbank(
        (stft): Stft(n_fft=2048, win_length=2048, hop_length=256, center=True, normalized=False, onesided=True)
        (logmel): LogMel(sr=24000, n_fft=2048, n_mels=80, fmin=0, fmax=22050, htk=False)
      )
    )
    (kl_loss): KLDivergenceLossWithoutFlow()
    (ctc_loss): CTCLoss()
    (mse_loss): MSELoss()
    (adaptive_pool): AdaptiveAvgPool1d(output_size=1)
  )
)

Model summary:
    Class Name: ESPnetGANSVSModel
    Total Number of model parameters: 118.81 M
    Number of trainable parameters: 118.81 M (100.0%)
    Size: 475.25 MB
    Type: torch.float32
Optimizer:
AdamW (
Parameter Group 0
    amsgrad: False
    betas: [0.8, 0.99]
    capturable: False
    differentiable: False
    eps: 1e-09
    foreach: None
    fused: None
    initial_lr: 0.0002
    lr: 0.0002
    maximize: False
    weight_decay: 0.0
)
Scheduler: <torch.optim.lr_scheduler.ExponentialLR object at 0x7fb41cb32f20>
Optimizer2:
AdamW (
Parameter Group 0
    amsgrad: False
    betas: [0.8, 0.99]
    capturable: False
    differentiable: False
    eps: 1e-09
    foreach: None
    fused: None
    initial_lr: 0.0002
    lr: 0.0002
    maximize: False
    weight_decay: 0.0
)
Scheduler2: <torch.optim.lr_scheduler.ExponentialLR object at 0x7fb41cb32fe0>
Saving the configuration in exp/svs_train_raw_phn_None_zh/config.yaml
[train] dataset:
ESPnetDataset(
  text: {"path": "dump/raw/tr_no_dev/text", "type": "text"}
  singing: {"path": "dump/raw/tr_no_dev/wav.scp", "type": "sound"}
  label: {"path": "dump/raw/tr_no_dev/label", "type": "duration"}
  score: {"path": "dump/raw/tr_no_dev/score.scp", "type": "score"}
  pitch: {"path": "exp/svs_stats_raw_phn_None_zh/train/collect_feats/pitch.scp", "type": "npy"}
  feats: {"path": "exp/svs_stats_raw_phn_None_zh/train/collect_feats/feats.scp", "type": "npy"}
  sids: {"path": "dump/raw/tr_no_dev/utt2sid", "type": "text_int"}
  preprocess: <espnet2.train.preprocessor.SVSPreprocessor object at 0x7fb4178c25c0>)
[train] Batch sampler: SortedBatchSampler(N-batch=601, batch_size=4, shape_file=exp/svs_stats_raw_phn_None_zh/train/text_shape.phn, sort_in_batch=descending, sort_batch=descending)
[train] mini-batch sizes summary: N-batch=601, mean=4.0, min=4, max=5
[valid] dataset:
ESPnetDataset(
  text: {"path": "dump/raw/dev/text", "type": "text"}
  singing: {"path": "dump/raw/dev/wav.scp", "type": "sound"}
  label: {"path": "dump/raw/dev/label", "type": "duration"}
  score: {"path": "dump/raw/dev/score.scp", "type": "score"}
  pitch: {"path": "exp/svs_stats_raw_phn_None_zh/valid/collect_feats/pitch.scp", "type": "npy"}
  feats: {"path": "exp/svs_stats_raw_phn_None_zh/valid/collect_feats/feats.scp", "type": "npy"}
  sids: {"path": "dump/raw/dev/utt2sid", "type": "text_int"}
  preprocess: <espnet2.train.preprocessor.SVSPreprocessor object at 0x7fb4178c2b30>)
[valid] Batch sampler: SortedBatchSampler(N-batch=26, batch_size=4, shape_file=exp/svs_stats_raw_phn_None_zh/valid/text_shape.phn, sort_in_batch=descending, sort_batch=descending)
[valid] mini-batch sizes summary: N-batch=26, mean=4.0, min=4, max=5
[plot_att] dataset:
ESPnetDataset(
  text: {"path": "dump/raw/dev/text", "type": "text"}
  singing: {"path": "dump/raw/dev/wav.scp", "type": "sound"}
  label: {"path": "dump/raw/dev/label", "type": "duration"}
  score: {"path": "dump/raw/dev/score.scp", "type": "score"}
  pitch: {"path": "exp/svs_stats_raw_phn_None_zh/valid/collect_feats/pitch.scp", "type": "npy"}
  feats: {"path": "exp/svs_stats_raw_phn_None_zh/valid/collect_feats/feats.scp", "type": "npy"}
  sids: {"path": "dump/raw/dev/utt2sid", "type": "text_int"}
  preprocess: <espnet2.train.preprocessor.SVSPreprocessor object at 0x7fb4178c3640>)
[plot_att] Batch sampler: UnsortedBatchSampler(N-batch=105, batch_size=1, key_file=exp/svs_stats_raw_phn_None_zh/valid/text_shape.phn, 
[plot_att] mini-batch sizes summary: N-batch=3, mean=1.0, min=1, max=1
1/200epoch started
/data6/arllan/miniconda/envs/espnetenv/espnetenv/lib/python3.10/site-packages/torch/nn/modules/conv.py:306: UserWarning: Plan failed with a cudnnException: CUDNN_BACKEND_EXECUTION_PLAN_DESCRIPTOR: cudnnFinalize Descriptor Failed cudnn_status: CUDNN_STATUS_NOT_SUPPORTED (Triggered internally at ../aten/src/ATen/native/cudnn/Conv_v8.cpp:919.)
  return F.conv1d(input, weight, bias, self.stride,
/data6/arllan/miniconda/envs/espnetenv/espnetenv/lib/python3.10/site-packages/torch/nn/modules/conv.py:456: UserWarning: Plan failed with a cudnnException: CUDNN_BACKEND_EXECUTION_PLAN_DESCRIPTOR: cudnnFinalize Descriptor Failed cudnn_status: CUDNN_STATUS_NOT_SUPPORTED (Triggered internally at ../aten/src/ATen/native/cudnn/Conv_v8.cpp:919.)
  return F.conv2d(input, weight, bias, self.stride,
/data6/arllan/miniconda/envs/espnetenv/espnetenv/lib/python3.10/site-packages/torch/autograd/graph.py:744: UserWarning: Plan failed with a cudnnException: CUDNN_BACKEND_EXECUTION_PLAN_DESCRIPTOR: cudnnFinalize Descriptor Failed cudnn_status: CUDNN_STATUS_NOT_SUPPORTED (Triggered internally at ../aten/src/ATen/native/cudnn/Conv_v8.cpp:919.)
  return Variable._execution_engine.run_backward(  # Calls into the C++ engine to run the backward pass
../aten/src/ATen/native/cuda/Indexing.cu:1236: indexSelectSmallIndex: block: [1,0,0], thread: [96,0,0] Assertion `srcIndex < srcSelectDimSize` failed.
../aten/src/ATen/native/cuda/Indexing.cu:1236: indexSelectSmallIndex: block: [1,0,0], thread: [97,0,0] Assertion `srcIndex < srcSelectDimSize` failed.
../aten/src/ATen/native/cuda/Indexing.cu:1236: indexSelectSmallIndex: block: [1,0,0], thread: [98,0,0] Assertion `srcIndex < srcSelectDimSize` failed.
../aten/src/ATen/native/cuda/Indexing.cu:1236: indexSelectSmallIndex: block: [1,0,0], thread: [99,0,0] Assertion `srcIndex < srcSelectDimSize` failed.
../aten/src/ATen/native/cuda/Indexing.cu:1236: indexSelectSmallIndex: block: [1,0,0], thread: [100,0,0] Assertion `srcIndex < srcSelectDimSize` failed.
../aten/src/ATen/native/cuda/Indexing.cu:1236: indexSelectSmallIndex: block: [1,0,0], thread: [101,0,0] Assertion `srcIndex < srcSelectDimSize` failed.
../aten/src/ATen/native/cuda/Indexing.cu:1236: indexSelectSmallIndex: block: [1,0,0], thread: [102,0,0] Assertion `srcIndex < srcSelectDimSize` failed.
../aten/src/ATen/native/cuda/Indexing.cu:1236: indexSelectSmallIndex: block: [1,0,0], thread: [103,0,0] Assertion `srcIndex < srcSelectDimSize` failed.
../aten/src/ATen/native/cuda/Indexing.cu:1236: indexSelectSmallIndex: block: [1,0,0], thread: [104,0,0] Assertion `srcIndex < srcSelectDimSize` failed.
../aten/src/ATen/native/cuda/Indexing.cu:1236: indexSelectSmallIndex: block: [1,0,0], thread: [105,0,0] Assertion `srcIndex < srcSelectDimSize` failed.
../aten/src/ATen/native/cuda/Indexing.cu:1236: indexSelectSmallIndex: block: [1,0,0], thread: [106,0,0] Assertion `srcIndex < srcSelectDimSize` failed.
../aten/src/ATen/native/cuda/Indexing.cu:1236: indexSelectSmallIndex: block: [1,0,0], thread: [107,0,0] Assertion `srcIndex < srcSelectDimSize` failed.
../aten/src/ATen/native/cuda/Indexing.cu:1236: indexSelectSmallIndex: block: [1,0,0], thread: [108,0,0] Assertion `srcIndex < srcSelectDimSize` failed.
../aten/src/ATen/native/cuda/Indexing.cu:1236: indexSelectSmallIndex: block: [1,0,0], thread: [109,0,0] Assertion `srcIndex < srcSelectDimSize` failed.
../aten/src/ATen/native/cuda/Indexing.cu:1236: indexSelectSmallIndex: block: [1,0,0], thread: [110,0,0] Assertion `srcIndex < srcSelectDimSize` failed.
../aten/src/ATen/native/cuda/Indexing.cu:1236: indexSelectSmallIndex: block: [1,0,0], thread: [111,0,0] Assertion `srcIndex < srcSelectDimSize` failed.
../aten/src/ATen/native/cuda/Indexing.cu:1236: indexSelectSmallIndex: block: [1,0,0], thread: [112,0,0] Assertion `srcIndex < srcSelectDimSize` failed.
../aten/src/ATen/native/cuda/Indexing.cu:1236: indexSelectSmallIndex: block: [1,0,0], thread: [113,0,0] Assertion `srcIndex < srcSelectDimSize` failed.
../aten/src/ATen/native/cuda/Indexing.cu:1236: indexSelectSmallIndex: block: [1,0,0], thread: [114,0,0] Assertion `srcIndex < srcSelectDimSize` failed.
../aten/src/ATen/native/cuda/Indexing.cu:1236: indexSelectSmallIndex: block: [1,0,0], thread: [115,0,0] Assertion `srcIndex < srcSelectDimSize` failed.
../aten/src/ATen/native/cuda/Indexing.cu:1236: indexSelectSmallIndex: block: [1,0,0], thread: [116,0,0] Assertion `srcIndex < srcSelectDimSize` failed.
../aten/src/ATen/native/cuda/Indexing.cu:1236: indexSelectSmallIndex: block: [1,0,0], thread: [117,0,0] Assertion `srcIndex < srcSelectDimSize` failed.
../aten/src/ATen/native/cuda/Indexing.cu:1236: indexSelectSmallIndex: block: [1,0,0], thread: [118,0,0] Assertion `srcIndex < srcSelectDimSize` failed.
../aten/src/ATen/native/cuda/Indexing.cu:1236: indexSelectSmallIndex: block: [1,0,0], thread: [119,0,0] Assertion `srcIndex < srcSelectDimSize` failed.
../aten/src/ATen/native/cuda/Indexing.cu:1236: indexSelectSmallIndex: block: [1,0,0], thread: [120,0,0] Assertion `srcIndex < srcSelectDimSize` failed.
../aten/src/ATen/native/cuda/Indexing.cu:1236: indexSelectSmallIndex: block: [1,0,0], thread: [121,0,0] Assertion `srcIndex < srcSelectDimSize` failed.
../aten/src/ATen/native/cuda/Indexing.cu:1236: indexSelectSmallIndex: block: [1,0,0], thread: [122,0,0] Assertion `srcIndex < srcSelectDimSize` failed.
../aten/src/ATen/native/cuda/Indexing.cu:1236: indexSelectSmallIndex: block: [1,0,0], thread: [123,0,0] Assertion `srcIndex < srcSelectDimSize` failed.
../aten/src/ATen/native/cuda/Indexing.cu:1236: indexSelectSmallIndex: block: [1,0,0], thread: [124,0,0] Assertion `srcIndex < srcSelectDimSize` failed.
../aten/src/ATen/native/cuda/Indexing.cu:1236: indexSelectSmallIndex: block: [1,0,0], thread: [125,0,0] Assertion `srcIndex < srcSelectDimSize` failed.
../aten/src/ATen/native/cuda/Indexing.cu:1236: indexSelectSmallIndex: block: [1,0,0], thread: [126,0,0] Assertion `srcIndex < srcSelectDimSize` failed.
../aten/src/ATen/native/cuda/Indexing.cu:1236: indexSelectSmallIndex: block: [1,0,0], thread: [127,0,0] Assertion `srcIndex < srcSelectDimSize` failed.
../aten/src/ATen/native/cuda/Indexing.cu:1236: indexSelectSmallIndex: block: [1,0,0], thread: [0,0,0] Assertion `srcIndex < srcSelectDimSize` failed.
../aten/src/ATen/native/cuda/Indexing.cu:1236: indexSelectSmallIndex: block: [1,0,0], thread: [1,0,0] Assertion `srcIndex < srcSelectDimSize` failed.
../aten/src/ATen/native/cuda/Indexing.cu:1236: indexSelectSmallIndex: block: [1,0,0], thread: [2,0,0] Assertion `srcIndex < srcSelectDimSize` failed.
../aten/src/ATen/native/cuda/Indexing.cu:1236: indexSelectSmallIndex: block: [1,0,0], thread: [3,0,0] Assertion `srcIndex < srcSelectDimSize` failed.
../aten/src/ATen/native/cuda/Indexing.cu:1236: indexSelectSmallIndex: block: [1,0,0], thread: [4,0,0] Assertion `srcIndex < srcSelectDimSize` failed.
../aten/src/ATen/native/cuda/Indexing.cu:1236: indexSelectSmallIndex: block: [1,0,0], thread: [5,0,0] Assertion `srcIndex < srcSelectDimSize` failed.
../aten/src/ATen/native/cuda/Indexing.cu:1236: indexSelectSmallIndex: block: [1,0,0], thread: [6,0,0] Assertion `srcIndex < srcSelectDimSize` failed.
../aten/src/ATen/native/cuda/Indexing.cu:1236: indexSelectSmallIndex: block: [1,0,0], thread: [7,0,0] Assertion `srcIndex < srcSelectDimSize` failed.
../aten/src/ATen/native/cuda/Indexing.cu:1236: indexSelectSmallIndex: block: [1,0,0], thread: [8,0,0] Assertion `srcIndex < srcSelectDimSize` failed.
../aten/src/ATen/native/cuda/Indexing.cu:1236: indexSelectSmallIndex: block: [1,0,0], thread: [9,0,0] Assertion `srcIndex < srcSelectDimSize` failed.
../aten/src/ATen/native/cuda/Indexing.cu:1236: indexSelectSmallIndex: block: [1,0,0], thread: [10,0,0] Assertion `srcIndex < srcSelectDimSize` failed.
../aten/src/ATen/native/cuda/Indexing.cu:1236: indexSelectSmallIndex: block: [1,0,0], thread: [11,0,0] Assertion `srcIndex < srcSelectDimSize` failed.
../aten/src/ATen/native/cuda/Indexing.cu:1236: indexSelectSmallIndex: block: [1,0,0], thread: [12,0,0] Assertion `srcIndex < srcSelectDimSize` failed.
../aten/src/ATen/native/cuda/Indexing.cu:1236: indexSelectSmallIndex: block: [1,0,0], thread: [13,0,0] Assertion `srcIndex < srcSelectDimSize` failed.
../aten/src/ATen/native/cuda/Indexing.cu:1236: indexSelectSmallIndex: block: [1,0,0], thread: [14,0,0] Assertion `srcIndex < srcSelectDimSize` failed.
../aten/src/ATen/native/cuda/Indexing.cu:1236: indexSelectSmallIndex: block: [1,0,0], thread: [15,0,0] Assertion `srcIndex < srcSelectDimSize` failed.
../aten/src/ATen/native/cuda/Indexing.cu:1236: indexSelectSmallIndex: block: [1,0,0], thread: [16,0,0] Assertion `srcIndex < srcSelectDimSize` failed.
../aten/src/ATen/native/cuda/Indexing.cu:1236: indexSelectSmallIndex: block: [1,0,0], thread: [17,0,0] Assertion `srcIndex < srcSelectDimSize` failed.
../aten/src/ATen/native/cuda/Indexing.cu:1236: indexSelectSmallIndex: block: [1,0,0], thread: [18,0,0] Assertion `srcIndex < srcSelectDimSize` failed.
../aten/src/ATen/native/cuda/Indexing.cu:1236: indexSelectSmallIndex: block: [1,0,0], thread: [19,0,0] Assertion `srcIndex < srcSelectDimSize` failed.
../aten/src/ATen/native/cuda/Indexing.cu:1236: indexSelectSmallIndex: block: [1,0,0], thread: [20,0,0] Assertion `srcIndex < srcSelectDimSize` failed.
../aten/src/ATen/native/cuda/Indexing.cu:1236: indexSelectSmallIndex: block: [1,0,0], thread: [21,0,0] Assertion `srcIndex < srcSelectDimSize` failed.
../aten/src/ATen/native/cuda/Indexing.cu:1236: indexSelectSmallIndex: block: [1,0,0], thread: [22,0,0] Assertion `srcIndex < srcSelectDimSize` failed.
../aten/src/ATen/native/cuda/Indexing.cu:1236: indexSelectSmallIndex: block: [1,0,0], thread: [23,0,0] Assertion `srcIndex < srcSelectDimSize` failed.
../aten/src/ATen/native/cuda/Indexing.cu:1236: indexSelectSmallIndex: block: [1,0,0], thread: [24,0,0] Assertion `srcIndex < srcSelectDimSize` failed.
../aten/src/ATen/native/cuda/Indexing.cu:1236: indexSelectSmallIndex: block: [1,0,0], thread: [25,0,0] Assertion `srcIndex < srcSelectDimSize` failed.
../aten/src/ATen/native/cuda/Indexing.cu:1236: indexSelectSmallIndex: block: [1,0,0], thread: [26,0,0] Assertion `srcIndex < srcSelectDimSize` failed.
../aten/src/ATen/native/cuda/Indexing.cu:1236: indexSelectSmallIndex: block: [1,0,0], thread: [27,0,0] Assertion `srcIndex < srcSelectDimSize` failed.
../aten/src/ATen/native/cuda/Indexing.cu:1236: indexSelectSmallIndex: block: [1,0,0], thread: [28,0,0] Assertion `srcIndex < srcSelectDimSize` failed.
../aten/src/ATen/native/cuda/Indexing.cu:1236: indexSelectSmallIndex: block: [1,0,0], thread: [29,0,0] Assertion `srcIndex < srcSelectDimSize` failed.
../aten/src/ATen/native/cuda/Indexing.cu:1236: indexSelectSmallIndex: block: [1,0,0], thread: [30,0,0] Assertion `srcIndex < srcSelectDimSize` failed.
../aten/src/ATen/native/cuda/Indexing.cu:1236: indexSelectSmallIndex: block: [1,0,0], thread: [31,0,0] Assertion `srcIndex < srcSelectDimSize` failed.
../aten/src/ATen/native/cuda/Indexing.cu:1236: indexSelectSmallIndex: block: [1,0,0], thread: [32,0,0] Assertion `srcIndex < srcSelectDimSize` failed.
../aten/src/ATen/native/cuda/Indexing.cu:1236: indexSelectSmallIndex: block: [1,0,0], thread: [33,0,0] Assertion `srcIndex < srcSelectDimSize` failed.
../aten/src/ATen/native/cuda/Indexing.cu:1236: indexSelectSmallIndex: block: [1,0,0], thread: [34,0,0] Assertion `srcIndex < srcSelectDimSize` failed.
../aten/src/ATen/native/cuda/Indexing.cu:1236: indexSelectSmallIndex: block: [1,0,0], thread: [35,0,0] Assertion `srcIndex < srcSelectDimSize` failed.
../aten/src/ATen/native/cuda/Indexing.cu:1236: indexSelectSmallIndex: block: [1,0,0], thread: [36,0,0] Assertion `srcIndex < srcSelectDimSize` failed.
../aten/src/ATen/native/cuda/Indexing.cu:1236: indexSelectSmallIndex: block: [1,0,0], thread: [37,0,0] Assertion `srcIndex < srcSelectDimSize` failed.
../aten/src/ATen/native/cuda/Indexing.cu:1236: indexSelectSmallIndex: block: [1,0,0], thread: [38,0,0] Assertion `srcIndex < srcSelectDimSize` failed.
../aten/src/ATen/native/cuda/Indexing.cu:1236: indexSelectSmallIndex: block: [1,0,0], thread: [39,0,0] Assertion `srcIndex < srcSelectDimSize` failed.
../aten/src/ATen/native/cuda/Indexing.cu:1236: indexSelectSmallIndex: block: [1,0,0], thread: [40,0,0] Assertion `srcIndex < srcSelectDimSize` failed.
../aten/src/ATen/native/cuda/Indexing.cu:1236: indexSelectSmallIndex: block: [1,0,0], thread: [41,0,0] Assertion `srcIndex < srcSelectDimSize` failed.
../aten/src/ATen/native/cuda/Indexing.cu:1236: indexSelectSmallIndex: block: [1,0,0], thread: [42,0,0] Assertion `srcIndex < srcSelectDimSize` failed.
../aten/src/ATen/native/cuda/Indexing.cu:1236: indexSelectSmallIndex: block: [1,0,0], thread: [43,0,0] Assertion `srcIndex < srcSelectDimSize` failed.
../aten/src/ATen/native/cuda/Indexing.cu:1236: indexSelectSmallIndex: block: [1,0,0], thread: [44,0,0] Assertion `srcIndex < srcSelectDimSize` failed.
../aten/src/ATen/native/cuda/Indexing.cu:1236: indexSelectSmallIndex: block: [1,0,0], thread: [45,0,0] Assertion `srcIndex < srcSelectDimSize` failed.
../aten/src/ATen/native/cuda/Indexing.cu:1236: indexSelectSmallIndex: block: [1,0,0], thread: [46,0,0] Assertion `srcIndex < srcSelectDimSize` failed.
../aten/src/ATen/native/cuda/Indexing.cu:1236: indexSelectSmallIndex: block: [1,0,0], thread: [47,0,0] Assertion `srcIndex < srcSelectDimSize` failed.
../aten/src/ATen/native/cuda/Indexing.cu:1236: indexSelectSmallIndex: block: [1,0,0], thread: [48,0,0] Assertion `srcIndex < srcSelectDimSize` failed.
../aten/src/ATen/native/cuda/Indexing.cu:1236: indexSelectSmallIndex: block: [1,0,0], thread: [49,0,0] Assertion `srcIndex < srcSelectDimSize` failed.
../aten/src/ATen/native/cuda/Indexing.cu:1236: indexSelectSmallIndex: block: [1,0,0], thread: [50,0,0] Assertion `srcIndex < srcSelectDimSize` failed.
../aten/src/ATen/native/cuda/Indexing.cu:1236: indexSelectSmallIndex: block: [1,0,0], thread: [51,0,0] Assertion `srcIndex < srcSelectDimSize` failed.
../aten/src/ATen/native/cuda/Indexing.cu:1236: indexSelectSmallIndex: block: [1,0,0], thread: [52,0,0] Assertion `srcIndex < srcSelectDimSize` failed.
../aten/src/ATen/native/cuda/Indexing.cu:1236: indexSelectSmallIndex: block: [1,0,0], thread: [53,0,0] Assertion `srcIndex < srcSelectDimSize` failed.
../aten/src/ATen/native/cuda/Indexing.cu:1236: indexSelectSmallIndex: block: [1,0,0], thread: [54,0,0] Assertion `srcIndex < srcSelectDimSize` failed.
../aten/src/ATen/native/cuda/Indexing.cu:1236: indexSelectSmallIndex: block: [1,0,0], thread: [55,0,0] Assertion `srcIndex < srcSelectDimSize` failed.
../aten/src/ATen/native/cuda/Indexing.cu:1236: indexSelectSmallIndex: block: [1,0,0], thread: [56,0,0] Assertion `srcIndex < srcSelectDimSize` failed.
../aten/src/ATen/native/cuda/Indexing.cu:1236: indexSelectSmallIndex: block: [1,0,0], thread: [57,0,0] Assertion `srcIndex < srcSelectDimSize` failed.
../aten/src/ATen/native/cuda/Indexing.cu:1236: indexSelectSmallIndex: block: [1,0,0], thread: [58,0,0] Assertion `srcIndex < srcSelectDimSize` failed.
../aten/src/ATen/native/cuda/Indexing.cu:1236: indexSelectSmallIndex: block: [1,0,0], thread: [59,0,0] Assertion `srcIndex < srcSelectDimSize` failed.
../aten/src/ATen/native/cuda/Indexing.cu:1236: indexSelectSmallIndex: block: [1,0,0], thread: [60,0,0] Assertion `srcIndex < srcSelectDimSize` failed.
../aten/src/ATen/native/cuda/Indexing.cu:1236: indexSelectSmallIndex: block: [1,0,0], thread: [61,0,0] Assertion `srcIndex < srcSelectDimSize` failed.
../aten/src/ATen/native/cuda/Indexing.cu:1236: indexSelectSmallIndex: block: [1,0,0], thread: [62,0,0] Assertion `srcIndex < srcSelectDimSize` failed.
../aten/src/ATen/native/cuda/Indexing.cu:1236: indexSelectSmallIndex: block: [1,0,0], thread: [63,0,0] Assertion `srcIndex < srcSelectDimSize` failed.
../aten/src/ATen/native/cuda/Indexing.cu:1236: indexSelectSmallIndex: block: [1,0,0], thread: [64,0,0] Assertion `srcIndex < srcSelectDimSize` failed.
../aten/src/ATen/native/cuda/Indexing.cu:1236: indexSelectSmallIndex: block: [1,0,0], thread: [65,0,0] Assertion `srcIndex < srcSelectDimSize` failed.
../aten/src/ATen/native/cuda/Indexing.cu:1236: indexSelectSmallIndex: block: [1,0,0], thread: [66,0,0] Assertion `srcIndex < srcSelectDimSize` failed.
../aten/src/ATen/native/cuda/Indexing.cu:1236: indexSelectSmallIndex: block: [1,0,0], thread: [67,0,0] Assertion `srcIndex < srcSelectDimSize` failed.
../aten/src/ATen/native/cuda/Indexing.cu:1236: indexSelectSmallIndex: block: [1,0,0], thread: [68,0,0] Assertion `srcIndex < srcSelectDimSize` failed.
../aten/src/ATen/native/cuda/Indexing.cu:1236: indexSelectSmallIndex: block: [1,0,0], thread: [69,0,0] Assertion `srcIndex < srcSelectDimSize` failed.
../aten/src/ATen/native/cuda/Indexing.cu:1236: indexSelectSmallIndex: block: [1,0,0], thread: [70,0,0] Assertion `srcIndex < srcSelectDimSize` failed.
../aten/src/ATen/native/cuda/Indexing.cu:1236: indexSelectSmallIndex: block: [1,0,0], thread: [71,0,0] Assertion `srcIndex < srcSelectDimSize` failed.
../aten/src/ATen/native/cuda/Indexing.cu:1236: indexSelectSmallIndex: block: [1,0,0], thread: [72,0,0] Assertion `srcIndex < srcSelectDimSize` failed.
../aten/src/ATen/native/cuda/Indexing.cu:1236: indexSelectSmallIndex: block: [1,0,0], thread: [73,0,0] Assertion `srcIndex < srcSelectDimSize` failed.
../aten/src/ATen/native/cuda/Indexing.cu:1236: indexSelectSmallIndex: block: [1,0,0], thread: [74,0,0] Assertion `srcIndex < srcSelectDimSize` failed.
../aten/src/ATen/native/cuda/Indexing.cu:1236: indexSelectSmallIndex: block: [1,0,0], thread: [75,0,0] Assertion `srcIndex < srcSelectDimSize` failed.
../aten/src/ATen/native/cuda/Indexing.cu:1236: indexSelectSmallIndex: block: [1,0,0], thread: [76,0,0] Assertion `srcIndex < srcSelectDimSize` failed.
../aten/src/ATen/native/cuda/Indexing.cu:1236: indexSelectSmallIndex: block: [1,0,0], thread: [77,0,0] Assertion `srcIndex < srcSelectDimSize` failed.
../aten/src/ATen/native/cuda/Indexing.cu:1236: indexSelectSmallIndex: block: [1,0,0], thread: [78,0,0] Assertion `srcIndex < srcSelectDimSize` failed.
../aten/src/ATen/native/cuda/Indexing.cu:1236: indexSelectSmallIndex: block: [1,0,0], thread: [79,0,0] Assertion `srcIndex < srcSelectDimSize` failed.
../aten/src/ATen/native/cuda/Indexing.cu:1236: indexSelectSmallIndex: block: [1,0,0], thread: [80,0,0] Assertion `srcIndex < srcSelectDimSize` failed.
../aten/src/ATen/native/cuda/Indexing.cu:1236: indexSelectSmallIndex: block: [1,0,0], thread: [81,0,0] Assertion `srcIndex < srcSelectDimSize` failed.
../aten/src/ATen/native/cuda/Indexing.cu:1236: indexSelectSmallIndex: block: [1,0,0], thread: [82,0,0] Assertion `srcIndex < srcSelectDimSize` failed.
../aten/src/ATen/native/cuda/Indexing.cu:1236: indexSelectSmallIndex: block: [1,0,0], thread: [83,0,0] Assertion `srcIndex < srcSelectDimSize` failed.
../aten/src/ATen/native/cuda/Indexing.cu:1236: indexSelectSmallIndex: block: [1,0,0], thread: [84,0,0] Assertion `srcIndex < srcSelectDimSize` failed.
../aten/src/ATen/native/cuda/Indexing.cu:1236: indexSelectSmallIndex: block: [1,0,0], thread: [85,0,0] Assertion `srcIndex < srcSelectDimSize` failed.
../aten/src/ATen/native/cuda/Indexing.cu:1236: indexSelectSmallIndex: block: [1,0,0], thread: [86,0,0] Assertion `srcIndex < srcSelectDimSize` failed.
../aten/src/ATen/native/cuda/Indexing.cu:1236: indexSelectSmallIndex: block: [1,0,0], thread: [87,0,0] Assertion `srcIndex < srcSelectDimSize` failed.
../aten/src/ATen/native/cuda/Indexing.cu:1236: indexSelectSmallIndex: block: [1,0,0], thread: [88,0,0] Assertion `srcIndex < srcSelectDimSize` failed.
../aten/src/ATen/native/cuda/Indexing.cu:1236: indexSelectSmallIndex: block: [1,0,0], thread: [89,0,0] Assertion `srcIndex < srcSelectDimSize` failed.
../aten/src/ATen/native/cuda/Indexing.cu:1236: indexSelectSmallIndex: block: [1,0,0], thread: [90,0,0] Assertion `srcIndex < srcSelectDimSize` failed.
../aten/src/ATen/native/cuda/Indexing.cu:1236: indexSelectSmallIndex: block: [1,0,0], thread: [91,0,0] Assertion `srcIndex < srcSelectDimSize` failed.
../aten/src/ATen/native/cuda/Indexing.cu:1236: indexSelectSmallIndex: block: [1,0,0], thread: [92,0,0] Assertion `srcIndex < srcSelectDimSize` failed.
../aten/src/ATen/native/cuda/Indexing.cu:1236: indexSelectSmallIndex: block: [1,0,0], thread: [93,0,0] Assertion `srcIndex < srcSelectDimSize` failed.
../aten/src/ATen/native/cuda/Indexing.cu:1236: indexSelectSmallIndex: block: [1,0,0], thread: [94,0,0] Assertion `srcIndex < srcSelectDimSize` failed.
../aten/src/ATen/native/cuda/Indexing.cu:1236: indexSelectSmallIndex: block: [1,0,0], thread: [95,0,0] Assertion `srcIndex < srcSelectDimSize` failed.
../aten/src/ATen/native/cuda/Indexing.cu:1236: indexSelectSmallIndex: block: [0,0,0], thread: [64,0,0] Assertion `srcIndex < srcSelectDimSize` failed.
../aten/src/ATen/native/cuda/Indexing.cu:1236: indexSelectSmallIndex: block: [0,0,0], thread: [65,0,0] Assertion `srcIndex < srcSelectDimSize` failed.
../aten/src/ATen/native/cuda/Indexing.cu:1236: indexSelectSmallIndex: block: [0,0,0], thread: [66,0,0] Assertion `srcIndex < srcSelectDimSize` failed.
../aten/src/ATen/native/cuda/Indexing.cu:1236: indexSelectSmallIndex: block: [0,0,0], thread: [67,0,0] Assertion `srcIndex < srcSelectDimSize` failed.
../aten/src/ATen/native/cuda/Indexing.cu:1236: indexSelectSmallIndex: block: [0,0,0], thread: [68,0,0] Assertion `srcIndex < srcSelectDimSize` failed.
../aten/src/ATen/native/cuda/Indexing.cu:1236: indexSelectSmallIndex: block: [0,0,0], thread: [69,0,0] Assertion `srcIndex < srcSelectDimSize` failed.
../aten/src/ATen/native/cuda/Indexing.cu:1236: indexSelectSmallIndex: block: [0,0,0], thread: [70,0,0] Assertion `srcIndex < srcSelectDimSize` failed.
../aten/src/ATen/native/cuda/Indexing.cu:1236: indexSelectSmallIndex: block: [0,0,0], thread: [71,0,0] Assertion `srcIndex < srcSelectDimSize` failed.
../aten/src/ATen/native/cuda/Indexing.cu:1236: indexSelectSmallIndex: block: [0,0,0], thread: [72,0,0] Assertion `srcIndex < srcSelectDimSize` failed.
../aten/src/ATen/native/cuda/Indexing.cu:1236: indexSelectSmallIndex: block: [0,0,0], thread: [73,0,0] Assertion `srcIndex < srcSelectDimSize` failed.
../aten/src/ATen/native/cuda/Indexing.cu:1236: indexSelectSmallIndex: block: [0,0,0], thread: [74,0,0] Assertion `srcIndex < srcSelectDimSize` failed.
../aten/src/ATen/native/cuda/Indexing.cu:1236: indexSelectSmallIndex: block: [0,0,0], thread: [75,0,0] Assertion `srcIndex < srcSelectDimSize` failed.
../aten/src/ATen/native/cuda/Indexing.cu:1236: indexSelectSmallIndex: block: [0,0,0], thread: [76,0,0] Assertion `srcIndex < srcSelectDimSize` failed.
../aten/src/ATen/native/cuda/Indexing.cu:1236: indexSelectSmallIndex: block: [0,0,0], thread: [77,0,0] Assertion `srcIndex < srcSelectDimSize` failed.
../aten/src/ATen/native/cuda/Indexing.cu:1236: indexSelectSmallIndex: block: [0,0,0], thread: [78,0,0] Assertion `srcIndex < srcSelectDimSize` failed.
../aten/src/ATen/native/cuda/Indexing.cu:1236: indexSelectSmallIndex: block: [0,0,0], thread: [79,0,0] Assertion `srcIndex < srcSelectDimSize` failed.
../aten/src/ATen/native/cuda/Indexing.cu:1236: indexSelectSmallIndex: block: [0,0,0], thread: [80,0,0] Assertion `srcIndex < srcSelectDimSize` failed.
../aten/src/ATen/native/cuda/Indexing.cu:1236: indexSelectSmallIndex: block: [0,0,0], thread: [81,0,0] Assertion `srcIndex < srcSelectDimSize` failed.
../aten/src/ATen/native/cuda/Indexing.cu:1236: indexSelectSmallIndex: block: [0,0,0], thread: [82,0,0] Assertion `srcIndex < srcSelectDimSize` failed.
../aten/src/ATen/native/cuda/Indexing.cu:1236: indexSelectSmallIndex: block: [0,0,0], thread: [83,0,0] Assertion `srcIndex < srcSelectDimSize` failed.
../aten/src/ATen/native/cuda/Indexing.cu:1236: indexSelectSmallIndex: block: [0,0,0], thread: [84,0,0] Assertion `srcIndex < srcSelectDimSize` failed.
../aten/src/ATen/native/cuda/Indexing.cu:1236: indexSelectSmallIndex: block: [0,0,0], thread: [85,0,0] Assertion `srcIndex < srcSelectDimSize` failed.
../aten/src/ATen/native/cuda/Indexing.cu:1236: indexSelectSmallIndex: block: [0,0,0], thread: [86,0,0] Assertion `srcIndex < srcSelectDimSize` failed.
../aten/src/ATen/native/cuda/Indexing.cu:1236: indexSelectSmallIndex: block: [0,0,0], thread: [87,0,0] Assertion `srcIndex < srcSelectDimSize` failed.
../aten/src/ATen/native/cuda/Indexing.cu:1236: indexSelectSmallIndex: block: [0,0,0], thread: [88,0,0] Assertion `srcIndex < srcSelectDimSize` failed.
../aten/src/ATen/native/cuda/Indexing.cu:1236: indexSelectSmallIndex: block: [0,0,0], thread: [89,0,0] Assertion `srcIndex < srcSelectDimSize` failed.
../aten/src/ATen/native/cuda/Indexing.cu:1236: indexSelectSmallIndex: block: [0,0,0], thread: [90,0,0] Assertion `srcIndex < srcSelectDimSize` failed.
../aten/src/ATen/native/cuda/Indexing.cu:1236: indexSelectSmallIndex: block: [0,0,0], thread: [91,0,0] Assertion `srcIndex < srcSelectDimSize` failed.
../aten/src/ATen/native/cuda/Indexing.cu:1236: indexSelectSmallIndex: block: [0,0,0], thread: [92,0,0] Assertion `srcIndex < srcSelectDimSize` failed.
../aten/src/ATen/native/cuda/Indexing.cu:1236: indexSelectSmallIndex: block: [0,0,0], thread: [93,0,0] Assertion `srcIndex < srcSelectDimSize` failed.
../aten/src/ATen/native/cuda/Indexing.cu:1236: indexSelectSmallIndex: block: [0,0,0], thread: [94,0,0] Assertion `srcIndex < srcSelectDimSize` failed.
../aten/src/ATen/native/cuda/Indexing.cu:1236: indexSelectSmallIndex: block: [0,0,0], thread: [95,0,0] Assertion `srcIndex < srcSelectDimSize` failed.
../aten/src/ATen/native/cuda/Indexing.cu:1236: indexSelectSmallIndex: block: [0,0,0], thread: [96,0,0] Assertion `srcIndex < srcSelectDimSize` failed.
../aten/src/ATen/native/cuda/Indexing.cu:1236: indexSelectSmallIndex: block: [0,0,0], thread: [97,0,0] Assertion `srcIndex < srcSelectDimSize` failed.
../aten/src/ATen/native/cuda/Indexing.cu:1236: indexSelectSmallIndex: block: [0,0,0], thread: [98,0,0] Assertion `srcIndex < srcSelectDimSize` failed.
../aten/src/ATen/native/cuda/Indexing.cu:1236: indexSelectSmallIndex: block: [0,0,0], thread: [99,0,0] Assertion `srcIndex < srcSelectDimSize` failed.
../aten/src/ATen/native/cuda/Indexing.cu:1236: indexSelectSmallIndex: block: [0,0,0], thread: [100,0,0] Assertion `srcIndex < srcSelectDimSize` failed.
../aten/src/ATen/native/cuda/Indexing.cu:1236: indexSelectSmallIndex: block: [0,0,0], thread: [101,0,0] Assertion `srcIndex < srcSelectDimSize` failed.
../aten/src/ATen/native/cuda/Indexing.cu:1236: indexSelectSmallIndex: block: [0,0,0], thread: [102,0,0] Assertion `srcIndex < srcSelectDimSize` failed.
../aten/src/ATen/native/cuda/Indexing.cu:1236: indexSelectSmallIndex: block: [0,0,0], thread: [103,0,0] Assertion `srcIndex < srcSelectDimSize` failed.
../aten/src/ATen/native/cuda/Indexing.cu:1236: indexSelectSmallIndex: block: [0,0,0], thread: [104,0,0] Assertion `srcIndex < srcSelectDimSize` failed.
../aten/src/ATen/native/cuda/Indexing.cu:1236: indexSelectSmallIndex: block: [0,0,0], thread: [105,0,0] Assertion `srcIndex < srcSelectDimSize` failed.
../aten/src/ATen/native/cuda/Indexing.cu:1236: indexSelectSmallIndex: block: [0,0,0], thread: [106,0,0] Assertion `srcIndex < srcSelectDimSize` failed.
../aten/src/ATen/native/cuda/Indexing.cu:1236: indexSelectSmallIndex: block: [0,0,0], thread: [107,0,0] Assertion `srcIndex < srcSelectDimSize` failed.
../aten/src/ATen/native/cuda/Indexing.cu:1236: indexSelectSmallIndex: block: [0,0,0], thread: [108,0,0] Assertion `srcIndex < srcSelectDimSize` failed.
../aten/src/ATen/native/cuda/Indexing.cu:1236: indexSelectSmallIndex: block: [0,0,0], thread: [109,0,0] Assertion `srcIndex < srcSelectDimSize` failed.
../aten/src/ATen/native/cuda/Indexing.cu:1236: indexSelectSmallIndex: block: [0,0,0], thread: [110,0,0] Assertion `srcIndex < srcSelectDimSize` failed.
../aten/src/ATen/native/cuda/Indexing.cu:1236: indexSelectSmallIndex: block: [0,0,0], thread: [111,0,0] Assertion `srcIndex < srcSelectDimSize` failed.
../aten/src/ATen/native/cuda/Indexing.cu:1236: indexSelectSmallIndex: block: [0,0,0], thread: [112,0,0] Assertion `srcIndex < srcSelectDimSize` failed.
../aten/src/ATen/native/cuda/Indexing.cu:1236: indexSelectSmallIndex: block: [0,0,0], thread: [113,0,0] Assertion `srcIndex < srcSelectDimSize` failed.
../aten/src/ATen/native/cuda/Indexing.cu:1236: indexSelectSmallIndex: block: [0,0,0], thread: [114,0,0] Assertion `srcIndex < srcSelectDimSize` failed.
../aten/src/ATen/native/cuda/Indexing.cu:1236: indexSelectSmallIndex: block: [0,0,0], thread: [115,0,0] Assertion `srcIndex < srcSelectDimSize` failed.
../aten/src/ATen/native/cuda/Indexing.cu:1236: indexSelectSmallIndex: block: [0,0,0], thread: [116,0,0] Assertion `srcIndex < srcSelectDimSize` failed.
../aten/src/ATen/native/cuda/Indexing.cu:1236: indexSelectSmallIndex: block: [0,0,0], thread: [117,0,0] Assertion `srcIndex < srcSelectDimSize` failed.
../aten/src/ATen/native/cuda/Indexing.cu:1236: indexSelectSmallIndex: block: [0,0,0], thread: [118,0,0] Assertion `srcIndex < srcSelectDimSize` failed.
../aten/src/ATen/native/cuda/Indexing.cu:1236: indexSelectSmallIndex: block: [0,0,0], thread: [119,0,0] Assertion `srcIndex < srcSelectDimSize` failed.
../aten/src/ATen/native/cuda/Indexing.cu:1236: indexSelectSmallIndex: block: [0,0,0], thread: [120,0,0] Assertion `srcIndex < srcSelectDimSize` failed.
../aten/src/ATen/native/cuda/Indexing.cu:1236: indexSelectSmallIndex: block: [0,0,0], thread: [121,0,0] Assertion `srcIndex < srcSelectDimSize` failed.
../aten/src/ATen/native/cuda/Indexing.cu:1236: indexSelectSmallIndex: block: [0,0,0], thread: [122,0,0] Assertion `srcIndex < srcSelectDimSize` failed.
../aten/src/ATen/native/cuda/Indexing.cu:1236: indexSelectSmallIndex: block: [0,0,0], thread: [123,0,0] Assertion `srcIndex < srcSelectDimSize` failed.
../aten/src/ATen/native/cuda/Indexing.cu:1236: indexSelectSmallIndex: block: [0,0,0], thread: [124,0,0] Assertion `srcIndex < srcSelectDimSize` failed.
../aten/src/ATen/native/cuda/Indexing.cu:1236: indexSelectSmallIndex: block: [0,0,0], thread: [125,0,0] Assertion `srcIndex < srcSelectDimSize` failed.
../aten/src/ATen/native/cuda/Indexing.cu:1236: indexSelectSmallIndex: block: [0,0,0], thread: [126,0,0] Assertion `srcIndex < srcSelectDimSize` failed.
../aten/src/ATen/native/cuda/Indexing.cu:1236: indexSelectSmallIndex: block: [0,0,0], thread: [127,0,0] Assertion `srcIndex < srcSelectDimSize` failed.
../aten/src/ATen/native/cuda/Indexing.cu:1236: indexSelectSmallIndex: block: [0,0,0], thread: [0,0,0] Assertion `srcIndex < srcSelectDimSize` failed.
../aten/src/ATen/native/cuda/Indexing.cu:1236: indexSelectSmallIndex: block: [0,0,0], thread: [1,0,0] Assertion `srcIndex < srcSelectDimSize` failed.
../aten/src/ATen/native/cuda/Indexing.cu:1236: indexSelectSmallIndex: block: [0,0,0], thread: [2,0,0] Assertion `srcIndex < srcSelectDimSize` failed.
../aten/src/ATen/native/cuda/Indexing.cu:1236: indexSelectSmallIndex: block: [0,0,0], thread: [3,0,0] Assertion `srcIndex < srcSelectDimSize` failed.
../aten/src/ATen/native/cuda/Indexing.cu:1236: indexSelectSmallIndex: block: [0,0,0], thread: [4,0,0] Assertion `srcIndex < srcSelectDimSize` failed.
../aten/src/ATen/native/cuda/Indexing.cu:1236: indexSelectSmallIndex: block: [0,0,0], thread: [5,0,0] Assertion `srcIndex < srcSelectDimSize` failed.
../aten/src/ATen/native/cuda/Indexing.cu:1236: indexSelectSmallIndex: block: [0,0,0], thread: [6,0,0] Assertion `srcIndex < srcSelectDimSize` failed.
../aten/src/ATen/native/cuda/Indexing.cu:1236: indexSelectSmallIndex: block: [0,0,0], thread: [7,0,0] Assertion `srcIndex < srcSelectDimSize` failed.
../aten/src/ATen/native/cuda/Indexing.cu:1236: indexSelectSmallIndex: block: [0,0,0], thread: [8,0,0] Assertion `srcIndex < srcSelectDimSize` failed.
../aten/src/ATen/native/cuda/Indexing.cu:1236: indexSelectSmallIndex: block: [0,0,0], thread: [9,0,0] Assertion `srcIndex < srcSelectDimSize` failed.
../aten/src/ATen/native/cuda/Indexing.cu:1236: indexSelectSmallIndex: block: [0,0,0], thread: [10,0,0] Assertion `srcIndex < srcSelectDimSize` failed.
../aten/src/ATen/native/cuda/Indexing.cu:1236: indexSelectSmallIndex: block: [0,0,0], thread: [11,0,0] Assertion `srcIndex < srcSelectDimSize` failed.
../aten/src/ATen/native/cuda/Indexing.cu:1236: indexSelectSmallIndex: block: [0,0,0], thread: [12,0,0] Assertion `srcIndex < srcSelectDimSize` failed.
../aten/src/ATen/native/cuda/Indexing.cu:1236: indexSelectSmallIndex: block: [0,0,0], thread: [13,0,0] Assertion `srcIndex < srcSelectDimSize` failed.
../aten/src/ATen/native/cuda/Indexing.cu:1236: indexSelectSmallIndex: block: [0,0,0], thread: [14,0,0] Assertion `srcIndex < srcSelectDimSize` failed.
../aten/src/ATen/native/cuda/Indexing.cu:1236: indexSelectSmallIndex: block: [0,0,0], thread: [15,0,0] Assertion `srcIndex < srcSelectDimSize` failed.
../aten/src/ATen/native/cuda/Indexing.cu:1236: indexSelectSmallIndex: block: [0,0,0], thread: [16,0,0] Assertion `srcIndex < srcSelectDimSize` failed.
../aten/src/ATen/native/cuda/Indexing.cu:1236: indexSelectSmallIndex: block: [0,0,0], thread: [17,0,0] Assertion `srcIndex < srcSelectDimSize` failed.
../aten/src/ATen/native/cuda/Indexing.cu:1236: indexSelectSmallIndex: block: [0,0,0], thread: [18,0,0] Assertion `srcIndex < srcSelectDimSize` failed.
../aten/src/ATen/native/cuda/Indexing.cu:1236: indexSelectSmallIndex: block: [0,0,0], thread: [19,0,0] Assertion `srcIndex < srcSelectDimSize` failed.
../aten/src/ATen/native/cuda/Indexing.cu:1236: indexSelectSmallIndex: block: [0,0,0], thread: [20,0,0] Assertion `srcIndex < srcSelectDimSize` failed.
../aten/src/ATen/native/cuda/Indexing.cu:1236: indexSelectSmallIndex: block: [0,0,0], thread: [21,0,0] Assertion `srcIndex < srcSelectDimSize` failed.
../aten/src/ATen/native/cuda/Indexing.cu:1236: indexSelectSmallIndex: block: [0,0,0], thread: [22,0,0] Assertion `srcIndex < srcSelectDimSize` failed.
../aten/src/ATen/native/cuda/Indexing.cu:1236: indexSelectSmallIndex: block: [0,0,0], thread: [23,0,0] Assertion `srcIndex < srcSelectDimSize` failed.
../aten/src/ATen/native/cuda/Indexing.cu:1236: indexSelectSmallIndex: block: [0,0,0], thread: [24,0,0] Assertion `srcIndex < srcSelectDimSize` failed.
../aten/src/ATen/native/cuda/Indexing.cu:1236: indexSelectSmallIndex: block: [0,0,0], thread: [25,0,0] Assertion `srcIndex < srcSelectDimSize` failed.
../aten/src/ATen/native/cuda/Indexing.cu:1236: indexSelectSmallIndex: block: [0,0,0], thread: [26,0,0] Assertion `srcIndex < srcSelectDimSize` failed.
../aten/src/ATen/native/cuda/Indexing.cu:1236: indexSelectSmallIndex: block: [0,0,0], thread: [27,0,0] Assertion `srcIndex < srcSelectDimSize` failed.
../aten/src/ATen/native/cuda/Indexing.cu:1236: indexSelectSmallIndex: block: [0,0,0], thread: [28,0,0] Assertion `srcIndex < srcSelectDimSize` failed.
../aten/src/ATen/native/cuda/Indexing.cu:1236: indexSelectSmallIndex: block: [0,0,0], thread: [29,0,0] Assertion `srcIndex < srcSelectDimSize` failed.
../aten/src/ATen/native/cuda/Indexing.cu:1236: indexSelectSmallIndex: block: [0,0,0], thread: [30,0,0] Assertion `srcIndex < srcSelectDimSize` failed.
../aten/src/ATen/native/cuda/Indexing.cu:1236: indexSelectSmallIndex: block: [0,0,0], thread: [31,0,0] Assertion `srcIndex < srcSelectDimSize` failed.
../aten/src/ATen/native/cuda/Indexing.cu:1236: indexSelectSmallIndex: block: [0,0,0], thread: [32,0,0] Assertion `srcIndex < srcSelectDimSize` failed.
../aten/src/ATen/native/cuda/Indexing.cu:1236: indexSelectSmallIndex: block: [0,0,0], thread: [33,0,0] Assertion `srcIndex < srcSelectDimSize` failed.
../aten/src/ATen/native/cuda/Indexing.cu:1236: indexSelectSmallIndex: block: [0,0,0], thread: [34,0,0] Assertion `srcIndex < srcSelectDimSize` failed.
../aten/src/ATen/native/cuda/Indexing.cu:1236: indexSelectSmallIndex: block: [0,0,0], thread: [35,0,0] Assertion `srcIndex < srcSelectDimSize` failed.
../aten/src/ATen/native/cuda/Indexing.cu:1236: indexSelectSmallIndex: block: [0,0,0], thread: [36,0,0] Assertion `srcIndex < srcSelectDimSize` failed.
../aten/src/ATen/native/cuda/Indexing.cu:1236: indexSelectSmallIndex: block: [0,0,0], thread: [37,0,0] Assertion `srcIndex < srcSelectDimSize` failed.
../aten/src/ATen/native/cuda/Indexing.cu:1236: indexSelectSmallIndex: block: [0,0,0], thread: [38,0,0] Assertion `srcIndex < srcSelectDimSize` failed.
../aten/src/ATen/native/cuda/Indexing.cu:1236: indexSelectSmallIndex: block: [0,0,0], thread: [39,0,0] Assertion `srcIndex < srcSelectDimSize` failed.
../aten/src/ATen/native/cuda/Indexing.cu:1236: indexSelectSmallIndex: block: [0,0,0], thread: [40,0,0] Assertion `srcIndex < srcSelectDimSize` failed.
../aten/src/ATen/native/cuda/Indexing.cu:1236: indexSelectSmallIndex: block: [0,0,0], thread: [41,0,0] Assertion `srcIndex < srcSelectDimSize` failed.
../aten/src/ATen/native/cuda/Indexing.cu:1236: indexSelectSmallIndex: block: [0,0,0], thread: [42,0,0] Assertion `srcIndex < srcSelectDimSize` failed.
../aten/src/ATen/native/cuda/Indexing.cu:1236: indexSelectSmallIndex: block: [0,0,0], thread: [43,0,0] Assertion `srcIndex < srcSelectDimSize` failed.
../aten/src/ATen/native/cuda/Indexing.cu:1236: indexSelectSmallIndex: block: [0,0,0], thread: [44,0,0] Assertion `srcIndex < srcSelectDimSize` failed.
../aten/src/ATen/native/cuda/Indexing.cu:1236: indexSelectSmallIndex: block: [0,0,0], thread: [45,0,0] Assertion `srcIndex < srcSelectDimSize` failed.
../aten/src/ATen/native/cuda/Indexing.cu:1236: indexSelectSmallIndex: block: [0,0,0], thread: [46,0,0] Assertion `srcIndex < srcSelectDimSize` failed.
../aten/src/ATen/native/cuda/Indexing.cu:1236: indexSelectSmallIndex: block: [0,0,0], thread: [47,0,0] Assertion `srcIndex < srcSelectDimSize` failed.
../aten/src/ATen/native/cuda/Indexing.cu:1236: indexSelectSmallIndex: block: [0,0,0], thread: [48,0,0] Assertion `srcIndex < srcSelectDimSize` failed.
../aten/src/ATen/native/cuda/Indexing.cu:1236: indexSelectSmallIndex: block: [0,0,0], thread: [49,0,0] Assertion `srcIndex < srcSelectDimSize` failed.
../aten/src/ATen/native/cuda/Indexing.cu:1236: indexSelectSmallIndex: block: [0,0,0], thread: [50,0,0] Assertion `srcIndex < srcSelectDimSize` failed.
../aten/src/ATen/native/cuda/Indexing.cu:1236: indexSelectSmallIndex: block: [0,0,0], thread: [51,0,0] Assertion `srcIndex < srcSelectDimSize` failed.
../aten/src/ATen/native/cuda/Indexing.cu:1236: indexSelectSmallIndex: block: [0,0,0], thread: [52,0,0] Assertion `srcIndex < srcSelectDimSize` failed.
../aten/src/ATen/native/cuda/Indexing.cu:1236: indexSelectSmallIndex: block: [0,0,0], thread: [53,0,0] Assertion `srcIndex < srcSelectDimSize` failed.
../aten/src/ATen/native/cuda/Indexing.cu:1236: indexSelectSmallIndex: block: [0,0,0], thread: [54,0,0] Assertion `srcIndex < srcSelectDimSize` failed.
../aten/src/ATen/native/cuda/Indexing.cu:1236: indexSelectSmallIndex: block: [0,0,0], thread: [55,0,0] Assertion `srcIndex < srcSelectDimSize` failed.
../aten/src/ATen/native/cuda/Indexing.cu:1236: indexSelectSmallIndex: block: [0,0,0], thread: [56,0,0] Assertion `srcIndex < srcSelectDimSize` failed.
../aten/src/ATen/native/cuda/Indexing.cu:1236: indexSelectSmallIndex: block: [0,0,0], thread: [57,0,0] Assertion `srcIndex < srcSelectDimSize` failed.
../aten/src/ATen/native/cuda/Indexing.cu:1236: indexSelectSmallIndex: block: [0,0,0], thread: [58,0,0] Assertion `srcIndex < srcSelectDimSize` failed.
../aten/src/ATen/native/cuda/Indexing.cu:1236: indexSelectSmallIndex: block: [0,0,0], thread: [59,0,0] Assertion `srcIndex < srcSelectDimSize` failed.
../aten/src/ATen/native/cuda/Indexing.cu:1236: indexSelectSmallIndex: block: [0,0,0], thread: [60,0,0] Assertion `srcIndex < srcSelectDimSize` failed.
../aten/src/ATen/native/cuda/Indexing.cu:1236: indexSelectSmallIndex: block: [0,0,0], thread: [61,0,0] Assertion `srcIndex < srcSelectDimSize` failed.
../aten/src/ATen/native/cuda/Indexing.cu:1236: indexSelectSmallIndex: block: [0,0,0], thread: [62,0,0] Assertion `srcIndex < srcSelectDimSize` failed.
../aten/src/ATen/native/cuda/Indexing.cu:1236: indexSelectSmallIndex: block: [0,0,0], thread: [63,0,0] Assertion `srcIndex < srcSelectDimSize` failed.
Traceback (most recent call last):
  File "/data6/arllan/miniconda/envs/espnetenv/espnetenv/lib/python3.10/runpy.py", line 196, in _run_module_as_main
    return _run_code(code, main_globals, None,
  File "/data6/arllan/miniconda/envs/espnetenv/espnetenv/lib/python3.10/runpy.py", line 86, in _run_code
    exec(code, run_globals)
  File "/data5/arllan/espnet/espnet2/bin/gan_svs_train.py", line 22, in <module>
    main()
  File "/data5/arllan/espnet/espnet2/bin/gan_svs_train.py", line 18, in main
    GANSVSTask.main(cmd=cmd)
  File "/data5/arllan/espnet/espnet2/tasks/abs_task.py", line 1210, in main
    cls.main_worker(args)
  File "/data5/arllan/espnet/espnet2/tasks/abs_task.py", line 1568, in main_worker
    cls.trainer.run(
  File "/data5/arllan/espnet/espnet2/train/trainer.py", line 317, in run
    all_steps_are_invalid = cls.train_one_epoch(
  File "/data5/arllan/espnet/espnet2/train/gan_trainer.py", line 176, in train_one_epoch
    retval = model(forward_generator=turn == "generator", **batch)
  File "/data6/arllan/miniconda/envs/espnetenv/espnetenv/lib/python3.10/site-packages/torch/nn/modules/module.py", line 1532, in _wrapped_call_impl
    return self._call_impl(*args, **kwargs)
  File "/data6/arllan/miniconda/envs/espnetenv/espnetenv/lib/python3.10/site-packages/torch/nn/modules/module.py", line 1541, in _call_impl
    return forward_call(*args, **kwargs)
  File "/data5/arllan/espnet/espnet2/gan_svs/espnet_model.py", line 343, in forward
    return self.svs(**batch)
  File "/data6/arllan/miniconda/envs/espnetenv/espnetenv/lib/python3.10/site-packages/torch/nn/modules/module.py", line 1532, in _wrapped_call_impl
    return self._call_impl(*args, **kwargs)
  File "/data6/arllan/miniconda/envs/espnetenv/espnetenv/lib/python3.10/site-packages/torch/nn/modules/module.py", line 1541, in _call_impl
    return forward_call(*args, **kwargs)
  File "/data5/arllan/espnet/espnet2/gan_svs/vits/vits.py", line 522, in forward
    return self._forward_discrminator(
  File "/data5/arllan/espnet/espnet2/gan_svs/vits/vits.py", line 871, in _forward_discrminator
    outs = self.generator(
  File "/data6/arllan/miniconda/envs/espnetenv/espnetenv/lib/python3.10/site-packages/torch/nn/modules/module.py", line 1532, in _wrapped_call_impl
    return self._call_impl(*args, **kwargs)
  File "/data6/arllan/miniconda/envs/espnetenv/espnetenv/lib/python3.10/site-packages/torch/nn/modules/module.py", line 1541, in _call_impl
    return forward_call(*args, **kwargs)
  File "/data5/arllan/espnet/espnet2/gan_svs/vits/generator.py", line 551, in forward
    x, x_mask, dur_input, x_pitch = self.text_encoder(
  File "/data6/arllan/miniconda/envs/espnetenv/espnetenv/lib/python3.10/site-packages/torch/nn/modules/module.py", line 1532, in _wrapped_call_impl
    return self._call_impl(*args, **kwargs)
  File "/data6/arllan/miniconda/envs/espnetenv/espnetenv/lib/python3.10/site-packages/torch/nn/modules/module.py", line 1541, in _call_impl
    return forward_call(*args, **kwargs)
  File "/data5/arllan/espnet/espnet2/gan_svs/vits/text_encoder.py", line 175, in forward
    make_non_pad_mask(phone_lengths)
  File "/data5/arllan/espnet/espnet/nets/pytorch_backend/nets_utils.py", line 350, in make_non_pad_mask
    return ~make_pad_mask(lengths, xs, length_dim)
  File "/data5/arllan/espnet/espnet/nets/pytorch_backend/nets_utils.py", line 168, in make_pad_mask
    return _make_pad_mask_traceable(lengths, xs, length_dim, maxlen)
  File "/data5/arllan/espnet/espnet/nets/pytorch_backend/nets_utils.py", line 248, in _make_pad_mask_traceable
    mask = torch.ones(maxlen + 1, maxlen + 1, dtype=torch.bool, device=device)
RuntimeError: CUDA error: device-side assert triggered
CUDA kernel errors might be asynchronously reported at some other API call, so the stacktrace below might be incorrect.
For debugging consider passing CUDA_LAUNCH_BLOCKING=1.
Compile with `TORCH_USE_CUDA_DSA` to enable device-side assertions.

# Accounting: time=24 threads=1
# Ended (code 1) at Thu Jan  9 09:47:55 UTC 2025, elapsed time 24 seconds

