nohup: ignoring input
2025-01-07T15:39:16 (svs.sh:211:main) ./svs.sh --lang zh --local_data_opts --stage 1 --feats_type raw --fs 24000 --fmax 22050 --fmin 0 --n_fft 2048 --n_shift 256 --win_length 2048 --token_type phn --g2p None --cleaner none --train_config conf/train.yaml --inference_config conf/decode.yaml --train_set tr_no_dev --valid_set dev --test_sets dev eval --score_feats_extract syllable_score_feats --srctexts data/tr_no_dev/text --audio_format wav --stage 8 --stop_stage 10 --svs_task gan_svs --pitch_extract dio --feats_extract fbank --feats_normalize none --train_config conf/train.yaml --score_feats_extract syllable_score_feats --inference_model latest.pth --write_collected_feats true
2025-01-07T15:39:17 (svs.sh:1070:main) Stage 8: Scoring
2025-01-07T15:39:17 (svs.sh:1081:main) Begin Scoring for MCD metrics on dev, results are written under exp/svs_train_raw_phn_None_zh/decode_latest/dev/MCD_res
2025-01-07 15:39:20,272 (evaluate_mcd:287) INFO: The number of utterances = 105
2025-01-07 15:39:24,100 (evaluate_mcd:171) INFO: GTSINGER_CHINESE_Alto1_Vibrato_大鱼_ControlGroup_0003 7.7111
2025-01-07 15:39:24,268 (evaluate_mcd:171) INFO: GTSINGER_CHINESE_Tenor1_Glissando_大鱼_ControlGroup_0000 9.2914
2025-01-07 15:39:24,310 (evaluate_mcd:171) INFO: GTSINGER_CHINESE_Tenor1_Pharyngeal_曹操_ControlGroup_0000 10.0381
2025-01-07 15:39:24,474 (evaluate_mcd:171) INFO: GTSINGER_CHINESE_Alto1_Vibrato_不再见_ControlGroup_0008 7.5666
2025-01-07 15:39:24,522 (evaluate_mcd:171) INFO: GTSINGER_CHINESE_Tenor1_Mixed_Voice_and_Falsetto_曹操_ControlGroup_0000 10.4751
2025-01-07 15:39:24,591 (evaluate_mcd:171) INFO: GTSINGER_CHINESE_Tenor1_Glissando_大鱼_ControlGroup_0006 9.5981
2025-01-07 15:39:25,150 (evaluate_mcd:171) INFO: GTSINGER_CHINESE_Alto1_Breathy_不再见_ControlGroup_0003 5.9492
2025-01-07 15:39:25,212 (evaluate_mcd:171) INFO: GTSINGER_CHINESE_Alto1_Breathy_不再见_BreathyGroup_0000 9.4708
2025-01-07 15:39:25,648 (evaluate_mcd:171) INFO: GTSINGER_CHINESE_Alto1_Vibrato_大鱼_ControlGroup_0010 6.8188
2025-01-07 15:39:25,774 (evaluate_mcd:171) INFO: GTSINGER_CHINESE_Alto1_Pharyngeal_大鱼_ControlGroup_0006 7.6489
2025-01-07 15:39:25,800 (evaluate_mcd:171) INFO: GTSINGER_CHINESE_Tenor1_Breathy_爱情转移_ControlGroup_0003 5.5040
2025-01-07 15:39:25,853 (evaluate_mcd:171) INFO: GTSINGER_CHINESE_Alto1_Vibrato_不再见_ControlGroup_0001 9.3958
2025-01-07 15:39:25,895 (evaluate_mcd:171) INFO: GTSINGER_CHINESE_Tenor1_Breathy_爱情转移_BreathyGroup_0005 6.5955
2025-01-07 15:39:26,909 (evaluate_mcd:171) INFO: GTSINGER_CHINESE_Alto1_Glissando_曹操_ControlGroup_0006 6.8655
2025-01-07 15:39:27,848 (evaluate_mcd:171) INFO: GTSINGER_CHINESE_Tenor1_Pharyngeal_曹操_ControlGroup_0006 7.4749
2025-01-07 15:39:27,982 (evaluate_mcd:171) INFO: GTSINGER_CHINESE_Tenor1_Mixed_Voice_and_Falsetto_曹操_ControlGroup_0006 8.9896
2025-01-07 15:39:28,615 (evaluate_mcd:171) INFO: GTSINGER_CHINESE_Alto1_Vibrato_不再见_ControlGroup_0009 7.4974
2025-01-07 15:39:28,812 (evaluate_mcd:171) INFO: GTSINGER_CHINESE_Alto1_Vibrato_大鱼_ControlGroup_0004 5.5170
2025-01-07 15:39:29,134 (evaluate_mcd:171) INFO: GTSINGER_CHINESE_Tenor1_Pharyngeal_曹操_ControlGroup_0001 9.9516
2025-01-07 15:39:29,144 (evaluate_mcd:171) INFO: GTSINGER_CHINESE_Alto1_Glissando_曹操_ControlGroup_0000 8.9503
2025-01-07 15:39:29,316 (evaluate_mcd:171) INFO: GTSINGER_CHINESE_Tenor1_Mixed_Voice_and_Falsetto_曹操_ControlGroup_0001 9.7674
2025-01-07 15:39:29,452 (evaluate_mcd:171) INFO: GTSINGER_CHINESE_Alto1_Vibrato_大鱼_ControlGroup_0011 6.7606
2025-01-07 15:39:29,651 (evaluate_mcd:171) INFO: GTSINGER_CHINESE_Alto1_Pharyngeal_大鱼_ControlGroup_0007 6.2201
2025-01-07 15:39:29,796 (evaluate_mcd:171) INFO: GTSINGER_CHINESE_Alto1_Breathy_不再见_BreathyGroup_0001 7.1021
2025-01-07 15:39:30,448 (evaluate_mcd:171) INFO: GTSINGER_CHINESE_Tenor1_Glissando_大鱼_ControlGroup_0007 7.5544
2025-01-07 15:39:30,826 (evaluate_mcd:171) INFO: GTSINGER_CHINESE_Tenor1_Glissando_大鱼_ControlGroup_0001 6.6753
2025-01-07 15:39:30,997 (evaluate_mcd:171) INFO: GTSINGER_CHINESE_Alto1_Pharyngeal_大鱼_ControlGroup_0000 8.6026
2025-01-07 15:39:31,414 (evaluate_mcd:171) INFO: GTSINGER_CHINESE_Tenor1_Breathy_爱情转移_BreathyGroup_0006 8.8787
2025-01-07 15:39:31,499 (evaluate_mcd:171) INFO: GTSINGER_CHINESE_Alto1_Vibrato_不再见_ControlGroup_0002 6.9052
2025-01-07 15:39:31,551 (evaluate_mcd:171) INFO: GTSINGER_CHINESE_Tenor1_Breathy_爱情转移_ControlGroup_0004 8.6192
2025-01-07 15:39:33,090 (evaluate_mcd:171) INFO: GTSINGER_CHINESE_Alto1_Vibrato_大鱼_ControlGroup_0005 6.5450
2025-01-07 15:39:33,200 (evaluate_mcd:171) INFO: GTSINGER_CHINESE_Alto1_Vibrato_不再见_ControlGroup_0010 7.0324
2025-01-07 15:39:33,823 (evaluate_mcd:171) INFO: GTSINGER_CHINESE_Alto1_Glissando_曹操_ControlGroup_0001 7.6980
2025-01-07 15:39:34,205 (evaluate_mcd:171) INFO: GTSINGER_CHINESE_Alto1_Breathy_不再见_BreathyGroup_0002 7.5820
2025-01-07 15:39:34,351 (evaluate_mcd:171) INFO: GTSINGER_CHINESE_Alto1_Pharyngeal_大鱼_ControlGroup_0008 8.2924
2025-01-07 15:39:34,556 (evaluate_mcd:171) INFO: GTSINGER_CHINESE_Tenor1_Breathy_爱情转移_BreathyGroup_0000 7.8072
2025-01-07 15:39:34,851 (evaluate_mcd:171) INFO: GTSINGER_CHINESE_Tenor1_Glissando_大鱼_ControlGroup_0002 6.8007
2025-01-07 15:39:35,089 (evaluate_mcd:171) INFO: GTSINGER_CHINESE_Alto1_Pharyngeal_大鱼_ControlGroup_0001 7.2443
2025-01-07 15:39:35,351 (evaluate_mcd:171) INFO: GTSINGER_CHINESE_Tenor1_Breathy_爱情转移_BreathyGroup_0007 10.5714
2025-01-07 15:39:36,021 (evaluate_mcd:171) INFO: GTSINGER_CHINESE_Tenor1_Pharyngeal_曹操_ControlGroup_0002 7.1629
2025-01-07 15:39:36,060 (evaluate_mcd:171) INFO: GTSINGER_CHINESE_Tenor1_Mixed_Voice_and_Falsetto_曹操_ControlGroup_0007 7.0412
2025-01-07 15:39:36,140 (evaluate_mcd:171) INFO: GTSINGER_CHINESE_Tenor1_Mixed_Voice_and_Falsetto_曹操_ControlGroup_0002 7.6565
2025-01-07 15:39:36,163 (evaluate_mcd:171) INFO: GTSINGER_CHINESE_Tenor1_Pharyngeal_曹操_ControlGroup_0007 7.7897
2025-01-07 15:39:36,360 (evaluate_mcd:171) INFO: GTSINGER_CHINESE_Tenor1_Glissando_大鱼_ControlGroup_0008 5.6502
2025-01-07 15:39:36,974 (evaluate_mcd:171) INFO: GTSINGER_CHINESE_Tenor1_Breathy_爱情转移_ControlGroup_0005 5.7952
2025-01-07 15:39:37,010 (evaluate_mcd:171) INFO: GTSINGER_CHINESE_Alto1_Vibrato_不再见_ControlGroup_0003 5.9530
2025-01-07 15:39:38,334 (evaluate_mcd:171) INFO: GTSINGER_CHINESE_Alto1_Vibrato_不再见_ControlGroup_0011 6.0783
2025-01-07 15:39:38,422 (evaluate_mcd:171) INFO: GTSINGER_CHINESE_Alto1_Vibrato_大鱼_ControlGroup_0006 8.7365
2025-01-07 15:39:38,700 (evaluate_mcd:171) INFO: GTSINGER_CHINESE_Alto1_Breathy_不再见_BreathyGroup_0003 7.0632
2025-01-07 15:39:39,003 (evaluate_mcd:171) INFO: GTSINGER_CHINESE_Alto1_Pharyngeal_大鱼_ControlGroup_0009 8.1612
2025-01-07 15:39:39,083 (evaluate_mcd:171) INFO: GTSINGER_CHINESE_Tenor1_Glissando_大鱼_ControlGroup_0003 5.9000
2025-01-07 15:39:39,325 (evaluate_mcd:171) INFO: GTSINGER_CHINESE_Alto1_Pharyngeal_大鱼_ControlGroup_0002 7.3948
2025-01-07 15:39:39,809 (evaluate_mcd:171) INFO: GTSINGER_CHINESE_Tenor1_Breathy_爱情转移_BreathyGroup_0008 7.2819
2025-01-07 15:39:39,935 (evaluate_mcd:171) INFO: GTSINGER_CHINESE_Tenor1_Breathy_爱情转移_BreathyGroup_0001 5.8345
2025-01-07 15:39:39,955 (evaluate_mcd:171) INFO: GTSINGER_CHINESE_Tenor1_Mixed_Voice_and_Falsetto_曹操_ControlGroup_0008 9.5599
2025-01-07 15:39:39,990 (evaluate_mcd:171) INFO: GTSINGER_CHINESE_Tenor1_Pharyngeal_曹操_ControlGroup_0003 9.4496
2025-01-07 15:39:40,146 (evaluate_mcd:171) INFO: GTSINGER_CHINESE_Tenor1_Pharyngeal_曹操_ControlGroup_0008 9.4358
2025-01-07 15:39:40,146 (evaluate_mcd:171) INFO: GTSINGER_CHINESE_Tenor1_Glissando_大鱼_ControlGroup_0009 9.1613
2025-01-07 15:39:40,164 (evaluate_mcd:171) INFO: GTSINGER_CHINESE_Tenor1_Mixed_Voice_and_Falsetto_曹操_ControlGroup_0003 10.1710
2025-01-07 15:39:41,069 (evaluate_mcd:171) INFO: GTSINGER_CHINESE_Alto1_Glissando_曹操_ControlGroup_0002 7.1478
2025-01-07 15:39:41,845 (evaluate_mcd:171) INFO: GTSINGER_CHINESE_Alto1_Vibrato_不再见_ControlGroup_0004 6.4324
2025-01-07 15:39:41,910 (evaluate_mcd:171) INFO: GTSINGER_CHINESE_Alto1_Vibrato_大鱼_ControlGroup_0007 6.0486
2025-01-07 15:39:42,512 (evaluate_mcd:171) INFO: GTSINGER_CHINESE_Alto1_Vibrato_大鱼_ControlGroup_0000 6.2022
2025-01-07 15:39:42,549 (evaluate_mcd:171) INFO: GTSINGER_CHINESE_Tenor1_Breathy_爱情转移_ControlGroup_0006 9.1319
2025-01-07 15:39:43,111 (evaluate_mcd:171) INFO: GTSINGER_CHINESE_Tenor1_Glissando_大鱼_ControlGroup_0004 9.9141
2025-01-07 15:39:43,306 (evaluate_mcd:171) INFO: GTSINGER_CHINESE_Alto1_Pharyngeal_大鱼_ControlGroup_0003 6.8544
2025-01-07 15:39:43,439 (evaluate_mcd:171) INFO: GTSINGER_CHINESE_Alto1_Breathy_不再见_ControlGroup_0000 6.5100
2025-01-07 15:39:43,796 (evaluate_mcd:171) INFO: GTSINGER_CHINESE_Tenor1_Mixed_Voice_and_Falsetto_曹操_ControlGroup_0009 9.3862
2025-01-07 15:39:43,912 (evaluate_mcd:171) INFO: GTSINGER_CHINESE_Tenor1_Pharyngeal_曹操_ControlGroup_0004 6.8745
2025-01-07 15:39:44,039 (evaluate_mcd:171) INFO: GTSINGER_CHINESE_Tenor1_Mixed_Voice_and_Falsetto_曹操_ControlGroup_0004 9.2404
2025-01-07 15:39:44,058 (evaluate_mcd:171) INFO: GTSINGER_CHINESE_Alto1_Pharyngeal_大鱼_ControlGroup_0010 7.5892
2025-01-07 15:39:44,088 (evaluate_mcd:171) INFO: GTSINGER_CHINESE_Tenor1_Pharyngeal_曹操_ControlGroup_0009 6.7859
2025-01-07 15:39:45,148 (evaluate_mcd:171) INFO: GTSINGER_CHINESE_Tenor1_Breathy_爱情转移_BreathyGroup_0002 5.6589
2025-01-07 15:39:45,155 (evaluate_mcd:171) INFO: GTSINGER_CHINESE_Tenor1_Breathy_爱情转移_ControlGroup_0000 5.7531
2025-01-07 15:39:45,477 (evaluate_mcd:171) INFO: GTSINGER_CHINESE_Alto1_Glissando_曹操_ControlGroup_0003 6.7927
2025-01-07 15:39:46,306 (evaluate_mcd:171) INFO: GTSINGER_CHINESE_Alto1_Vibrato_大鱼_ControlGroup_0001 8.4909
2025-01-07 15:39:46,591 (evaluate_mcd:171) INFO: GTSINGER_CHINESE_Alto1_Vibrato_大鱼_ControlGroup_0008 6.6852
2025-01-07 15:39:46,597 (evaluate_mcd:171) INFO: GTSINGER_CHINESE_Tenor1_Breathy_爱情转移_ControlGroup_0007 10.4782
2025-01-07 15:39:46,896 (evaluate_mcd:171) INFO: GTSINGER_CHINESE_Tenor1_Glissando_大鱼_ControlGroup_0010 6.4072
2025-01-07 15:39:47,036 (evaluate_mcd:171) INFO: GTSINGER_CHINESE_Alto1_Vibrato_不再见_ControlGroup_0005 7.3531
2025-01-07 15:39:47,803 (evaluate_mcd:171) INFO: GTSINGER_CHINESE_Alto1_Pharyngeal_大鱼_ControlGroup_0004 7.2237
2025-01-07 15:39:47,896 (evaluate_mcd:171) INFO: GTSINGER_CHINESE_Alto1_Breathy_不再见_ControlGroup_0001 5.5445
2025-01-07 15:39:47,909 (evaluate_mcd:171) INFO: GTSINGER_CHINESE_Tenor1_Pharyngeal_曹操_ControlGroup_0005 9.6098
2025-01-07 15:39:47,946 (evaluate_mcd:171) INFO: GTSINGER_CHINESE_Alto1_Pharyngeal_大鱼_ControlGroup_0011 6.7395
2025-01-07 15:39:47,947 (evaluate_mcd:171) INFO: GTSINGER_CHINESE_Tenor1_Mixed_Voice_and_Falsetto_曹操_ControlGroup_0005 10.5173
2025-01-07 15:39:49,768 (evaluate_mcd:171) INFO: GTSINGER_CHINESE_Alto1_Glissando_曹操_ControlGroup_0004 7.3580
2025-01-07 15:39:50,266 (evaluate_mcd:171) INFO: GTSINGER_CHINESE_Tenor1_Breathy_爱情转移_BreathyGroup_0003 5.6121
2025-01-07 15:39:50,350 (evaluate_mcd:171) INFO: GTSINGER_CHINESE_Tenor1_Breathy_爱情转移_ControlGroup_0001 5.5443
2025-01-07 15:39:50,536 (evaluate_mcd:171) INFO: GTSINGER_CHINESE_Alto1_Vibrato_大鱼_ControlGroup_0002 6.5695
2025-01-07 15:39:50,871 (evaluate_mcd:171) INFO: GTSINGER_CHINESE_Tenor1_Mixed_Voice_and_Falsetto_曹操_ControlGroup_0010 9.8014
2025-01-07 15:39:50,977 (evaluate_mcd:171) INFO: GTSINGER_CHINESE_Tenor1_Breathy_爱情转移_ControlGroup_0008 6.1222
2025-01-07 15:39:51,035 (evaluate_mcd:171) INFO: GTSINGER_CHINESE_Alto1_Vibrato_大鱼_ControlGroup_0009 6.7348
2025-01-07 15:39:51,046 (evaluate_mcd:171) INFO: GTSINGER_CHINESE_Tenor1_Pharyngeal_曹操_ControlGroup_0010 10.1264
2025-01-07 15:39:51,164 (evaluate_mcd:171) INFO: GTSINGER_CHINESE_Tenor1_Glissando_大鱼_ControlGroup_0005 6.6958
2025-01-07 15:39:51,235 (evaluate_mcd:171) INFO: GTSINGER_CHINESE_Tenor1_Glissando_大鱼_ControlGroup_0011 6.8978
2025-01-07 15:39:51,993 (evaluate_mcd:171) INFO: GTSINGER_CHINESE_Alto1_Vibrato_不再见_ControlGroup_0006 7.3508
2025-01-07 15:39:52,230 (evaluate_mcd:171) INFO: GTSINGER_CHINESE_Alto1_Pharyngeal_大鱼_ControlGroup_0005 8.2642
2025-01-07 15:39:52,576 (evaluate_mcd:171) INFO: GTSINGER_CHINESE_Alto1_Breathy_不再见_ControlGroup_0002 6.6108
2025-01-07 15:39:53,721 (evaluate_mcd:171) INFO: GTSINGER_CHINESE_Alto1_Vibrato_不再见_ControlGroup_0000 7.4421
2025-01-07 15:39:53,960 (evaluate_mcd:171) INFO: GTSINGER_CHINESE_Alto1_Glissando_曹操_ControlGroup_0005 7.1910
2025-01-07 15:39:55,200 (evaluate_mcd:171) INFO: GTSINGER_CHINESE_Tenor1_Pharyngeal_曹操_ControlGroup_0011 11.9137
2025-01-07 15:39:55,208 (evaluate_mcd:171) INFO: GTSINGER_CHINESE_Tenor1_Mixed_Voice_and_Falsetto_曹操_ControlGroup_0011 11.9605
2025-01-07 15:39:55,498 (evaluate_mcd:171) INFO: GTSINGER_CHINESE_Tenor1_Breathy_爱情转移_ControlGroup_0002 5.5976
2025-01-07 15:39:55,508 (evaluate_mcd:171) INFO: GTSINGER_CHINESE_Tenor1_Breathy_爱情转移_BreathyGroup_0004 8.8719
2025-01-07 15:39:57,398 (evaluate_mcd:171) INFO: GTSINGER_CHINESE_Alto1_Vibrato_不再见_ControlGroup_0007 7.9825
2025-01-07 15:39:57,450 (evaluate_mcd:310) INFO: Average: 7.7073 ± 1.5219
2025-01-07 15:39:57,460 (evaluate_mcd:327) INFO: Successfully finished MCD evaluation.
2025-01-07T15:39:57 (svs.sh:1090:main) Begin Scoring for F0 related metrics on dev, results are written under exp/svs_train_raw_phn_None_zh/decode_latest/dev/F0_res
2025-01-07 15:39:59,676 (evaluate_f0:298) INFO: The number of utterances = 105
2025-01-07 15:40:09,002 (evaluate_f0:170) INFO: GTSINGER_CHINESE_Tenor1_Glissando_大鱼_ControlGroup_0000 0.1978
2025-01-07 15:40:09,247 (evaluate_f0:170) INFO: GTSINGER_CHINESE_Tenor1_Glissando_大鱼_ControlGroup_0006 0.1640
2025-01-07 15:40:10,006 (evaluate_f0:170) INFO: GTSINGER_CHINESE_Alto1_Vibrato_大鱼_ControlGroup_0003 0.2026
2025-01-07 15:40:10,259 (evaluate_f0:170) INFO: GTSINGER_CHINESE_Tenor1_Mixed_Voice_and_Falsetto_曹操_ControlGroup_0000 0.1168
2025-01-07 15:40:10,333 (evaluate_f0:170) INFO: GTSINGER_CHINESE_Alto1_Vibrato_不再见_ControlGroup_0008 0.2769
2025-01-07 15:40:10,438 (evaluate_f0:170) INFO: GTSINGER_CHINESE_Tenor1_Pharyngeal_曹操_ControlGroup_0000 0.2428
2025-01-07 15:40:11,085 (evaluate_f0:170) INFO: GTSINGER_CHINESE_Alto1_Breathy_不再见_ControlGroup_0003 0.1964
2025-01-07 15:40:11,166 (evaluate_f0:170) INFO: GTSINGER_CHINESE_Alto1_Breathy_不再见_BreathyGroup_0000 0.2221
2025-01-07 15:40:14,189 (evaluate_f0:170) INFO: GTSINGER_CHINESE_Alto1_Vibrato_大鱼_ControlGroup_0010 0.0746
2025-01-07 15:40:14,232 (evaluate_f0:170) INFO: GTSINGER_CHINESE_Tenor1_Breathy_爱情转移_ControlGroup_0003 0.1163
2025-01-07 15:40:14,446 (evaluate_f0:170) INFO: GTSINGER_CHINESE_Alto1_Pharyngeal_大鱼_ControlGroup_0006 0.1388
2025-01-07 15:40:14,532 (evaluate_f0:170) INFO: GTSINGER_CHINESE_Alto1_Vibrato_不再见_ControlGroup_0001 0.1558
2025-01-07 15:40:15,228 (evaluate_f0:170) INFO: GTSINGER_CHINESE_Tenor1_Breathy_爱情转移_BreathyGroup_0005 0.0696
2025-01-07 15:40:15,995 (evaluate_f0:170) INFO: GTSINGER_CHINESE_Alto1_Glissando_曹操_ControlGroup_0006 0.1642
2025-01-07 15:40:19,224 (evaluate_f0:170) INFO: GTSINGER_CHINESE_Tenor1_Mixed_Voice_and_Falsetto_曹操_ControlGroup_0006 0.1516
2025-01-07 15:40:19,839 (evaluate_f0:170) INFO: GTSINGER_CHINESE_Tenor1_Pharyngeal_曹操_ControlGroup_0006 0.0908
2025-01-07 15:40:20,564 (evaluate_f0:170) INFO: GTSINGER_CHINESE_Alto1_Glissando_曹操_ControlGroup_0000 0.1564
2025-01-07 15:40:20,612 (evaluate_f0:170) INFO: GTSINGER_CHINESE_Alto1_Vibrato_不再见_ControlGroup_0009 0.2704
2025-01-07 15:40:20,767 (evaluate_f0:170) INFO: GTSINGER_CHINESE_Alto1_Vibrato_大鱼_ControlGroup_0004 0.1034
2025-01-07 15:40:22,001 (evaluate_f0:170) INFO: GTSINGER_CHINESE_Alto1_Breathy_不再见_BreathyGroup_0001 0.1091
2025-01-07 15:40:22,967 (evaluate_f0:170) INFO: GTSINGER_CHINESE_Tenor1_Pharyngeal_曹操_ControlGroup_0001 0.0775
2025-01-07 15:40:23,152 (evaluate_f0:170) INFO: GTSINGER_CHINESE_Tenor1_Mixed_Voice_and_Falsetto_曹操_ControlGroup_0001 0.1133
2025-01-07 15:40:23,293 (evaluate_f0:170) INFO: GTSINGER_CHINESE_Alto1_Vibrato_大鱼_ControlGroup_0011 0.1494
2025-01-07 15:40:23,817 (evaluate_f0:170) INFO: GTSINGER_CHINESE_Alto1_Pharyngeal_大鱼_ControlGroup_0007 0.2611
2025-01-07 15:40:24,862 (evaluate_f0:170) INFO: GTSINGER_CHINESE_Tenor1_Glissando_大鱼_ControlGroup_0007 0.2645
2025-01-07 15:40:26,253 (evaluate_f0:170) INFO: GTSINGER_CHINESE_Alto1_Pharyngeal_大鱼_ControlGroup_0000 0.1406
2025-01-07 15:40:26,607 (evaluate_f0:170) INFO: GTSINGER_CHINESE_Tenor1_Glissando_大鱼_ControlGroup_0001 0.0954
2025-01-07 15:40:28,834 (evaluate_f0:170) INFO: GTSINGER_CHINESE_Alto1_Vibrato_不再见_ControlGroup_0002 0.1583
2025-01-07 15:40:28,925 (evaluate_f0:170) INFO: GTSINGER_CHINESE_Tenor1_Breathy_爱情转移_ControlGroup_0004 0.1796
2025-01-07 15:40:29,296 (evaluate_f0:170) INFO: GTSINGER_CHINESE_Tenor1_Breathy_爱情转移_BreathyGroup_0006 0.1166
2025-01-07 15:40:30,962 (evaluate_f0:170) INFO: GTSINGER_CHINESE_Alto1_Vibrato_不再见_ControlGroup_0010 0.1505
2025-01-07 15:40:31,702 (evaluate_f0:170) INFO: GTSINGER_CHINESE_Alto1_Vibrato_大鱼_ControlGroup_0005 0.1541
2025-01-07 15:40:32,395 (evaluate_f0:170) INFO: GTSINGER_CHINESE_Alto1_Glissando_曹操_ControlGroup_0001 0.1229
2025-01-07 15:40:33,216 (evaluate_f0:170) INFO: GTSINGER_CHINESE_Alto1_Breathy_不再见_BreathyGroup_0002 0.1271
2025-01-07 15:40:34,851 (evaluate_f0:170) INFO: GTSINGER_CHINESE_Alto1_Pharyngeal_大鱼_ControlGroup_0008 0.2150
2025-01-07 15:40:36,606 (evaluate_f0:170) INFO: GTSINGER_CHINESE_Alto1_Pharyngeal_大鱼_ControlGroup_0001 0.0752
2025-01-07 15:40:37,317 (evaluate_f0:170) INFO: GTSINGER_CHINESE_Tenor1_Glissando_大鱼_ControlGroup_0002 0.1191
2025-01-07 15:40:37,496 (evaluate_f0:170) INFO: GTSINGER_CHINESE_Tenor1_Breathy_爱情转移_BreathyGroup_0000 0.0652
2025-01-07 15:40:39,040 (evaluate_f0:170) INFO: GTSINGER_CHINESE_Tenor1_Mixed_Voice_and_Falsetto_曹操_ControlGroup_0007 0.0717
2025-01-07 15:40:39,226 (evaluate_f0:170) INFO: GTSINGER_CHINESE_Tenor1_Breathy_爱情转移_BreathyGroup_0007 0.1552
2025-01-07 15:40:39,369 (evaluate_f0:170) INFO: GTSINGER_CHINESE_Tenor1_Pharyngeal_曹操_ControlGroup_0007 0.1168
2025-01-07 15:40:39,776 (evaluate_f0:170) INFO: GTSINGER_CHINESE_Tenor1_Glissando_大鱼_ControlGroup_0008 0.1739
2025-01-07 15:40:40,059 (evaluate_f0:170) INFO: GTSINGER_CHINESE_Tenor1_Pharyngeal_曹操_ControlGroup_0002 0.0702
2025-01-07 15:40:40,589 (evaluate_f0:170) INFO: GTSINGER_CHINESE_Tenor1_Mixed_Voice_and_Falsetto_曹操_ControlGroup_0002 0.1190
2025-01-07 15:40:42,364 (evaluate_f0:170) INFO: GTSINGER_CHINESE_Alto1_Vibrato_不再见_ControlGroup_0003 0.1217
2025-01-07 15:40:43,752 (evaluate_f0:170) INFO: GTSINGER_CHINESE_Tenor1_Breathy_爱情转移_ControlGroup_0005 0.1353
2025-01-07 15:40:43,943 (evaluate_f0:170) INFO: GTSINGER_CHINESE_Alto1_Breathy_不再见_BreathyGroup_0003 0.2644
2025-01-07 15:40:44,298 (evaluate_f0:170) INFO: GTSINGER_CHINESE_Alto1_Vibrato_不再见_ControlGroup_0011 0.1053
2025-01-07 15:40:44,530 (evaluate_f0:170) INFO: GTSINGER_CHINESE_Alto1_Vibrato_大鱼_ControlGroup_0006 0.1503
2025-01-07 15:40:45,707 (evaluate_f0:170) INFO: GTSINGER_CHINESE_Alto1_Pharyngeal_大鱼_ControlGroup_0009 0.1516
2025-01-07 15:40:47,019 (evaluate_f0:170) INFO: GTSINGER_CHINESE_Tenor1_Glissando_大鱼_ControlGroup_0003 0.0596
2025-01-07 15:40:47,307 (evaluate_f0:170) INFO: GTSINGER_CHINESE_Alto1_Pharyngeal_大鱼_ControlGroup_0002 0.1418
2025-01-07 15:40:48,538 (evaluate_f0:170) INFO: GTSINGER_CHINESE_Tenor1_Mixed_Voice_and_Falsetto_曹操_ControlGroup_0008 0.0781
2025-01-07 15:40:48,682 (evaluate_f0:170) INFO: GTSINGER_CHINESE_Tenor1_Glissando_大鱼_ControlGroup_0009 0.1806
2025-01-07 15:40:48,960 (evaluate_f0:170) INFO: GTSINGER_CHINESE_Tenor1_Pharyngeal_曹操_ControlGroup_0008 0.1773
2025-01-07 15:40:49,589 (evaluate_f0:170) INFO: GTSINGER_CHINESE_Alto1_Glissando_曹操_ControlGroup_0002 0.1037
2025-01-07 15:40:50,061 (evaluate_f0:170) INFO: GTSINGER_CHINESE_Tenor1_Mixed_Voice_and_Falsetto_曹操_ControlGroup_0003 0.1592
2025-01-07 15:40:50,531 (evaluate_f0:170) INFO: GTSINGER_CHINESE_Tenor1_Pharyngeal_曹操_ControlGroup_0003 0.1435
2025-01-07 15:40:50,607 (evaluate_f0:170) INFO: GTSINGER_CHINESE_Tenor1_Breathy_爱情转移_BreathyGroup_0008 0.2450
2025-01-07 15:40:51,664 (evaluate_f0:170) INFO: GTSINGER_CHINESE_Tenor1_Breathy_爱情转移_BreathyGroup_0001 0.1216
2025-01-07 15:40:52,695 (evaluate_f0:170) INFO: GTSINGER_CHINESE_Alto1_Vibrato_大鱼_ControlGroup_0007 0.1485
2025-01-07 15:40:54,708 (evaluate_f0:170) INFO: GTSINGER_CHINESE_Alto1_Vibrato_大鱼_ControlGroup_0000 0.1311
2025-01-07 15:40:55,192 (evaluate_f0:170) INFO: GTSINGER_CHINESE_Alto1_Breathy_不再见_ControlGroup_0000 0.1631
2025-01-07 15:40:55,833 (evaluate_f0:170) INFO: GTSINGER_CHINESE_Alto1_Vibrato_不再见_ControlGroup_0004 0.1620
2025-01-07 15:40:56,845 (evaluate_f0:170) INFO: GTSINGER_CHINESE_Tenor1_Glissando_大鱼_ControlGroup_0004 0.0927
2025-01-07 15:40:57,163 (evaluate_f0:170) INFO: GTSINGER_CHINESE_Alto1_Pharyngeal_大鱼_ControlGroup_0003 0.3335
2025-01-07 15:40:58,342 (evaluate_f0:170) INFO: GTSINGER_CHINESE_Tenor1_Mixed_Voice_and_Falsetto_曹操_ControlGroup_0009 0.1190
2025-01-07 15:40:58,401 (evaluate_f0:170) INFO: GTSINGER_CHINESE_Tenor1_Breathy_爱情转移_ControlGroup_0006 0.1159
2025-01-07 15:40:58,717 (evaluate_f0:170) INFO: GTSINGER_CHINESE_Tenor1_Pharyngeal_曹操_ControlGroup_0009 0.0738
2025-01-07 15:40:59,189 (evaluate_f0:170) INFO: GTSINGER_CHINESE_Alto1_Pharyngeal_大鱼_ControlGroup_0010 0.1668
2025-01-07 15:40:59,252 (evaluate_f0:170) INFO: GTSINGER_CHINESE_Alto1_Glissando_曹操_ControlGroup_0003 0.1885
2025-01-07 15:40:59,988 (evaluate_f0:170) INFO: GTSINGER_CHINESE_Tenor1_Mixed_Voice_and_Falsetto_曹操_ControlGroup_0004 0.1511
2025-01-07 15:41:01,095 (evaluate_f0:170) INFO: GTSINGER_CHINESE_Tenor1_Pharyngeal_曹操_ControlGroup_0004 0.1216
2025-01-07 15:41:03,268 (evaluate_f0:170) INFO: GTSINGER_CHINESE_Alto1_Vibrato_大鱼_ControlGroup_0008 0.1075
2025-01-07 15:41:04,083 (evaluate_f0:170) INFO: GTSINGER_CHINESE_Alto1_Vibrato_大鱼_ControlGroup_0001 0.1436
2025-01-07 15:41:04,481 (evaluate_f0:170) INFO: GTSINGER_CHINESE_Tenor1_Breathy_爱情转移_ControlGroup_0000 0.1264
2025-01-07 15:41:05,210 (evaluate_f0:170) INFO: GTSINGER_CHINESE_Alto1_Breathy_不再见_ControlGroup_0001 0.1220
2025-01-07 15:41:05,751 (evaluate_f0:170) INFO: GTSINGER_CHINESE_Tenor1_Glissando_大鱼_ControlGroup_0010 0.1575
2025-01-07 15:41:06,164 (evaluate_f0:170) INFO: GTSINGER_CHINESE_Tenor1_Breathy_爱情转移_BreathyGroup_0002 0.1665
2025-01-07 15:41:07,819 (evaluate_f0:170) INFO: GTSINGER_CHINESE_Alto1_Pharyngeal_大鱼_ControlGroup_0004 0.2118
2025-01-07 15:41:07,883 (evaluate_f0:170) INFO: GTSINGER_CHINESE_Tenor1_Breathy_爱情转移_ControlGroup_0007 0.1845
2025-01-07 15:41:08,110 (evaluate_f0:170) INFO: GTSINGER_CHINESE_Alto1_Pharyngeal_大鱼_ControlGroup_0011 0.1177
2025-01-07 15:41:08,419 (evaluate_f0:170) INFO: GTSINGER_CHINESE_Alto1_Vibrato_不再见_ControlGroup_0005 0.2356
2025-01-07 15:41:08,966 (evaluate_f0:170) INFO: GTSINGER_CHINESE_Alto1_Glissando_曹操_ControlGroup_0004 0.1569
2025-01-07 15:41:09,242 (evaluate_f0:170) INFO: GTSINGER_CHINESE_Tenor1_Mixed_Voice_and_Falsetto_曹操_ControlGroup_0005 0.1690
2025-01-07 15:41:10,263 (evaluate_f0:170) INFO: GTSINGER_CHINESE_Tenor1_Pharyngeal_曹操_ControlGroup_0005 0.1072
2025-01-07 15:41:13,238 (evaluate_f0:170) INFO: GTSINGER_CHINESE_Alto1_Vibrato_大鱼_ControlGroup_0009 0.0769
2025-01-07 15:41:13,836 (evaluate_f0:170) INFO: GTSINGER_CHINESE_Alto1_Vibrato_大鱼_ControlGroup_0002 0.1241
2025-01-07 15:41:14,904 (evaluate_f0:170) INFO: GTSINGER_CHINESE_Alto1_Breathy_不再见_ControlGroup_0002 0.1775
2025-01-07 15:41:15,176 (evaluate_f0:170) INFO: GTSINGER_CHINESE_Tenor1_Glissando_大鱼_ControlGroup_0011 0.1127
2025-01-07 15:41:15,249 (evaluate_f0:170) INFO: GTSINGER_CHINESE_Tenor1_Mixed_Voice_and_Falsetto_曹操_ControlGroup_0010 0.1526
2025-01-07 15:41:15,797 (evaluate_f0:170) INFO: GTSINGER_CHINESE_Tenor1_Glissando_大鱼_ControlGroup_0005 0.0937
2025-01-07 15:41:16,107 (evaluate_f0:170) INFO: GTSINGER_CHINESE_Tenor1_Pharyngeal_曹操_ControlGroup_0010 0.1036
2025-01-07 15:41:17,474 (evaluate_f0:170) INFO: GTSINGER_CHINESE_Tenor1_Breathy_爱情转移_ControlGroup_0001 0.0718
2025-01-07 15:41:17,604 (evaluate_f0:170) INFO: GTSINGER_CHINESE_Alto1_Glissando_曹操_ControlGroup_0005 0.1582
2025-01-07 15:41:18,041 (evaluate_f0:170) INFO: GTSINGER_CHINESE_Tenor1_Breathy_爱情转移_ControlGroup_0008 0.1351
2025-01-07 15:41:18,064 (evaluate_f0:170) INFO: GTSINGER_CHINESE_Alto1_Pharyngeal_大鱼_ControlGroup_0005 0.2133
2025-01-07 15:41:18,963 (evaluate_f0:170) INFO: GTSINGER_CHINESE_Tenor1_Breathy_爱情转移_BreathyGroup_0003 0.0785
2025-01-07 15:41:20,795 (evaluate_f0:170) INFO: GTSINGER_CHINESE_Alto1_Vibrato_不再见_ControlGroup_0006 0.2277
2025-01-07 15:41:21,113 (evaluate_f0:170) INFO: GTSINGER_CHINESE_Alto1_Vibrato_不再见_ControlGroup_0000 0.1836
2025-01-07 15:41:25,042 (evaluate_f0:170) INFO: GTSINGER_CHINESE_Tenor1_Mixed_Voice_and_Falsetto_曹操_ControlGroup_0011 0.1350
2025-01-07 15:41:25,362 (evaluate_f0:170) INFO: GTSINGER_CHINESE_Tenor1_Pharyngeal_曹操_ControlGroup_0011 0.1087
2025-01-07 15:41:29,698 (evaluate_f0:170) INFO: GTSINGER_CHINESE_Tenor1_Breathy_爱情转移_ControlGroup_0002 0.0955
2025-01-07 15:41:30,864 (evaluate_f0:170) INFO: GTSINGER_CHINESE_Tenor1_Breathy_爱情转移_BreathyGroup_0004 0.1237
2025-01-07 15:41:33,097 (evaluate_f0:170) INFO: GTSINGER_CHINESE_Alto1_Vibrato_不再见_ControlGroup_0007 0.1551
2025-01-07 15:41:33,126 (evaluate_f0:323) INFO: Average: 0.1462 ± 0.0531
2025-01-07 15:41:33,135 (evaluate_f0:340) INFO: Successfully finished log-F0 RMSE evaluation.
2025-01-07T15:41:33 (svs.sh:1099:main) Begin Scoring for SEMITONE related metrics on dev, results are written under exp/svs_train_raw_phn_None_zh/decode_latest/dev/SEMITONE_res
2025-01-07 15:41:35,132 (evaluate_semitone:311) INFO: The number of utterances = 105
2025-01-07 15:43:14,435 (evaluate_semitone:335) INFO: Average - Semitone_ACC: 43.78%
2025-01-07 15:43:14,444 (evaluate_semitone:352) INFO: Successfully finished semitone ACC evaluation.
2025-01-07T15:43:14 (svs.sh:1108:main) Begin Scoring for VUV related metrics on dev, results are written under exp/svs_train_raw_phn_None_zh/decode_latest/dev/VUV_res
2025-01-07 15:43:17,183 (evaluate_vuv:302) INFO: The number of utterances = 105
2025-01-07 15:44:54,381 (evaluate_vuv:324) INFO: Average - VUV_ERROR: 4.15%
2025-01-07 15:44:54,391 (evaluate_vuv:341) INFO: Successfully finished VUV error evaluation.
2025-01-07T15:44:54 (svs.sh:1081:main) Begin Scoring for MCD metrics on eval, results are written under exp/svs_train_raw_phn_None_zh/decode_latest/eval/MCD_res
2025-01-07 15:44:56,690 (evaluate_mcd:287) INFO: The number of utterances = 148
2025-01-07 15:45:00,417 (evaluate_mcd:171) INFO: GTSINGER_CHINESE_Alto1_Vibrato_画心_ControlGroup_0009 8.7445
2025-01-07 15:45:00,639 (evaluate_mcd:171) INFO: GTSINGER_CHINESE_Alto1_Mixed_Voice_and_Falsetto_可惜没如果_ControlGroup_0005 8.1971
2025-01-07 15:45:00,935 (evaluate_mcd:171) INFO: GTSINGER_CHINESE_Tenor1_Glissando_画心_ControlGroup_0008 9.5028
2025-01-07 15:45:01,191 (evaluate_mcd:171) INFO: GTSINGER_CHINESE_Tenor1_Mixed_Voice_and_Falsetto_菊花台_ControlGroup_0003 7.1774
2025-01-07 15:45:01,335 (evaluate_mcd:171) INFO: GTSINGER_CHINESE_Alto1_Mixed_Voice_and_Falsetto_画心_ControlGroup_0002 7.5394
2025-01-07 15:45:01,510 (evaluate_mcd:171) INFO: GTSINGER_CHINESE_Alto1_Vibrato_画心_ControlGroup_0000 6.9340
2025-01-07 15:45:01,543 (evaluate_mcd:171) INFO: GTSINGER_CHINESE_Alto1_Mixed_Voice_and_Falsetto_画心_ControlGroup_0011 7.1940
2025-01-07 15:45:02,286 (evaluate_mcd:171) INFO: GTSINGER_CHINESE_Alto1_Vibrato_菊花台_ControlGroup_0006 7.0567
2025-01-07 15:45:02,297 (evaluate_mcd:171) INFO: GTSINGER_CHINESE_Alto1_Glissando_可惜没如果_ControlGroup_0011 6.6658
2025-01-07 15:45:02,396 (evaluate_mcd:171) INFO: GTSINGER_CHINESE_Alto1_Glissando_可惜没如果_ControlGroup_0002 6.8599
2025-01-07 15:45:02,928 (evaluate_mcd:171) INFO: GTSINGER_CHINESE_Alto1_Breathy_默_BreathyGroup_0006 6.3768
2025-01-07 15:45:03,053 (evaluate_mcd:171) INFO: GTSINGER_CHINESE_Alto1_Mixed_Voice_and_Falsetto_匆匆那年_ControlGroup_0008 6.3967
2025-01-07 15:45:03,466 (evaluate_mcd:171) INFO: GTSINGER_CHINESE_Tenor1_Breathy_默_ControlGroup_0001 6.2846
2025-01-07 15:45:04,086 (evaluate_mcd:171) INFO: GTSINGER_CHINESE_Alto1_Breathy_匆匆那年_BreathyGroup_0000 8.9266
2025-01-07 15:45:04,126 (evaluate_mcd:171) INFO: GTSINGER_CHINESE_Alto1_Breathy_匆匆那年_ControlGroup_0008 7.6170
2025-01-07 15:45:04,343 (evaluate_mcd:171) INFO: GTSINGER_CHINESE_Alto1_Breathy_匆匆那年_BreathyGroup_0010 7.7758
2025-01-07 15:45:04,943 (evaluate_mcd:171) INFO: GTSINGER_CHINESE_Tenor1_Mixed_Voice_and_Falsetto_菊花台_ControlGroup_0004 6.6157
2025-01-07 15:45:05,031 (evaluate_mcd:171) INFO: GTSINGER_CHINESE_Tenor1_Glissando_画心_ControlGroup_0009 6.5051
2025-01-07 15:45:05,032 (evaluate_mcd:171) INFO: GTSINGER_CHINESE_Alto1_Vibrato_画心_ControlGroup_0010 7.2553
2025-01-07 15:45:05,033 (evaluate_mcd:171) INFO: GTSINGER_CHINESE_Alto1_Mixed_Voice_and_Falsetto_可惜没如果_ControlGroup_0006 7.8442
2025-01-07 15:45:05,810 (evaluate_mcd:171) INFO: GTSINGER_CHINESE_Alto1_Mixed_Voice_and_Falsetto_菊花台_ControlGroup_0000 8.4816
2025-01-07 15:45:05,875 (evaluate_mcd:171) INFO: GTSINGER_CHINESE_Alto1_Mixed_Voice_and_Falsetto_画心_ControlGroup_0003 6.3792
2025-01-07 15:45:06,455 (evaluate_mcd:171) INFO: GTSINGER_CHINESE_Alto1_Vibrato_菊花台_ControlGroup_0007 6.8629
2025-01-07 15:45:06,490 (evaluate_mcd:171) INFO: GTSINGER_CHINESE_Alto1_Vibrato_画心_ControlGroup_0001 6.7676
2025-01-07 15:45:06,644 (evaluate_mcd:171) INFO: GTSINGER_CHINESE_Alto1_Glissando_可惜没如果_ControlGroup_0003 10.4804
2025-01-07 15:45:08,484 (evaluate_mcd:171) INFO: GTSINGER_CHINESE_Tenor1_Glissando_画心_ControlGroup_0000 5.9170
2025-01-07 15:45:08,580 (evaluate_mcd:171) INFO: GTSINGER_CHINESE_Tenor1_Mixed_Voice_and_Falsetto_菊花台_ControlGroup_0005 5.9019
2025-01-07 15:45:09,076 (evaluate_mcd:171) INFO: GTSINGER_CHINESE_Tenor1_Glissando_画心_ControlGroup_0010 6.2862
2025-01-07 15:45:09,174 (evaluate_mcd:171) INFO: GTSINGER_CHINESE_Alto1_Vibrato_画心_ControlGroup_0011 5.9445
2025-01-07 15:45:09,596 (evaluate_mcd:171) INFO: GTSINGER_CHINESE_Alto1_Mixed_Voice_and_Falsetto_匆匆那年_ControlGroup_0000 8.3609
2025-01-07 15:45:09,696 (evaluate_mcd:171) INFO: GTSINGER_CHINESE_Alto1_Breathy_默_ControlGroup_0000 6.9289
2025-01-07 15:45:09,720 (evaluate_mcd:171) INFO: GTSINGER_CHINESE_Alto1_Mixed_Voice_and_Falsetto_可惜没如果_ControlGroup_0007 7.0647
2025-01-07 15:45:10,218 (evaluate_mcd:171) INFO: GTSINGER_CHINESE_Alto1_Mixed_Voice_and_Falsetto_菊花台_ControlGroup_0001 6.1580
2025-01-07 15:45:10,352 (evaluate_mcd:171) INFO: GTSINGER_CHINESE_Alto1_Mixed_Voice_and_Falsetto_画心_ControlGroup_0004 6.2184
2025-01-07 15:45:10,516 (evaluate_mcd:171) INFO: GTSINGER_CHINESE_Alto1_Breathy_匆匆那年_BreathyGroup_0001 8.7003
2025-01-07 15:45:10,775 (evaluate_mcd:171) INFO: GTSINGER_CHINESE_Alto1_Mixed_Voice_and_Falsetto_匆匆那年_ControlGroup_0009 7.1742
2025-01-07 15:45:10,977 (evaluate_mcd:171) INFO: GTSINGER_CHINESE_Alto1_Breathy_匆匆那年_BreathyGroup_0011 7.6437
2025-01-07 15:45:10,980 (evaluate_mcd:171) INFO: GTSINGER_CHINESE_Alto1_Breathy_匆匆那年_ControlGroup_0009 8.9458
2025-01-07 15:45:11,450 (evaluate_mcd:171) INFO: GTSINGER_CHINESE_Alto1_Vibrato_画心_ControlGroup_0002 6.4522
2025-01-07 15:45:12,070 (evaluate_mcd:171) INFO: GTSINGER_CHINESE_Alto1_Vibrato_菊花台_ControlGroup_0008 7.5036
2025-01-07 15:45:12,785 (evaluate_mcd:171) INFO: GTSINGER_CHINESE_Tenor1_Glissando_画心_ControlGroup_0001 9.5388
2025-01-07 15:45:13,568 (evaluate_mcd:171) INFO: GTSINGER_CHINESE_Alto1_Glissando_可惜没如果_ControlGroup_0004 10.4857
2025-01-07 15:45:13,815 (evaluate_mcd:171) INFO: GTSINGER_CHINESE_Alto1_Mixed_Voice_and_Falsetto_可惜没如果_ControlGroup_0008 7.5863
2025-01-07 15:45:13,975 (evaluate_mcd:171) INFO: GTSINGER_CHINESE_Alto1_Vibrato_菊花台_ControlGroup_0000 5.9858
2025-01-07 15:45:15,071 (evaluate_mcd:171) INFO: GTSINGER_CHINESE_Alto1_Mixed_Voice_and_Falsetto_画心_ControlGroup_0005 7.5818
2025-01-07 15:45:15,075 (evaluate_mcd:171) INFO: GTSINGER_CHINESE_Alto1_Breathy_默_ControlGroup_0001 6.5824
2025-01-07 15:45:15,208 (evaluate_mcd:171) INFO: GTSINGER_CHINESE_Alto1_Pharyngeal_默_ControlGroup_0000 8.0353
2025-01-07 15:45:15,413 (evaluate_mcd:171) INFO: GTSINGER_CHINESE_Tenor1_Mixed_Voice_and_Falsetto_可惜没如果_ControlGroup_0000 9.2747
2025-01-07 15:45:16,311 (evaluate_mcd:171) INFO: GTSINGER_CHINESE_Tenor1_Mixed_Voice_and_Falsetto_菊花台_ControlGroup_0006 9.6994
2025-01-07 15:45:16,452 (evaluate_mcd:171) INFO: GTSINGER_CHINESE_Alto1_Mixed_Voice_and_Falsetto_匆匆那年_ControlGroup_0001 8.8634
2025-01-07 15:45:16,455 (evaluate_mcd:171) INFO: GTSINGER_CHINESE_Alto1_Vibrato_画心_ControlGroup_0003 5.9384
2025-01-07 15:45:16,501 (evaluate_mcd:171) INFO: GTSINGER_CHINESE_Tenor1_Glissando_画心_ControlGroup_0002 7.4169
2025-01-07 15:45:17,515 (evaluate_mcd:171) INFO: GTSINGER_CHINESE_Alto1_Breathy_匆匆那年_BreathyGroup_0002 8.5358
2025-01-07 15:45:17,778 (evaluate_mcd:171) INFO: GTSINGER_CHINESE_Alto1_Glissando_可惜没如果_ControlGroup_0005 7.4584
2025-01-07 15:45:17,967 (evaluate_mcd:171) INFO: GTSINGER_CHINESE_Alto1_Mixed_Voice_and_Falsetto_可惜没如果_ControlGroup_0009 8.5623
2025-01-07 15:45:18,053 (evaluate_mcd:171) INFO: GTSINGER_CHINESE_Alto1_Vibrato_菊花台_ControlGroup_0009 6.4111
2025-01-07 15:45:18,081 (evaluate_mcd:171) INFO: GTSINGER_CHINESE_Alto1_Mixed_Voice_and_Falsetto_匆匆那年_ControlGroup_0010 7.2180
2025-01-07 15:45:18,156 (evaluate_mcd:171) INFO: GTSINGER_CHINESE_Alto1_Breathy_匆匆那年_ControlGroup_0010 8.1314
2025-01-07 15:45:18,250 (evaluate_mcd:171) INFO: GTSINGER_CHINESE_Alto1_Breathy_匆匆那年_ControlGroup_0000 6.7928
2025-01-07 15:45:18,623 (evaluate_mcd:171) INFO: GTSINGER_CHINESE_Alto1_Vibrato_菊花台_ControlGroup_0001 6.7356
2025-01-07 15:45:19,003 (evaluate_mcd:171) INFO: GTSINGER_CHINESE_Tenor1_Mixed_Voice_and_Falsetto_可惜没如果_ControlGroup_0001 8.7709
2025-01-07 15:45:19,435 (evaluate_mcd:171) INFO: GTSINGER_CHINESE_Alto1_Breathy_默_ControlGroup_0002 8.5350
2025-01-07 15:45:19,639 (evaluate_mcd:171) INFO: GTSINGER_CHINESE_Alto1_Mixed_Voice_and_Falsetto_画心_ControlGroup_0006 8.1467
2025-01-07 15:45:20,095 (evaluate_mcd:171) INFO: GTSINGER_CHINESE_Alto1_Mixed_Voice_and_Falsetto_匆匆那年_ControlGroup_0002 8.1325
2025-01-07 15:45:20,295 (evaluate_mcd:171) INFO: GTSINGER_CHINESE_Alto1_Pharyngeal_默_ControlGroup_0001 9.9307
2025-01-07 15:45:20,354 (evaluate_mcd:171) INFO: GTSINGER_CHINESE_Tenor1_Glissando_画心_ControlGroup_0003 7.9443
2025-01-07 15:45:20,868 (evaluate_mcd:171) INFO: GTSINGER_CHINESE_Tenor1_Mixed_Voice_and_Falsetto_菊花台_ControlGroup_0007 9.8996
2025-01-07 15:45:21,072 (evaluate_mcd:171) INFO: GTSINGER_CHINESE_Alto1_Vibrato_画心_ControlGroup_0004 8.3689
2025-01-07 15:45:21,939 (evaluate_mcd:171) INFO: GTSINGER_CHINESE_Alto1_Mixed_Voice_and_Falsetto_可惜没如果_ControlGroup_0010 8.3515
2025-01-07 15:45:22,360 (evaluate_mcd:171) INFO: GTSINGER_CHINESE_Alto1_Glissando_可惜没如果_ControlGroup_0006 8.3100
2025-01-07 15:45:22,748 (evaluate_mcd:171) INFO: GTSINGER_CHINESE_Alto1_Vibrato_菊花台_ControlGroup_0010 7.5117
2025-01-07 15:45:23,501 (evaluate_mcd:171) INFO: GTSINGER_CHINESE_Alto1_Vibrato_菊花台_ControlGroup_0002 6.7594
2025-01-07 15:45:23,688 (evaluate_mcd:171) INFO: GTSINGER_CHINESE_Alto1_Mixed_Voice_and_Falsetto_匆匆那年_ControlGroup_0003 7.2225
2025-01-07 15:45:24,278 (evaluate_mcd:171) INFO: GTSINGER_CHINESE_Alto1_Mixed_Voice_and_Falsetto_画心_ControlGroup_0007 6.6881
2025-01-07 15:45:24,390 (evaluate_mcd:171) INFO: GTSINGER_CHINESE_Alto1_Breathy_默_ControlGroup_0003 7.3358
2025-01-07 15:45:24,519 (evaluate_mcd:171) INFO: GTSINGER_CHINESE_Tenor1_Glissando_画心_ControlGroup_0004 5.4439
2025-01-07 15:45:24,604 (evaluate_mcd:171) INFO: GTSINGER_CHINESE_Alto1_Breathy_匆匆那年_ControlGroup_0011 8.1798
2025-01-07 15:45:24,942 (evaluate_mcd:171) INFO: GTSINGER_CHINESE_Alto1_Breathy_匆匆那年_ControlGroup_0001 8.8377
2025-01-07 15:45:25,324 (evaluate_mcd:171) INFO: GTSINGER_CHINESE_Tenor1_Mixed_Voice_and_Falsetto_菊花台_ControlGroup_0008 6.3152
2025-01-07 15:45:25,385 (evaluate_mcd:171) INFO: GTSINGER_CHINESE_Alto1_Pharyngeal_默_ControlGroup_0002 11.2711
2025-01-07 15:45:25,498 (evaluate_mcd:171) INFO: GTSINGER_CHINESE_Alto1_Mixed_Voice_and_Falsetto_匆匆那年_ControlGroup_0011 9.0926
2025-01-07 15:45:26,243 (evaluate_mcd:171) INFO: GTSINGER_CHINESE_Alto1_Vibrato_画心_ControlGroup_0005 7.7770
2025-01-07 15:45:26,663 (evaluate_mcd:171) INFO: GTSINGER_CHINESE_Alto1_Mixed_Voice_and_Falsetto_可惜没如果_ControlGroup_0011 8.1067
2025-01-07 15:45:26,903 (evaluate_mcd:171) INFO: GTSINGER_CHINESE_Alto1_Breathy_匆匆那年_BreathyGroup_0003 8.6099
2025-01-07 15:45:27,333 (evaluate_mcd:171) INFO: GTSINGER_CHINESE_Alto1_Glissando_可惜没如果_ControlGroup_0007 6.8496
2025-01-07 15:45:27,470 (evaluate_mcd:171) INFO: GTSINGER_CHINESE_Alto1_Mixed_Voice_and_Falsetto_匆匆那年_ControlGroup_0004 7.7478
2025-01-07 15:45:27,888 (evaluate_mcd:171) INFO: GTSINGER_CHINESE_Tenor1_Mixed_Voice_and_Falsetto_可惜没如果_ControlGroup_0002 6.8190
2025-01-07 15:45:28,314 (evaluate_mcd:171) INFO: GTSINGER_CHINESE_Tenor1_Glissando_画心_ControlGroup_0005 9.6443
2025-01-07 15:45:28,621 (evaluate_mcd:171) INFO: GTSINGER_CHINESE_Alto1_Vibrato_菊花台_ControlGroup_0003 5.8557
2025-01-07 15:45:28,936 (evaluate_mcd:171) INFO: GTSINGER_CHINESE_Alto1_Mixed_Voice_and_Falsetto_画心_ControlGroup_0008 7.6521
2025-01-07 15:45:29,481 (evaluate_mcd:171) INFO: GTSINGER_CHINESE_Alto1_Vibrato_菊花台_ControlGroup_0011 6.8424
2025-01-07 15:45:29,563 (evaluate_mcd:171) INFO: GTSINGER_CHINESE_Alto1_Mixed_Voice_and_Falsetto_可惜没如果_ControlGroup_0000 6.7807
2025-01-07 15:45:30,267 (evaluate_mcd:171) INFO: GTSINGER_CHINESE_Alto1_Pharyngeal_默_ControlGroup_0003 8.2425
2025-01-07 15:45:30,631 (evaluate_mcd:171) INFO: GTSINGER_CHINESE_Alto1_Breathy_匆匆那年_BreathyGroup_0004 9.0592
2025-01-07 15:45:30,786 (evaluate_mcd:171) INFO: GTSINGER_CHINESE_Alto1_Mixed_Voice_and_Falsetto_画心_ControlGroup_0000 7.2466
2025-01-07 15:45:31,527 (evaluate_mcd:171) INFO: GTSINGER_CHINESE_Alto1_Vibrato_画心_ControlGroup_0006 6.8667
2025-01-07 15:45:31,609 (evaluate_mcd:171) INFO: GTSINGER_CHINESE_Alto1_Glissando_可惜没如果_ControlGroup_0008 7.2758
2025-01-07 15:45:31,624 (evaluate_mcd:171) INFO: GTSINGER_CHINESE_Tenor1_Mixed_Voice_and_Falsetto_菊花台_ControlGroup_0000 5.9745
2025-01-07 15:45:31,671 (evaluate_mcd:171) INFO: GTSINGER_CHINESE_Alto1_Breathy_默_ControlGroup_0004 6.3414
2025-01-07 15:45:31,707 (evaluate_mcd:171) INFO: GTSINGER_CHINESE_Alto1_Breathy_默_BreathyGroup_0000 7.3424
2025-01-07 15:45:32,204 (evaluate_mcd:171) INFO: GTSINGER_CHINESE_Alto1_Breathy_匆匆那年_ControlGroup_0002 7.5256
2025-01-07 15:45:33,415 (evaluate_mcd:171) INFO: GTSINGER_CHINESE_Alto1_Mixed_Voice_and_Falsetto_画心_ControlGroup_0009 7.7013
2025-01-07 15:45:33,535 (evaluate_mcd:171) INFO: GTSINGER_CHINESE_Alto1_Vibrato_菊花台_ControlGroup_0004 5.8350
2025-01-07 15:45:34,174 (evaluate_mcd:171) INFO: GTSINGER_CHINESE_Alto1_Mixed_Voice_and_Falsetto_匆匆那年_ControlGroup_0005 7.4919
2025-01-07 15:45:34,439 (evaluate_mcd:171) INFO: GTSINGER_CHINESE_Tenor1_Mixed_Voice_and_Falsetto_菊花台_ControlGroup_0009 10.4667
2025-01-07 15:45:34,765 (evaluate_mcd:171) INFO: GTSINGER_CHINESE_Alto1_Pharyngeal_默_ControlGroup_0004 9.7875
2025-01-07 15:45:35,153 (evaluate_mcd:171) INFO: GTSINGER_CHINESE_Tenor1_Glissando_画心_ControlGroup_0006 8.2021
2025-01-07 15:45:35,314 (evaluate_mcd:171) INFO: GTSINGER_CHINESE_Alto1_Mixed_Voice_and_Falsetto_画心_ControlGroup_0001 7.4970
2025-01-07 15:45:35,346 (evaluate_mcd:171) INFO: GTSINGER_CHINESE_Tenor1_Mixed_Voice_and_Falsetto_菊花台_ControlGroup_0001 8.3965
2025-01-07 15:45:35,947 (evaluate_mcd:171) INFO: GTSINGER_CHINESE_Alto1_Mixed_Voice_and_Falsetto_可惜没如果_ControlGroup_0001 7.3049
2025-01-07 15:45:36,008 (evaluate_mcd:171) INFO: GTSINGER_CHINESE_Alto1_Glissando_可惜没如果_ControlGroup_0009 7.7660
2025-01-07 15:45:36,095 (evaluate_mcd:171) INFO: GTSINGER_CHINESE_Tenor1_Breathy_默_BreathyGroup_0000 6.6400
2025-01-07 15:45:36,215 (evaluate_mcd:171) INFO: GTSINGER_CHINESE_Alto1_Breathy_匆匆那年_BreathyGroup_0005 7.8971
2025-01-07 15:45:36,652 (evaluate_mcd:171) INFO: GTSINGER_CHINESE_Alto1_Vibrato_画心_ControlGroup_0007 5.8868
2025-01-07 15:45:36,877 (evaluate_mcd:171) INFO: GTSINGER_CHINESE_Alto1_Breathy_默_BreathyGroup_0001 8.9367
2025-01-07 15:45:37,900 (evaluate_mcd:171) INFO: GTSINGER_CHINESE_Alto1_Mixed_Voice_and_Falsetto_画心_ControlGroup_0010 7.6590
2025-01-07 15:45:38,227 (evaluate_mcd:171) INFO: GTSINGER_CHINESE_Alto1_Mixed_Voice_and_Falsetto_匆匆那年_ControlGroup_0006 7.1927
2025-01-07 15:45:38,400 (evaluate_mcd:171) INFO: GTSINGER_CHINESE_Alto1_Vibrato_菊花台_ControlGroup_0005 7.4238
2025-01-07 15:45:38,584 (evaluate_mcd:171) INFO: GTSINGER_CHINESE_Alto1_Breathy_默_ControlGroup_0005 9.0441
2025-01-07 15:45:38,832 (evaluate_mcd:171) INFO: GTSINGER_CHINESE_Tenor1_Glissando_画心_ControlGroup_0007 9.9579
2025-01-07 15:45:39,020 (evaluate_mcd:171) INFO: GTSINGER_CHINESE_Tenor1_Mixed_Voice_and_Falsetto_菊花台_ControlGroup_0002 10.3365
2025-01-07 15:45:40,057 (evaluate_mcd:171) INFO: GTSINGER_CHINESE_Alto1_Pharyngeal_默_ControlGroup_0005 8.4888
2025-01-07 15:45:40,227 (evaluate_mcd:171) INFO: GTSINGER_CHINESE_Alto1_Mixed_Voice_and_Falsetto_可惜没如果_ControlGroup_0002 6.7230
2025-01-07 15:45:40,370 (evaluate_mcd:171) INFO: GTSINGER_CHINESE_Tenor1_Mixed_Voice_and_Falsetto_菊花台_ControlGroup_0010 5.9834
2025-01-07 15:45:40,496 (evaluate_mcd:171) INFO: GTSINGER_CHINESE_Alto1_Glissando_可惜没如果_ControlGroup_0010 8.1328
2025-01-07 15:45:41,042 (evaluate_mcd:171) INFO: GTSINGER_CHINESE_Alto1_Breathy_默_BreathyGroup_0002 9.3063
2025-01-07 15:45:41,136 (evaluate_mcd:171) INFO: GTSINGER_CHINESE_Alto1_Vibrato_画心_ControlGroup_0008 8.0473
2025-01-07 15:45:41,460 (evaluate_mcd:171) INFO: GTSINGER_CHINESE_Alto1_Breathy_匆匆那年_BreathyGroup_0006 7.7897
2025-01-07 15:45:41,751 (evaluate_mcd:171) INFO: GTSINGER_CHINESE_Alto1_Breathy_匆匆那年_ControlGroup_0003 8.5490
2025-01-07 15:45:42,459 (evaluate_mcd:171) INFO: GTSINGER_CHINESE_Tenor1_Breathy_默_BreathyGroup_0001 7.4320
2025-01-07 15:45:43,947 (evaluate_mcd:171) INFO: GTSINGER_CHINESE_Alto1_Mixed_Voice_and_Falsetto_匆匆那年_ControlGroup_0007 6.7734
2025-01-07 15:45:43,972 (evaluate_mcd:171) INFO: GTSINGER_CHINESE_Alto1_Mixed_Voice_and_Falsetto_可惜没如果_ControlGroup_0003 7.2445
2025-01-07 15:45:44,330 (evaluate_mcd:171) INFO: GTSINGER_CHINESE_Tenor1_Mixed_Voice_and_Falsetto_菊花台_ControlGroup_0011 9.3309
2025-01-07 15:45:44,701 (evaluate_mcd:171) INFO: GTSINGER_CHINESE_Alto1_Breathy_默_ControlGroup_0006 8.7049
2025-01-07 15:45:45,297 (evaluate_mcd:171) INFO: GTSINGER_CHINESE_Alto1_Breathy_默_BreathyGroup_0003 6.3927
2025-01-07 15:45:45,721 (evaluate_mcd:171) INFO: GTSINGER_CHINESE_Alto1_Breathy_匆匆那年_ControlGroup_0004 8.7982
2025-01-07 15:45:48,349 (evaluate_mcd:171) INFO: GTSINGER_CHINESE_Alto1_Mixed_Voice_and_Falsetto_可惜没如果_ControlGroup_0004 9.8124
2025-01-07 15:45:48,449 (evaluate_mcd:171) INFO: GTSINGER_CHINESE_Alto1_Breathy_匆匆那年_BreathyGroup_0007 6.7062
2025-01-07 15:45:49,138 (evaluate_mcd:171) INFO: GTSINGER_CHINESE_Alto1_Glissando_可惜没如果_ControlGroup_0000 7.5643
2025-01-07 15:45:49,302 (evaluate_mcd:171) INFO: GTSINGER_CHINESE_Tenor1_Breathy_默_ControlGroup_0000 5.8163
2025-01-07 15:45:51,245 (evaluate_mcd:171) INFO: GTSINGER_CHINESE_Alto1_Breathy_匆匆那年_ControlGroup_0005 7.4697
2025-01-07 15:45:52,335 (evaluate_mcd:171) INFO: GTSINGER_CHINESE_Alto1_Breathy_默_BreathyGroup_0004 6.8410
2025-01-07 15:45:52,620 (evaluate_mcd:171) INFO: GTSINGER_CHINESE_Alto1_Glissando_可惜没如果_ControlGroup_0001 7.1067
2025-01-07 15:45:55,543 (evaluate_mcd:171) INFO: GTSINGER_CHINESE_Alto1_Breathy_匆匆那年_BreathyGroup_0008 7.3131
2025-01-07 15:45:56,657 (evaluate_mcd:171) INFO: GTSINGER_CHINESE_Alto1_Breathy_匆匆那年_ControlGroup_0006 7.3952
2025-01-07 15:45:59,258 (evaluate_mcd:171) INFO: GTSINGER_CHINESE_Alto1_Breathy_默_BreathyGroup_0005 9.1318
2025-01-07 15:46:02,115 (evaluate_mcd:171) INFO: GTSINGER_CHINESE_Alto1_Breathy_匆匆那年_BreathyGroup_0009 7.5282
2025-01-07 15:46:03,512 (evaluate_mcd:171) INFO: GTSINGER_CHINESE_Alto1_Breathy_匆匆那年_ControlGroup_0007 6.8743
2025-01-07 15:46:03,544 (evaluate_mcd:310) INFO: Average: 7.6808 ± 1.1829
2025-01-07 15:46:03,554 (evaluate_mcd:327) INFO: Successfully finished MCD evaluation.
2025-01-07T15:46:03 (svs.sh:1090:main) Begin Scoring for F0 related metrics on eval, results are written under exp/svs_train_raw_phn_None_zh/decode_latest/eval/F0_res
2025-01-07 15:46:05,846 (evaluate_f0:298) INFO: The number of utterances = 148
2025-01-07 15:46:14,966 (evaluate_f0:170) INFO: GTSINGER_CHINESE_Alto1_Vibrato_画心_ControlGroup_0009 0.1352
2025-01-07 15:46:15,338 (evaluate_f0:170) INFO: GTSINGER_CHINESE_Alto1_Mixed_Voice_and_Falsetto_可惜没如果_ControlGroup_0005 0.2242
2025-01-07 15:46:16,382 (evaluate_f0:170) INFO: GTSINGER_CHINESE_Tenor1_Mixed_Voice_and_Falsetto_菊花台_ControlGroup_0003 0.0991
2025-01-07 15:46:16,614 (evaluate_f0:170) INFO: GTSINGER_CHINESE_Alto1_Vibrato_画心_ControlGroup_0000 0.1715
2025-01-07 15:46:17,117 (evaluate_f0:170) INFO: GTSINGER_CHINESE_Alto1_Mixed_Voice_and_Falsetto_画心_ControlGroup_0002 0.1517
2025-01-07 15:46:17,374 (evaluate_f0:170) INFO: GTSINGER_CHINESE_Alto1_Mixed_Voice_and_Falsetto_画心_ControlGroup_0011 0.2065
2025-01-07 15:46:17,380 (evaluate_f0:170) INFO: GTSINGER_CHINESE_Tenor1_Glissando_画心_ControlGroup_0008 0.0771
2025-01-07 15:46:17,599 (evaluate_f0:170) INFO: GTSINGER_CHINESE_Alto1_Vibrato_菊花台_ControlGroup_0006 0.0870
2025-01-07 15:46:19,714 (evaluate_f0:170) INFO: GTSINGER_CHINESE_Alto1_Glissando_可惜没如果_ControlGroup_0011 0.2526
2025-01-07 15:46:20,523 (evaluate_f0:170) INFO: GTSINGER_CHINESE_Alto1_Mixed_Voice_and_Falsetto_匆匆那年_ControlGroup_0008 0.1315
2025-01-07 15:46:20,600 (evaluate_f0:170) INFO: GTSINGER_CHINESE_Alto1_Glissando_可惜没如果_ControlGroup_0002 0.2142
2025-01-07 15:46:22,366 (evaluate_f0:170) INFO: GTSINGER_CHINESE_Alto1_Breathy_默_BreathyGroup_0006 0.1359
2025-01-07 15:46:23,437 (evaluate_f0:170) INFO: GTSINGER_CHINESE_Tenor1_Breathy_默_ControlGroup_0001 0.0967
2025-01-07 15:46:23,655 (evaluate_f0:170) INFO: GTSINGER_CHINESE_Alto1_Breathy_匆匆那年_ControlGroup_0008 0.1305
2025-01-07 15:46:24,001 (evaluate_f0:170) INFO: GTSINGER_CHINESE_Alto1_Breathy_匆匆那年_BreathyGroup_0010 0.1580
2025-01-07 15:46:24,238 (evaluate_f0:170) INFO: GTSINGER_CHINESE_Alto1_Mixed_Voice_and_Falsetto_可惜没如果_ControlGroup_0006 0.1282
2025-01-07 15:46:24,736 (evaluate_f0:170) INFO: GTSINGER_CHINESE_Tenor1_Mixed_Voice_and_Falsetto_菊花台_ControlGroup_0004 0.1295
2025-01-07 15:46:24,948 (evaluate_f0:170) INFO: GTSINGER_CHINESE_Alto1_Vibrato_画心_ControlGroup_0010 0.1187
2025-01-07 15:46:25,313 (evaluate_f0:170) INFO: GTSINGER_CHINESE_Alto1_Breathy_匆匆那年_BreathyGroup_0000 0.2143
2025-01-07 15:46:25,983 (evaluate_f0:170) INFO: GTSINGER_CHINESE_Alto1_Vibrato_菊花台_ControlGroup_0007 0.0922
2025-01-07 15:46:26,446 (evaluate_f0:170) INFO: GTSINGER_CHINESE_Alto1_Vibrato_画心_ControlGroup_0001 0.1078
2025-01-07 15:46:26,648 (evaluate_f0:170) INFO: GTSINGER_CHINESE_Tenor1_Glissando_画心_ControlGroup_0009 0.0887
2025-01-07 15:46:26,756 (evaluate_f0:170) INFO: GTSINGER_CHINESE_Alto1_Mixed_Voice_and_Falsetto_菊花台_ControlGroup_0000 0.1469
2025-01-07 15:46:26,993 (evaluate_f0:170) INFO: GTSINGER_CHINESE_Alto1_Mixed_Voice_and_Falsetto_画心_ControlGroup_0003 0.1358
2025-01-07 15:46:29,910 (evaluate_f0:170) INFO: GTSINGER_CHINESE_Alto1_Glissando_可惜没如果_ControlGroup_0003 0.1522
2025-01-07 15:46:33,149 (evaluate_f0:170) INFO: GTSINGER_CHINESE_Tenor1_Mixed_Voice_and_Falsetto_菊花台_ControlGroup_0005 0.1142
2025-01-07 15:46:33,696 (evaluate_f0:170) INFO: GTSINGER_CHINESE_Alto1_Vibrato_画心_ControlGroup_0011 0.1388
2025-01-07 15:46:34,130 (evaluate_f0:170) INFO: GTSINGER_CHINESE_Alto1_Mixed_Voice_and_Falsetto_可惜没如果_ControlGroup_0007 0.1727
2025-01-07 15:46:35,822 (evaluate_f0:170) INFO: GTSINGER_CHINESE_Alto1_Mixed_Voice_and_Falsetto_画心_ControlGroup_0004 0.1191
2025-01-07 15:46:35,833 (evaluate_f0:170) INFO: GTSINGER_CHINESE_Tenor1_Glissando_画心_ControlGroup_0010 0.0887
2025-01-07 15:46:35,958 (evaluate_f0:170) INFO: GTSINGER_CHINESE_Alto1_Mixed_Voice_and_Falsetto_匆匆那年_ControlGroup_0009 0.1405
2025-01-07 15:46:36,131 (evaluate_f0:170) INFO: GTSINGER_CHINESE_Tenor1_Glissando_画心_ControlGroup_0000 0.0733
2025-01-07 15:46:36,341 (evaluate_f0:170) INFO: GTSINGER_CHINESE_Alto1_Mixed_Voice_and_Falsetto_菊花台_ControlGroup_0001 0.0827
2025-01-07 15:46:37,063 (evaluate_f0:170) INFO: GTSINGER_CHINESE_Alto1_Mixed_Voice_and_Falsetto_匆匆那年_ControlGroup_0000 0.1669
2025-01-07 15:46:38,034 (evaluate_f0:170) INFO: GTSINGER_CHINESE_Alto1_Vibrato_画心_ControlGroup_0002 0.2527
2025-01-07 15:46:38,239 (evaluate_f0:170) INFO: GTSINGER_CHINESE_Alto1_Vibrato_菊花台_ControlGroup_0008 0.1579
2025-01-07 15:46:38,355 (evaluate_f0:170) INFO: GTSINGER_CHINESE_Alto1_Breathy_默_ControlGroup_0000 0.1582
2025-01-07 15:46:39,373 (evaluate_f0:170) INFO: GTSINGER_CHINESE_Alto1_Breathy_匆匆那年_ControlGroup_0009 0.2198
2025-01-07 15:46:39,652 (evaluate_f0:170) INFO: GTSINGER_CHINESE_Alto1_Breathy_匆匆那年_BreathyGroup_0011 0.1501
2025-01-07 15:46:40,799 (evaluate_f0:170) INFO: GTSINGER_CHINESE_Alto1_Breathy_匆匆那年_BreathyGroup_0001 0.1648
2025-01-07 15:46:42,724 (evaluate_f0:170) INFO: GTSINGER_CHINESE_Alto1_Mixed_Voice_and_Falsetto_可惜没如果_ControlGroup_0008 0.1651
2025-01-07 15:46:44,583 (evaluate_f0:170) INFO: GTSINGER_CHINESE_Alto1_Vibrato_菊花台_ControlGroup_0000 0.0998
2025-01-07 15:46:44,701 (evaluate_f0:170) INFO: GTSINGER_CHINESE_Tenor1_Glissando_画心_ControlGroup_0001 0.1644
2025-01-07 15:46:45,002 (evaluate_f0:170) INFO: GTSINGER_CHINESE_Alto1_Glissando_可惜没如果_ControlGroup_0004 0.1194
2025-01-07 15:46:45,011 (evaluate_f0:170) INFO: GTSINGER_CHINESE_Alto1_Mixed_Voice_and_Falsetto_画心_ControlGroup_0005 0.1680
2025-01-07 15:46:48,682 (evaluate_f0:170) INFO: GTSINGER_CHINESE_Alto1_Pharyngeal_默_ControlGroup_0000 0.2174
2025-01-07 15:46:49,829 (evaluate_f0:170) INFO: GTSINGER_CHINESE_Alto1_Vibrato_画心_ControlGroup_0003 0.1884
2025-01-07 15:46:50,907 (evaluate_f0:170) INFO: GTSINGER_CHINESE_Tenor1_Mixed_Voice_and_Falsetto_菊花台_ControlGroup_0006 0.1371
2025-01-07 15:46:51,388 (evaluate_f0:170) INFO: GTSINGER_CHINESE_Tenor1_Mixed_Voice_and_Falsetto_可惜没如果_ControlGroup_0000 0.2685
2025-01-07 15:46:52,014 (evaluate_f0:170) INFO: GTSINGER_CHINESE_Alto1_Mixed_Voice_and_Falsetto_可惜没如果_ControlGroup_0009 0.1257
2025-01-07 15:46:52,418 (evaluate_f0:170) INFO: GTSINGER_CHINESE_Alto1_Breathy_默_ControlGroup_0001 0.0892
2025-01-07 15:46:52,924 (evaluate_f0:170) INFO: GTSINGER_CHINESE_Alto1_Mixed_Voice_and_Falsetto_匆匆那年_ControlGroup_0001 0.2733
2025-01-07 15:46:53,070 (evaluate_f0:170) INFO: GTSINGER_CHINESE_Alto1_Mixed_Voice_and_Falsetto_匆匆那年_ControlGroup_0010 0.0966
2025-01-07 15:46:53,168 (evaluate_f0:170) INFO: GTSINGER_CHINESE_Alto1_Vibrato_菊花台_ControlGroup_0009 0.1432
2025-01-07 15:46:55,368 (evaluate_f0:170) INFO: GTSINGER_CHINESE_Tenor1_Glissando_画心_ControlGroup_0002 0.1218
2025-01-07 15:46:56,685 (evaluate_f0:170) INFO: GTSINGER_CHINESE_Alto1_Glissando_可惜没如果_ControlGroup_0005 0.1280
2025-01-07 15:46:56,732 (evaluate_f0:170) INFO: GTSINGER_CHINESE_Alto1_Mixed_Voice_and_Falsetto_画心_ControlGroup_0006 0.2753
2025-01-07 15:46:57,203 (evaluate_f0:170) INFO: GTSINGER_CHINESE_Alto1_Vibrato_菊花台_ControlGroup_0001 0.1408
2025-01-07 15:46:58,211 (evaluate_f0:170) INFO: GTSINGER_CHINESE_Alto1_Breathy_匆匆那年_ControlGroup_0010 0.1686
2025-01-07 15:47:00,245 (evaluate_f0:170) INFO: GTSINGER_CHINESE_Alto1_Breathy_匆匆那年_ControlGroup_0000 0.1442
2025-01-07 15:47:00,563 (evaluate_f0:170) INFO: GTSINGER_CHINESE_Alto1_Breathy_匆匆那年_BreathyGroup_0002 0.2161
2025-01-07 15:47:02,626 (evaluate_f0:170) INFO: GTSINGER_CHINESE_Tenor1_Mixed_Voice_and_Falsetto_可惜没如果_ControlGroup_0001 0.0961
2025-01-07 15:47:02,686 (evaluate_f0:170) INFO: GTSINGER_CHINESE_Alto1_Vibrato_画心_ControlGroup_0004 0.1433
2025-01-07 15:47:02,873 (evaluate_f0:170) INFO: GTSINGER_CHINESE_Alto1_Mixed_Voice_and_Falsetto_可惜没如果_ControlGroup_0010 0.1777
2025-01-07 15:47:03,257 (evaluate_f0:170) INFO: GTSINGER_CHINESE_Alto1_Mixed_Voice_and_Falsetto_匆匆那年_ControlGroup_0002 0.1937
2025-01-07 15:47:03,428 (evaluate_f0:170) INFO: GTSINGER_CHINESE_Alto1_Pharyngeal_默_ControlGroup_0001 0.2341
2025-01-07 15:47:04,113 (evaluate_f0:170) INFO: GTSINGER_CHINESE_Tenor1_Mixed_Voice_and_Falsetto_菊花台_ControlGroup_0007 0.1291
2025-01-07 15:47:05,338 (evaluate_f0:170) INFO: GTSINGER_CHINESE_Alto1_Breathy_默_ControlGroup_0002 0.1944
2025-01-07 15:47:06,655 (evaluate_f0:170) INFO: GTSINGER_CHINESE_Alto1_Vibrato_菊花台_ControlGroup_0010 0.0742
2025-01-07 15:47:06,985 (evaluate_f0:170) INFO: GTSINGER_CHINESE_Tenor1_Glissando_画心_ControlGroup_0003 0.1405
2025-01-07 15:47:09,718 (evaluate_f0:170) INFO: GTSINGER_CHINESE_Alto1_Glissando_可惜没如果_ControlGroup_0006 0.2154
2025-01-07 15:47:09,761 (evaluate_f0:170) INFO: GTSINGER_CHINESE_Alto1_Vibrato_菊花台_ControlGroup_0002 0.0915
2025-01-07 15:47:09,928 (evaluate_f0:170) INFO: GTSINGER_CHINESE_Alto1_Mixed_Voice_and_Falsetto_画心_ControlGroup_0007 0.1345
2025-01-07 15:47:12,169 (evaluate_f0:170) INFO: GTSINGER_CHINESE_Alto1_Mixed_Voice_and_Falsetto_匆匆那年_ControlGroup_0003 0.1679
2025-01-07 15:47:12,976 (evaluate_f0:170) INFO: GTSINGER_CHINESE_Alto1_Mixed_Voice_and_Falsetto_匆匆那年_ControlGroup_0011 0.1090
2025-01-07 15:47:13,974 (evaluate_f0:170) INFO: GTSINGER_CHINESE_Alto1_Mixed_Voice_and_Falsetto_可惜没如果_ControlGroup_0011 0.1666
2025-01-07 15:47:15,264 (evaluate_f0:170) INFO: GTSINGER_CHINESE_Alto1_Breathy_匆匆那年_ControlGroup_0011 0.1575
2025-01-07 15:47:16,015 (evaluate_f0:170) INFO: GTSINGER_CHINESE_Alto1_Vibrato_画心_ControlGroup_0005 0.2328
2025-01-07 15:47:16,310 (evaluate_f0:170) INFO: GTSINGER_CHINESE_Alto1_Breathy_默_ControlGroup_0003 0.0893
2025-01-07 15:47:16,585 (evaluate_f0:170) INFO: GTSINGER_CHINESE_Tenor1_Mixed_Voice_and_Falsetto_菊花台_ControlGroup_0008 0.1159
2025-01-07 15:47:16,837 (evaluate_f0:170) INFO: GTSINGER_CHINESE_Tenor1_Glissando_画心_ControlGroup_0004 0.0591
2025-01-07 15:47:17,616 (evaluate_f0:170) INFO: GTSINGER_CHINESE_Alto1_Pharyngeal_默_ControlGroup_0002 0.1774
2025-01-07 15:47:17,853 (evaluate_f0:170) INFO: GTSINGER_CHINESE_Alto1_Breathy_匆匆那年_ControlGroup_0001 0.1816
2025-01-07 15:47:19,458 (evaluate_f0:170) INFO: GTSINGER_CHINESE_Alto1_Mixed_Voice_and_Falsetto_匆匆那年_ControlGroup_0004 0.1683
2025-01-07 15:47:19,622 (evaluate_f0:170) INFO: GTSINGER_CHINESE_Alto1_Vibrato_菊花台_ControlGroup_0003 0.1793
2025-01-07 15:47:20,167 (evaluate_f0:170) INFO: GTSINGER_CHINESE_Alto1_Mixed_Voice_and_Falsetto_画心_ControlGroup_0008 0.0866
2025-01-07 15:47:20,862 (evaluate_f0:170) INFO: GTSINGER_CHINESE_Alto1_Glissando_可惜没如果_ControlGroup_0007 0.1962
2025-01-07 15:47:21,024 (evaluate_f0:170) INFO: GTSINGER_CHINESE_Alto1_Mixed_Voice_and_Falsetto_可惜没如果_ControlGroup_0000 0.0736
2025-01-07 15:47:21,546 (evaluate_f0:170) INFO: GTSINGER_CHINESE_Alto1_Vibrato_菊花台_ControlGroup_0011 0.1115
2025-01-07 15:47:22,544 (evaluate_f0:170) INFO: GTSINGER_CHINESE_Alto1_Mixed_Voice_and_Falsetto_画心_ControlGroup_0000 0.1928
2025-01-07 15:47:25,903 (evaluate_f0:170) INFO: GTSINGER_CHINESE_Tenor1_Mixed_Voice_and_Falsetto_可惜没如果_ControlGroup_0002 0.1222
2025-01-07 15:47:26,920 (evaluate_f0:170) INFO: GTSINGER_CHINESE_Tenor1_Glissando_画心_ControlGroup_0005 0.1665
2025-01-07 15:47:27,962 (evaluate_f0:170) INFO: GTSINGER_CHINESE_Alto1_Breathy_匆匆那年_BreathyGroup_0003 0.2754
2025-01-07 15:47:29,405 (evaluate_f0:170) INFO: GTSINGER_CHINESE_Alto1_Vibrato_画心_ControlGroup_0006 0.1266
2025-01-07 15:47:30,698 (evaluate_f0:170) INFO: GTSINGER_CHINESE_Alto1_Pharyngeal_默_ControlGroup_0003 0.1415
2025-01-07 15:47:30,834 (evaluate_f0:170) INFO: GTSINGER_CHINESE_Alto1_Vibrato_菊花台_ControlGroup_0004 0.2180
2025-01-07 15:47:30,996 (evaluate_f0:170) INFO: GTSINGER_CHINESE_Alto1_Mixed_Voice_and_Falsetto_画心_ControlGroup_0009 0.2993
2025-01-07 15:47:31,358 (evaluate_f0:170) INFO: GTSINGER_CHINESE_Alto1_Glissando_可惜没如果_ControlGroup_0008 0.0825
2025-01-07 15:47:32,859 (evaluate_f0:170) INFO: GTSINGER_CHINESE_Alto1_Breathy_默_BreathyGroup_0000 0.1585
2025-01-07 15:47:33,100 (evaluate_f0:170) INFO: GTSINGER_CHINESE_Alto1_Mixed_Voice_and_Falsetto_画心_ControlGroup_0001 0.0910
2025-01-07 15:47:33,643 (evaluate_f0:170) INFO: GTSINGER_CHINESE_Alto1_Breathy_默_ControlGroup_0004 0.1187
2025-01-07 15:47:33,789 (evaluate_f0:170) INFO: GTSINGER_CHINESE_Tenor1_Mixed_Voice_and_Falsetto_菊花台_ControlGroup_0000 0.0998
2025-01-07 15:47:35,151 (evaluate_f0:170) INFO: GTSINGER_CHINESE_Alto1_Mixed_Voice_and_Falsetto_匆匆那年_ControlGroup_0005 0.1026
2025-01-07 15:47:35,644 (evaluate_f0:170) INFO: GTSINGER_CHINESE_Alto1_Breathy_匆匆那年_ControlGroup_0002 0.1633
2025-01-07 15:47:35,866 (evaluate_f0:170) INFO: GTSINGER_CHINESE_Alto1_Breathy_匆匆那年_BreathyGroup_0004 0.3054
2025-01-07 15:47:37,393 (evaluate_f0:170) INFO: GTSINGER_CHINESE_Alto1_Mixed_Voice_and_Falsetto_可惜没如果_ControlGroup_0001 0.1747
2025-01-07 15:47:37,457 (evaluate_f0:170) INFO: GTSINGER_CHINESE_Tenor1_Mixed_Voice_and_Falsetto_菊花台_ControlGroup_0009 0.0981
2025-01-07 15:47:37,826 (evaluate_f0:170) INFO: GTSINGER_CHINESE_Tenor1_Breathy_默_BreathyGroup_0000 0.1014
2025-01-07 15:47:39,941 (evaluate_f0:170) INFO: GTSINGER_CHINESE_Alto1_Mixed_Voice_and_Falsetto_画心_ControlGroup_0010 0.0968
2025-01-07 15:47:39,960 (evaluate_f0:170) INFO: GTSINGER_CHINESE_Alto1_Pharyngeal_默_ControlGroup_0004 0.3732
2025-01-07 15:47:40,356 (evaluate_f0:170) INFO: GTSINGER_CHINESE_Alto1_Glissando_可惜没如果_ControlGroup_0009 0.1043
2025-01-07 15:47:40,439 (evaluate_f0:170) INFO: GTSINGER_CHINESE_Alto1_Vibrato_菊花台_ControlGroup_0005 0.0797
2025-01-07 15:47:40,696 (evaluate_f0:170) INFO: GTSINGER_CHINESE_Alto1_Vibrato_画心_ControlGroup_0007 0.1309
2025-01-07 15:47:41,593 (evaluate_f0:170) INFO: GTSINGER_CHINESE_Tenor1_Mixed_Voice_and_Falsetto_菊花台_ControlGroup_0001 0.1060
2025-01-07 15:47:42,774 (evaluate_f0:170) INFO: GTSINGER_CHINESE_Tenor1_Glissando_画心_ControlGroup_0006 0.1729
2025-01-07 15:47:43,403 (evaluate_f0:170) INFO: GTSINGER_CHINESE_Alto1_Mixed_Voice_and_Falsetto_匆匆那年_ControlGroup_0006 0.0909
2025-01-07 15:47:46,191 (evaluate_f0:170) INFO: GTSINGER_CHINESE_Alto1_Breathy_默_BreathyGroup_0001 0.2845
2025-01-07 15:47:46,330 (evaluate_f0:170) INFO: GTSINGER_CHINESE_Alto1_Mixed_Voice_and_Falsetto_可惜没如果_ControlGroup_0002 0.1519
2025-01-07 15:47:49,915 (evaluate_f0:170) INFO: GTSINGER_CHINESE_Alto1_Breathy_默_ControlGroup_0005 0.1713
2025-01-07 15:47:50,168 (evaluate_f0:170) INFO: GTSINGER_CHINESE_Alto1_Breathy_匆匆那年_BreathyGroup_0005 0.2426
2025-01-07 15:47:50,411 (evaluate_f0:170) INFO: GTSINGER_CHINESE_Tenor1_Mixed_Voice_and_Falsetto_菊花台_ControlGroup_0002 0.1246
2025-01-07 15:47:50,539 (evaluate_f0:170) INFO: GTSINGER_CHINESE_Alto1_Glissando_可惜没如果_ControlGroup_0010 0.0863
2025-01-07 15:47:51,332 (evaluate_f0:170) INFO: GTSINGER_CHINESE_Alto1_Vibrato_画心_ControlGroup_0008 0.2407
2025-01-07 15:47:51,780 (evaluate_f0:170) INFO: GTSINGER_CHINESE_Tenor1_Mixed_Voice_and_Falsetto_菊花台_ControlGroup_0010 0.1062
2025-01-07 15:47:52,708 (evaluate_f0:170) INFO: GTSINGER_CHINESE_Tenor1_Glissando_画心_ControlGroup_0007 0.1793
2025-01-07 15:47:53,598 (evaluate_f0:170) INFO: GTSINGER_CHINESE_Alto1_Pharyngeal_默_ControlGroup_0005 0.1113
2025-01-07 15:47:53,867 (evaluate_f0:170) INFO: GTSINGER_CHINESE_Tenor1_Breathy_默_BreathyGroup_0001 0.0793
2025-01-07 15:47:54,559 (evaluate_f0:170) INFO: GTSINGER_CHINESE_Alto1_Mixed_Voice_and_Falsetto_可惜没如果_ControlGroup_0003 0.0869
2025-01-07 15:47:56,043 (evaluate_f0:170) INFO: GTSINGER_CHINESE_Alto1_Breathy_默_BreathyGroup_0002 0.1175
2025-01-07 15:47:57,922 (evaluate_f0:170) INFO: GTSINGER_CHINESE_Alto1_Breathy_匆匆那年_ControlGroup_0003 0.1504
2025-01-07 15:47:58,302 (evaluate_f0:170) INFO: GTSINGER_CHINESE_Alto1_Mixed_Voice_and_Falsetto_匆匆那年_ControlGroup_0007 0.1061
2025-01-07 15:48:00,946 (evaluate_f0:170) INFO: GTSINGER_CHINESE_Tenor1_Mixed_Voice_and_Falsetto_菊花台_ControlGroup_0011 0.1254
2025-01-07 15:48:04,025 (evaluate_f0:170) INFO: GTSINGER_CHINESE_Alto1_Mixed_Voice_and_Falsetto_可惜没如果_ControlGroup_0004 0.1188
2025-01-07 15:48:04,775 (evaluate_f0:170) INFO: GTSINGER_CHINESE_Alto1_Breathy_匆匆那年_BreathyGroup_0006 0.1524
2025-01-07 15:48:05,600 (evaluate_f0:170) INFO: GTSINGER_CHINESE_Alto1_Breathy_默_ControlGroup_0006 0.2014
2025-01-07 15:48:06,395 (evaluate_f0:170) INFO: GTSINGER_CHINESE_Alto1_Breathy_默_BreathyGroup_0003 0.1131
2025-01-07 15:48:07,425 (evaluate_f0:170) INFO: GTSINGER_CHINESE_Alto1_Breathy_匆匆那年_ControlGroup_0004 0.1259
2025-01-07 15:48:11,904 (evaluate_f0:170) INFO: GTSINGER_CHINESE_Tenor1_Breathy_默_ControlGroup_0000 0.0609
2025-01-07 15:48:16,424 (evaluate_f0:170) INFO: GTSINGER_CHINESE_Alto1_Glissando_可惜没如果_ControlGroup_0000 0.0966
2025-01-07 15:48:22,793 (evaluate_f0:170) INFO: GTSINGER_CHINESE_Alto1_Breathy_匆匆那年_ControlGroup_0005 0.2333
2025-01-07 15:48:23,065 (evaluate_f0:170) INFO: GTSINGER_CHINESE_Alto1_Breathy_匆匆那年_BreathyGroup_0007 0.2085
2025-01-07 15:48:24,597 (evaluate_f0:170) INFO: GTSINGER_CHINESE_Alto1_Glissando_可惜没如果_ControlGroup_0001 0.1410
2025-01-07 15:48:25,544 (evaluate_f0:170) INFO: GTSINGER_CHINESE_Alto1_Breathy_默_BreathyGroup_0004 0.2035
2025-01-07 15:48:38,010 (evaluate_f0:170) INFO: GTSINGER_CHINESE_Alto1_Breathy_匆匆那年_ControlGroup_0006 0.1353
2025-01-07 15:48:42,053 (evaluate_f0:170) INFO: GTSINGER_CHINESE_Alto1_Breathy_匆匆那年_BreathyGroup_0008 0.1228
2025-01-07 15:48:44,014 (evaluate_f0:170) INFO: GTSINGER_CHINESE_Alto1_Breathy_默_BreathyGroup_0005 0.2197
2025-01-07 15:48:56,226 (evaluate_f0:170) INFO: GTSINGER_CHINESE_Alto1_Breathy_匆匆那年_ControlGroup_0007 0.1332
2025-01-07 15:48:59,052 (evaluate_f0:170) INFO: GTSINGER_CHINESE_Alto1_Breathy_匆匆那年_BreathyGroup_0009 0.1793
2025-01-07 15:48:59,086 (evaluate_f0:323) INFO: Average: 0.1509 ± 0.0566
2025-01-07 15:48:59,096 (evaluate_f0:340) INFO: Successfully finished log-F0 RMSE evaluation.
2025-01-07T15:48:59 (svs.sh:1099:main) Begin Scoring for SEMITONE related metrics on eval, results are written under exp/svs_train_raw_phn_None_zh/decode_latest/eval/SEMITONE_res
2025-01-07 15:49:01,381 (evaluate_semitone:311) INFO: The number of utterances = 148
2025-01-07 15:51:51,343 (evaluate_semitone:335) INFO: Average - Semitone_ACC: 46.73%
2025-01-07 15:51:51,352 (evaluate_semitone:352) INFO: Successfully finished semitone ACC evaluation.
2025-01-07T15:51:51 (svs.sh:1108:main) Begin Scoring for VUV related metrics on eval, results are written under exp/svs_train_raw_phn_None_zh/decode_latest/eval/VUV_res
2025-01-07 15:51:53,722 (evaluate_vuv:302) INFO: The number of utterances = 148
2025-01-07 15:54:50,012 (evaluate_vuv:324) INFO: Average - VUV_ERROR: 4.70%
2025-01-07 15:54:50,022 (evaluate_vuv:341) INFO: Successfully finished VUV error evaluation.
2025-01-07T15:54:50 (svs.sh:1161:main) Skip the packing stage
2025-01-07T15:54:50 (svs.sh:1218:main) Skip the uploading to HuggingFace stage
2025-01-07T15:54:50 (svs.sh:1221:main) Successfully finished. [elapsed=934s]
