nohup: ignoring input
2025-01-09T09:03:17 (svs.sh:211:main) ./svs.sh --lang zh --local_data_opts --stage 1 --feats_type raw --fs 24000 --fmax 22050 --fmin 0 --n_fft 2048 --n_shift 256 --win_length 2048 --token_type phn --g2p None --cleaner none --train_config conf/train.yaml --inference_config conf/decode.yaml --train_set tr_no_dev --valid_set dev --test_sets dev eval --score_feats_extract syllable_score_feats --srctexts data/tr_no_dev/text --audio_format wav --fs 24000 --n_shift 256 --win_length 2048 --stage 1 --stop_stage 4
2025-01-09T09:03:18 (svs.sh:313:main) Stage 1: Data preparation for data/tr_no_dev, data/dev, etc.
2025-01-09T09:03:19 (data.sh:27:main) local/data.sh --stage 1 --fs 24000 --g2p None
2025-01-09T09:03:19 (data.sh:51:main) stage 1: Dataset split 
sox WARN rate: rate clipped 17 samples; decrease volume?
sox WARN dither: dither clipped 17 samples; decrease volume?
sox WARN rate: rate clipped 254 samples; decrease volume?
sox WARN dither: dither clipped 227 samples; decrease volume?
sox WARN rate: rate clipped 2 samples; decrease volume?
sox WARN dither: dither clipped 2 samples; decrease volume?
sox WARN rate: rate clipped 7 samples; decrease volume?
sox WARN dither: dither clipped 4 samples; decrease volume?
sox WARN rate: rate clipped 78 samples; decrease volume?
sox WARN dither: dither clipped 68 samples; decrease volume?
sox WARN rate: rate clipped 7 samples; decrease volume?
sox WARN dither: dither clipped 7 samples; decrease volume?
sox WARN rate: rate clipped 20 samples; decrease volume?
sox WARN dither: dither clipped 16 samples; decrease volume?
sox WARN rate: rate clipped 28 samples; decrease volume?
sox WARN dither: dither clipped 27 samples; decrease volume?
sox WARN rate: rate clipped 754 samples; decrease volume?
sox WARN dither: dither clipped 681 samples; decrease volume?
sox WARN rate: rate clipped 6 samples; decrease volume?
sox WARN dither: dither clipped 6 samples; decrease volume?
sox WARN rate: rate clipped 13 samples; decrease volume?
sox WARN dither: dither clipped 12 samples; decrease volume?
sox WARN rate: rate clipped 28 samples; decrease volume?
sox WARN dither: dither clipped 22 samples; decrease volume?
sox WARN rate: rate clipped 144 samples; decrease volume?
sox WARN dither: dither clipped 122 samples; decrease volume?
sox WARN rate: rate clipped 130 samples; decrease volume?
sox WARN dither: dither clipped 111 samples; decrease volume?
sox WARN rate: rate clipped 8 samples; decrease volume?
sox WARN dither: dither clipped 8 samples; decrease volume?
sox WARN rate: rate clipped 307 samples; decrease volume?
sox WARN dither: dither clipped 270 samples; decrease volume?
sox WARN rate: rate clipped 4 samples; decrease volume?
sox WARN dither: dither clipped 3 samples; decrease volume?
sox WARN rate: rate clipped 664 samples; decrease volume?
sox WARN dither: dither clipped 580 samples; decrease volume?
sox WARN rate: rate clipped 4 samples; decrease volume?
sox WARN dither: dither clipped 4 samples; decrease volume?
sox WARN rate: rate clipped 354 samples; decrease volume?
sox WARN dither: dither clipped 306 samples; decrease volume?
sox WARN rate: rate clipped 94 samples; decrease volume?
sox WARN dither: dither clipped 85 samples; decrease volume?
sox WARN rate: rate clipped 404 samples; decrease volume?
sox WARN dither: dither clipped 358 samples; decrease volume?
sox WARN rate: rate clipped 3 samples; decrease volume?
sox WARN dither: dither clipped 3 samples; decrease volume?
sox WARN rate: rate clipped 4 samples; decrease volume?
sox WARN dither: dither clipped 3 samples; decrease volume?
sox WARN rate: rate clipped 46 samples; decrease volume?
sox WARN dither: dither clipped 42 samples; decrease volume?
sox WARN rate: rate clipped 123 samples; decrease volume?
sox WARN dither: dither clipped 109 samples; decrease volume?
sox WARN rate: rate clipped 4 samples; decrease volume?
sox WARN dither: dither clipped 4 samples; decrease volume?
sox WARN rate: rate clipped 190 samples; decrease volume?
sox WARN dither: dither clipped 162 samples; decrease volume?
sox WARN rate: rate clipped 36 samples; decrease volume?
sox WARN dither: dither clipped 32 samples; decrease volume?
sox WARN rate: rate clipped 44 samples; decrease volume?
sox WARN dither: dither clipped 39 samples; decrease volume?
sox WARN rate: rate clipped 14 samples; decrease volume?
sox WARN dither: dither clipped 11 samples; decrease volume?
sox WARN rate: rate clipped 19 samples; decrease volume?
sox WARN dither: dither clipped 17 samples; decrease volume?
sox WARN rate: rate clipped 324 samples; decrease volume?
sox WARN dither: dither clipped 284 samples; decrease volume?
sox WARN rate: rate clipped 516 samples; decrease volume?
sox WARN dither: dither clipped 468 samples; decrease volume?
sox WARN rate: rate clipped 260 samples; decrease volume?
sox WARN dither: dither clipped 220 samples; decrease volume?
sox WARN rate: rate clipped 1205 samples; decrease volume?
sox WARN dither: dither clipped 1086 samples; decrease volume?
sox WARN rate: rate clipped 418 samples; decrease volume?
sox WARN dither: dither clipped 370 samples; decrease volume?
sox WARN rate: rate clipped 28 samples; decrease volume?
sox WARN dither: dither clipped 22 samples; decrease volume?
sox WARN rate: rate clipped 374 samples; decrease volume?
sox WARN dither: dither clipped 328 samples; decrease volume?
sox WARN rate: rate clipped 261 samples; decrease volume?
sox WARN dither: dither clipped 229 samples; decrease volume?
sox WARN rate: rate clipped 76 samples; decrease volume?
sox WARN dither: dither clipped 68 samples; decrease volume?
sox WARN rate: rate clipped 2 samples; decrease volume?
sox WARN dither: dither clipped 2 samples; decrease volume?
sox WARN rate: rate clipped 7 samples; decrease volume?
sox WARN dither: dither clipped 6 samples; decrease volume?
sox WARN rate: rate clipped 212 samples; decrease volume?
sox WARN dither: dither clipped 182 samples; decrease volume?
sox WARN rate: rate clipped 17 samples; decrease volume?
sox WARN dither: dither clipped 15 samples; decrease volume?
sox WARN rate: rate clipped 91 samples; decrease volume?
sox WARN dither: dither clipped 81 samples; decrease volume?
sox WARN rate: rate clipped 69 samples; decrease volume?
sox WARN dither: dither clipped 65 samples; decrease volume?
sox WARN rate: rate clipped 56 samples; decrease volume?
sox WARN dither: dither clipped 46 samples; decrease volume?
sox WARN rate: rate clipped 17 samples; decrease volume?
sox WARN dither: dither clipped 15 samples; decrease volume?
sox WARN rate: rate clipped 80 samples; decrease volume?
sox WARN dither: dither clipped 72 samples; decrease volume?
sox WARN rate: rate clipped 36 samples; decrease volume?
sox WARN dither: dither clipped 33 samples; decrease volume?
sox WARN rate: rate clipped 20 samples; decrease volume?
sox WARN dither: dither clipped 17 samples; decrease volume?
sox WARN rate: rate clipped 806 samples; decrease volume?
sox WARN dither: dither clipped 698 samples; decrease volume?
sox WARN rate: rate clipped 72 samples; decrease volume?
sox WARN dither: dither clipped 64 samples; decrease volume?
sox WARN rate: rate clipped 18 samples; decrease volume?
sox WARN dither: dither clipped 14 samples; decrease volume?
sox WARN rate: rate clipped 4 samples; decrease volume?
sox WARN dither: dither clipped 3 samples; decrease volume?
sox WARN rate: rate clipped 8 samples; decrease volume?
sox WARN dither: dither clipped 8 samples; decrease volume?
sox WARN rate: rate clipped 9 samples; decrease volume?
sox WARN dither: dither clipped 7 samples; decrease volume?
sox WARN rate: rate clipped 185 samples; decrease volume?
sox WARN dither: dither clipped 164 samples; decrease volume?
sox WARN rate: rate clipped 87 samples; decrease volume?
sox WARN dither: dither clipped 74 samples; decrease volume?
sox WARN rate: rate clipped 128 samples; decrease volume?
sox WARN dither: dither clipped 108 samples; decrease volume?
sox WARN rate: rate clipped 8 samples; decrease volume?
sox WARN dither: dither clipped 6 samples; decrease volume?
sox WARN rate: rate clipped 95 samples; decrease volume?
sox WARN dither: dither clipped 82 samples; decrease volume?
sox WARN rate: rate clipped 138 samples; decrease volume?
sox WARN dither: dither clipped 126 samples; decrease volume?
sox WARN rate: rate clipped 13 samples; decrease volume?
sox WARN dither: dither clipped 13 samples; decrease volume?
sox WARN rate: rate clipped 16 samples; decrease volume?
sox WARN dither: dither clipped 12 samples; decrease volume?
sox WARN rate: rate clipped 49 samples; decrease volume?
sox WARN dither: dither clipped 48 samples; decrease volume?
sox WARN rate: rate clipped 259 samples; decrease volume?
sox WARN dither: dither clipped 229 samples; decrease volume?
sox WARN rate: rate clipped 20 samples; decrease volume?
sox WARN dither: dither clipped 16 samples; decrease volume?
/data6/arllan/miniconda/envs/espnetenv/espnetenv/lib/python3.10/site-packages/music21/stream/base.py:3689: Music21DeprecationWarning: .flat is deprecated.  Call .flatten() instead
  return self.iter().getElementsByClass(classFilterList)
sox WARN rate: rate clipped 113 samples; decrease volume?
sox WARN dither: dither clipped 102 samples; decrease volume?
sox WARN rate: rate clipped 11 samples; decrease volume?
sox WARN dither: dither clipped 8 samples; decrease volume?
sox WARN rate: rate clipped 3 samples; decrease volume?
sox WARN dither: dither clipped 2 samples; decrease volume?
sox WARN rate: rate clipped 33 samples; decrease volume?
sox WARN dither: dither clipped 30 samples; decrease volume?
sox WARN rate: rate clipped 503 samples; decrease volume?
sox WARN dither: dither clipped 445 samples; decrease volume?
sox WARN rate: rate clipped 143 samples; decrease volume?
sox WARN dither: dither clipped 121 samples; decrease volume?
sox WARN rate: rate clipped 12 samples; decrease volume?
sox WARN dither: dither clipped 10 samples; decrease volume?
sox WARN rate: rate clipped 78 samples; decrease volume?
sox WARN dither: dither clipped 72 samples; decrease volume?
sox WARN rate: rate clipped 1 samples; decrease volume?
sox WARN rate: rate clipped 31 samples; decrease volume?
sox WARN dither: dither clipped 29 samples; decrease volume?
sox WARN rate: rate clipped 63 samples; decrease volume?
sox WARN dither: dither clipped 54 samples; decrease volume?
sox WARN rate: rate clipped 87 samples; decrease volume?
sox WARN dither: dither clipped 79 samples; decrease volume?
sox WARN rate: rate clipped 221 samples; decrease volume?
sox WARN dither: dither clipped 197 samples; decrease volume?
sox WARN rate: rate clipped 11 samples; decrease volume?
sox WARN dither: dither clipped 8 samples; decrease volume?
sox WARN rate: rate clipped 9 samples; decrease volume?
sox WARN dither: dither clipped 8 samples; decrease volume?
sox WARN rate: rate clipped 1 samples; decrease volume?
sox WARN dither: dither clipped 1 samples; decrease volume?
sox WARN rate: rate clipped 16 samples; decrease volume?
sox WARN dither: dither clipped 14 samples; decrease volume?
sox WARN rate: rate clipped 4 samples; decrease volume?
sox WARN dither: dither clipped 3 samples; decrease volume?
sox WARN rate: rate clipped 11 samples; decrease volume?
sox WARN dither: dither clipped 8 samples; decrease volume?
utils/fix_data_dir.sh: file data/tr_no_dev/utt2spk is not in sorted order or not unique, sorting it
utils/fix_data_dir.sh: file data/tr_no_dev/spk2utt is not in sorted order or not unique, sorting it
utils/fix_data_dir.sh: file data/tr_no_dev/text is not in sorted order or not unique, sorting it
utils/fix_data_dir.sh: file data/tr_no_dev/wav.scp is not in sorted order or not unique, sorting it
utils/fix_data_dir.sh: file data/tr_no_dev/label is not in sorted order or not unique, sorting it
utils/fix_data_dir.sh: file data/tr_no_dev/score.scp is not in sorted order or not unique, sorting it
fix_data_dir.sh: kept 2406 utterances out of 2436
fix_data_dir.sh: old files are kept in data/tr_no_dev/.backup
utils/fix_data_dir.sh: file data/dev/utt2spk is not in sorted order or not unique, sorting it
utils/fix_data_dir.sh: file data/dev/spk2utt is not in sorted order or not unique, sorting it
utils/fix_data_dir.sh: file data/dev/text is not in sorted order or not unique, sorting it
utils/fix_data_dir.sh: file data/dev/wav.scp is not in sorted order or not unique, sorting it
utils/fix_data_dir.sh: file data/dev/label is not in sorted order or not unique, sorting it
utils/fix_data_dir.sh: file data/dev/score.scp is not in sorted order or not unique, sorting it
fix_data_dir.sh: kept 105 utterances out of 133
fix_data_dir.sh: old files are kept in data/dev/.backup
utils/fix_data_dir.sh: file data/eval/utt2spk is not in sorted order or not unique, sorting it
utils/fix_data_dir.sh: file data/eval/spk2utt is not in sorted order or not unique, sorting it
utils/fix_data_dir.sh: file data/eval/text is not in sorted order or not unique, sorting it
utils/fix_data_dir.sh: file data/eval/wav.scp is not in sorted order or not unique, sorting it
utils/fix_data_dir.sh: file data/eval/label is not in sorted order or not unique, sorting it
utils/fix_data_dir.sh: file data/eval/score.scp is not in sorted order or not unique, sorting it
fix_data_dir.sh: kept 148 utterances out of 158
fix_data_dir.sh: old files are kept in data/eval/.backup
2025-01-09T09:05:26 (data.sh:65:main) Successfully finished. [elapsed=127s]
2025-01-09T09:05:26 (svs.sh:329:main) Stage 2: Format wav.scp: data/ -> dump/raw/
utils/copy_data_dir.sh: copied data from data/tr_no_dev to dump/raw/org/tr_no_dev
utils/validate_data_dir.sh: Successfully validated data-directory dump/raw/org/tr_no_dev
fix_data_dir.sh: kept all 2406 utterances.
fix_data_dir.sh: old files are kept in dump/raw/org/tr_no_dev/.backup
2025-01-09T09:05:27 (format_wav_scp.sh:46:main) scripts/audio/format_wav_scp.sh --nj 32 --cmd run.pl --audio-format wav --fs 24000 data/tr_no_dev/wav.scp dump/raw/org/tr_no_dev
2025-01-09T09:05:28 (format_wav_scp.sh:118:main) [info]: without segments
2025-01-09T09:05:30 (format_wav_scp.sh:153:main) Successfully finished. [elapsed=3s]
2025-01-09T09:05:30 (format_score_scp.sh:33:main) scripts/audio/format_score_scp.sh --nj 32 --cmd run.pl data/tr_no_dev/score.scp dump/raw/org/tr_no_dev
2025-01-09T09:05:31 (format_score_scp.sh:92:main) [info]: without segments
2025-01-09T09:05:31 (format_score_scp.sh:116:main) Successfully finished. [elapsed=1s]
utils/copy_data_dir.sh: copied data from data/dev to dump/raw/org/dev
utils/validate_data_dir.sh: Successfully validated data-directory dump/raw/org/dev
fix_data_dir.sh: kept all 105 utterances.
fix_data_dir.sh: old files are kept in dump/raw/org/dev/.backup
2025-01-09T09:05:32 (format_wav_scp.sh:46:main) scripts/audio/format_wav_scp.sh --nj 32 --cmd run.pl --audio-format wav --fs 24000 data/dev/wav.scp dump/raw/org/dev
2025-01-09T09:05:33 (format_wav_scp.sh:118:main) [info]: without segments
2025-01-09T09:05:34 (format_wav_scp.sh:153:main) Successfully finished. [elapsed=2s]
2025-01-09T09:05:34 (format_score_scp.sh:33:main) scripts/audio/format_score_scp.sh --nj 32 --cmd run.pl data/dev/score.scp dump/raw/org/dev
2025-01-09T09:05:35 (format_score_scp.sh:92:main) [info]: without segments
2025-01-09T09:05:36 (format_score_scp.sh:116:main) Successfully finished. [elapsed=2s]
utils/copy_data_dir.sh: copied data from data/dev to dump/raw/org/dev
utils/validate_data_dir.sh: Successfully validated data-directory dump/raw/org/dev
fix_data_dir.sh: kept all 105 utterances.
fix_data_dir.sh: old files are kept in dump/raw/org/dev/.backup
2025-01-09T09:05:36 (format_wav_scp.sh:46:main) scripts/audio/format_wav_scp.sh --nj 32 --cmd run.pl --audio-format wav --fs 24000 data/dev/wav.scp dump/raw/org/dev
2025-01-09T09:05:37 (format_wav_scp.sh:118:main) [info]: without segments
2025-01-09T09:05:39 (format_wav_scp.sh:153:main) Successfully finished. [elapsed=3s]
2025-01-09T09:05:39 (format_score_scp.sh:33:main) scripts/audio/format_score_scp.sh --nj 32 --cmd run.pl data/dev/score.scp dump/raw/org/dev
2025-01-09T09:05:40 (format_score_scp.sh:92:main) [info]: without segments
2025-01-09T09:05:40 (format_score_scp.sh:116:main) Successfully finished. [elapsed=1s]
utils/copy_data_dir.sh: copied data from data/eval to dump/raw/eval
utils/validate_data_dir.sh: Successfully validated data-directory dump/raw/eval
fix_data_dir.sh: kept all 148 utterances.
fix_data_dir.sh: old files are kept in dump/raw/eval/.backup
2025-01-09T09:05:41 (format_wav_scp.sh:46:main) scripts/audio/format_wav_scp.sh --nj 32 --cmd run.pl --audio-format wav --fs 24000 data/eval/wav.scp dump/raw/eval
2025-01-09T09:05:42 (format_wav_scp.sh:118:main) [info]: without segments
2025-01-09T09:05:43 (format_wav_scp.sh:153:main) Successfully finished. [elapsed=2s]
2025-01-09T09:05:43 (format_score_scp.sh:33:main) scripts/audio/format_score_scp.sh --nj 32 --cmd run.pl data/eval/score.scp dump/raw/eval
2025-01-09T09:05:44 (format_score_scp.sh:92:main) [info]: without segments
2025-01-09T09:05:45 (format_score_scp.sh:116:main) Successfully finished. [elapsed=2s]
2025-01-09T09:05:45 (svs.sh:368:main) Stage 2+: sid extract: data/ -> dump/raw/
2025-01-09T09:05:45 (svs.sh:424:main) Stage 3: Remove long/short data: dump/raw/org -> dump/raw
utils/copy_data_dir.sh: copied data from dump/raw/org/tr_no_dev to dump/raw/tr_no_dev
utils/validate_data_dir.sh: Successfully validated data-directory dump/raw/tr_no_dev
fix_data_dir.sh: kept all 2406 utterances.
fix_data_dir.sh: old files are kept in dump/raw/tr_no_dev/.backup
utils/copy_data_dir.sh: copied data from dump/raw/org/dev to dump/raw/dev
utils/validate_data_dir.sh: Successfully validated data-directory dump/raw/dev
fix_data_dir.sh: kept all 105 utterances.
fix_data_dir.sh: old files are kept in dump/raw/dev/.backup
2025-01-09T09:05:47 (svs.sh:466:main) Stage 4: Generate token_list from data/tr_no_dev/text
/data6/arllan/miniconda/envs/espnetenv/espnetenv/bin/python3 /data5/arllan/espnet/espnet2/bin/tokenize_text.py --token_type phn -f 2- --input dump/raw/srctexts --output data/token_list/phn_None_zh/tokens.txt --non_linguistic_symbols none --cleaner none --g2p None --write_vocabulary true --add_symbol '<blank>:0' --add_symbol '<unk>:1' --add_symbol '<sos/eos>:-1'
2025-01-09 09:05:55,001 (tokenize_text:173) INFO: OOV rate = 0.0 %
2025-01-09T09:05:55 (svs.sh:1159:main) Skip the packing stage
2025-01-09T09:05:55 (svs.sh:1216:main) Skip the uploading to HuggingFace stage
2025-01-09T09:05:55 (svs.sh:1219:main) Successfully finished. [elapsed=158s]
