nohup: ignoring input
2025-01-08T15:24:15 (svs2.sh:249:main) ./svs2.sh --lang zh --stage 1 --stop_stage 9 --local_data_opts --stage 0 --feats_type raw --pitch_extract dio --fs 16000 --fmax 7600 --fmin 80 --n_fft 2048 --n_shift 320 --win_length 1200 --token_type phn --g2p none --cleaner none --preset_layer none --preset_token none --train_config conf/tuning/train_naive_rnn_dp.yaml --inference_config conf/tuning/decode.yaml --gpu_inference true --train_set tr_no_dev --valid_set dev --test_sets test --score_feats_extract syllable_score_feats --srctexts data/tr_no_dev/text --RVQ_layers 1 --kmeans_opts --batch_bins 4800000 --kmeans_feature wavlm_large/6 --multi_token  --mix_type frame --nclusters 128 --RVQ_layers 1 --ngpu 1 --stage 4 --stop_stage 4
2025-01-08T15:24:16 (svs2.sh:606:main) Stage 4a: Perform Kmeans using wavlm_large features
2025-01-08T15:24:16 (perform_kmeans.sh:57:main) scripts/feats/perform_kmeans.sh --stage 1 --stop-stage 3 --train_set tr_no_dev --dev_set dev --other_sets test  --datadir dump/raw --featdir dump/extracted --audio_format wav --feature_type wavlm_large --layer 6 --RVQ_layers 1 --feature_conf {type=s3prl,conf={s3prl_conf={upstream=wavlm_large},download_dir=ckpt,multilayer_feature=False,layer=6}} --km_dir exp/kmeans/wavlm_large_6_128clusters --portion 1.0 --nclusters 128 --storage_save_mode true --use_gpu true --nj 1 --cpu_cmd run.pl --cuda_cmd run.pl --batch_bins 4800000
2025-01-08T15:24:17 (perform_kmeans.sh:95:main) stage 1: Dump wavlm_large feature
utils/subset_data_dir.sh: reducing #utt from 3500 to 3500
2025-01-08T15:24:17 (perform_kmeans.sh:122:main) Subsampling 3500 utterances for feature dumping.
Dump SSL tr_no_dev_subset1.0 features to dump/extracted/wavlm_large/layer6/tr_no_dev_subset1.0
utils/copy_data_dir.sh: copied data from dump/raw/tr_no_dev_subset1.0 to dump/extracted/wavlm_large/layer6/tr_no_dev_subset1.0
utils/copy_data_dir.sh: file feats.scp exists in dest dump/extracted/wavlm_large/layer6/tr_no_dev_subset1.0 but not in src dump/raw/tr_no_dev_subs2025-01-08T15:25:18 (perform_kmeans.sh:231:main) Extract labels to dump/extracted/wavlm_large/layer6/dev
utils/copy_data_dir.sh: copied data from dump/raw/dev to dump/extracted/wavlm_large/layer6/dev
utils/validate_data_dir.sh: WARNING: you have only one speaker.  This probably a bad idea.
   Search for the word 'bold' in http://kaldi-asr.org/doc/data_prep.html
   for more information.
utils/validate_data_dir.sh: Successfully validated data-directory dump/extracted/wavlm_large/layer6/dev
2025-01-08T15:25:50 (perform_kmeans.sh:231:main) Extract labels to dump/extracted/wavlm_large/layer6/test
utils/copy_data_dir.sh: copied data from dump/raw/test to dump/extracted/wavlm_large/layer6/test
utils/validate_data_dir.sh: WARNING: you have only one speaker.  This probably a bad idea.
   Search for the word 'bold' in http://kaldi-asr.org/doc/data_prep.html
   for more information.
utils/validate_data_dir.sh: Successfully validated data-directory dump/extracted/wavlm_large/layer6/test
fix_data_dir.sh: kept all 3500 utterances.
fix_data_dir.sh: old files are kept in dump/raw/tr_no_dev/.backup
fix_data_dir.sh: kept all 50 utterances.
fix_data_dir.sh: old files are kept in dump/raw/dev/.backup
fix_data_dir.sh: kept all 206 utterances.
fix_data_dir.sh: old files are kept in dump/raw/test/.backup
2025-01-08T15:26:25 (svs2.sh:1495:main) Skip the uploading stage
2025-01-08T15:26:25 (svs2.sh:1547:main) Skip the uploading to HuggingFace stage
2025-01-08T15:26:25 (svs2.sh:1550:main) Successfully finished. [elapsed=163s]
