nohup: ignoring input
2025-01-15T17:16:16 (svs2.sh:249:main) ./svs2.sh --lang zh --stage 1 --stop_stage 9 --local_data_opts --stage 0 --feats_type raw --pitch_extract dio --fs 16000 --fmax 7600 --fmin 80 --n_fft 2048 --n_shift 320 --win_length 1200 --token_type phn --g2p none --cleaner none --preset_layer none --preset_token none --train_config conf/tuning/ --inference_config conf/tuning/decode.yaml --gpu_inference true --train_set tr_no_dev --valid_set dev --test_sets test --score_feats_extract syllable_score_feats --srctexts data/tr_no_dev/text --RVQ_layers 1 --kmeans_opts --batch_bins 4800000 --kmeans_feature wavlm_large/6 --multi_token  --mix_type frame --nclusters 128 --RVQ_layers 1 --ngpu 1 --stage 8 --train_config conf/tuning/train_toksing.yaml --mix_type frame --vocoder_file /data5/arllan/ParallelWaveGAN/egs/opencpop/token_voc1/exp/train_opencpop_hifigan_token_16k_nodp_f0.v1/checkpoint-250000steps.pkl
2025-01-15T17:16:17 (svs2.sh:1130:main) Stage 8: Decoding: training_dir=exp/svs_train_toksing_raw_phn_none_zh
2025-01-15T17:16:17 (svs2.sh:1170:main) Generate 'exp/svs_train_toksing_raw_phn_none_zh/decode_valid.loss.best/run.sh'. You can resume the process from stage 8 using this script
2025-01-15T17:16:17 (svs2.sh:1241:main) Decoding started... log: 'exp/svs_train_toksing_raw_phn_none_zh/decode_valid.loss.best/test/log/svs_inference.*.log'
2025-01-15T17:18:00 (svs2.sh:1337:main) Stage 9: Scoring
2025-01-15T17:18:00 (svs2.sh:1348:main) Begin Scoring for token accuracy on test, results are written under exp/svs_train_toksing_raw_phn_none_zh/decode_valid.loss.best/test/Accuracy_res
2025-01-15T17:18:00 (svs2.sh:1360:main) Begin Scoring for MCD metrics on test, results are written under exp/svs_train_toksing_raw_phn_none_zh/decode_valid.loss.best/test/MCD_res
2025-01-15 17:18:02,570 (evaluate_mcd:287) INFO: The number of utterances = 206
2025-01-15 17:18:03,369 (evaluate_mcd:171) INFO: opencpop_2100003720 7.9832
2025-01-15 17:18:03,589 (evaluate_mcd:171) INFO: opencpop_2086003180 8.2961
2025-01-15 17:18:03,598 (evaluate_mcd:171) INFO: opencpop_2100003745 9.4325
2025-01-15 17:18:03,660 (evaluate_mcd:171) INFO: opencpop_2044001641 8.9733
2025-01-15 17:18:03,689 (evaluate_mcd:171) INFO: opencpop_2100003733 8.7386
2025-01-15 17:18:03,717 (evaluate_mcd:171) INFO: opencpop_2044001628 6.9082
2025-01-15 17:18:03,722 (evaluate_mcd:171) INFO: opencpop_2093003452 9.0149
2025-01-15 17:18:03,805 (evaluate_mcd:171) INFO: opencpop_2044001654 8.4311
2025-01-15 17:18:03,855 (evaluate_mcd:171) INFO: opencpop_2093003478 10.8152
2025-01-15 17:18:03,867 (evaluate_mcd:171) INFO: opencpop_2093003465 10.6639
2025-01-15 17:18:04,039 (evaluate_mcd:171) INFO: opencpop_2086003193 8.9972
2025-01-15 17:18:04,201 (evaluate_mcd:171) INFO: opencpop_2092003426 9.9424
2025-01-15 17:18:04,221 (evaluate_mcd:171) INFO: opencpop_2092003439 11.3761
2025-01-15 17:18:04,259 (evaluate_mcd:171) INFO: opencpop_2100003721 8.8359
2025-01-15 17:18:04,536 (evaluate_mcd:171) INFO: opencpop_2100003746 10.0113
2025-01-15 17:18:04,544 (evaluate_mcd:171) INFO: opencpop_2086003181 8.5952
2025-01-15 17:18:04,608 (evaluate_mcd:171) INFO: opencpop_2044001667 9.9201
2025-01-15 17:18:04,646 (evaluate_mcd:171) INFO: opencpop_2086003206 9.0425
2025-01-15 17:18:04,660 (evaluate_mcd:171) INFO: opencpop_2100003734 8.5131
2025-01-15 17:18:04,753 (evaluate_mcd:171) INFO: opencpop_2044001629 8.3636
2025-01-15 17:18:04,764 (evaluate_mcd:171) INFO: opencpop_2044001642 8.7951
2025-01-15 17:18:04,804 (evaluate_mcd:171) INFO: opencpop_2092003413 6.6218
2025-01-15 17:18:04,889 (evaluate_mcd:171) INFO: opencpop_2086003194 8.6120
2025-01-15 17:18:04,904 (evaluate_mcd:171) INFO: opencpop_2093003453 7.7345
2025-01-15 17:18:04,916 (evaluate_mcd:171) INFO: opencpop_2044001655 8.2525
2025-01-15 17:18:05,015 (evaluate_mcd:171) INFO: opencpop_2093003466 8.4815
2025-01-15 17:18:05,201 (evaluate_mcd:171) INFO: opencpop_2093003479 8.9806
2025-01-15 17:18:05,206 (evaluate_mcd:171) INFO: opencpop_2100003722 8.1298
2025-01-15 17:18:05,407 (evaluate_mcd:171) INFO: opencpop_2086003182 8.5263
2025-01-15 17:18:05,529 (evaluate_mcd:171) INFO: opencpop_2100003747 9.9019
2025-01-15 17:18:05,617 (evaluate_mcd:171) INFO: opencpop_2100003735 8.2592
2025-01-15 17:18:05,672 (evaluate_mcd:171) INFO: opencpop_2092003427 10.9282
2025-01-15 17:18:05,691 (evaluate_mcd:171) INFO: opencpop_2044001668 9.2845
2025-01-15 17:18:05,739 (evaluate_mcd:171) INFO: opencpop_2092003440 10.1801
2025-01-15 17:18:05,821 (evaluate_mcd:171) INFO: opencpop_2044001630 7.4392
2025-01-15 17:18:05,948 (evaluate_mcd:171) INFO: opencpop_2044001656 9.2492
2025-01-15 17:18:05,961 (evaluate_mcd:171) INFO: opencpop_2044001643 9.0391
2025-01-15 17:18:06,109 (evaluate_mcd:171) INFO: opencpop_2100003723 9.6177
2025-01-15 17:18:06,162 (evaluate_mcd:171) INFO: opencpop_2093003454 9.3100
2025-01-15 17:18:06,203 (evaluate_mcd:171) INFO: opencpop_2100003736 9.2967
2025-01-15 17:18:06,279 (evaluate_mcd:171) INFO: opencpop_2092003414 7.3706
2025-01-15 17:18:06,281 (evaluate_mcd:171) INFO: opencpop_2093003467 9.0852
2025-01-15 17:18:06,384 (evaluate_mcd:171) INFO: opencpop_2086003207 8.1263
2025-01-15 17:18:06,476 (evaluate_mcd:171) INFO: opencpop_2086003183 7.9630
2025-01-15 17:18:06,624 (evaluate_mcd:171) INFO: opencpop_2086003195 9.0453
2025-01-15 17:18:06,706 (evaluate_mcd:171) INFO: opencpop_2092003428 11.1350
2025-01-15 17:18:06,747 (evaluate_mcd:171) INFO: opencpop_2093003480 8.2557
2025-01-15 17:18:06,765 (evaluate_mcd:171) INFO: opencpop_2044001669 8.8531
2025-01-15 17:18:06,870 (evaluate_mcd:171) INFO: opencpop_2044001631 8.4548
2025-01-15 17:18:07,009 (evaluate_mcd:171) INFO: opencpop_2044001657 9.1219
2025-01-15 17:18:07,028 (evaluate_mcd:171) INFO: opencpop_2093003455 8.8857
2025-01-15 17:18:07,103 (evaluate_mcd:171) INFO: opencpop_2093003468 8.8853
2025-01-15 17:18:07,112 (evaluate_mcd:171) INFO: opencpop_2100003737 10.4362
2025-01-15 17:18:07,120 (evaluate_mcd:171) INFO: opencpop_2044001644 8.5818
2025-01-15 17:18:07,135 (evaluate_mcd:171) INFO: opencpop_2100003724 11.0762
2025-01-15 17:18:07,198 (evaluate_mcd:171) INFO: opencpop_2092003441 11.7421
2025-01-15 17:18:07,207 (evaluate_mcd:171) INFO: opencpop_2100003748 10.2970
2025-01-15 17:18:07,316 (evaluate_mcd:171) INFO: opencpop_2086003184 7.2223
2025-01-15 17:18:07,455 (evaluate_mcd:171) INFO: opencpop_2092003415 6.0695
2025-01-15 17:18:07,500 (evaluate_mcd:171) INFO: opencpop_2086003208 8.5827
2025-01-15 17:18:07,899 (evaluate_mcd:171) INFO: opencpop_2044001632 8.5917
2025-01-15 17:18:07,903 (evaluate_mcd:171) INFO: opencpop_2044001670 8.5936
2025-01-15 17:18:08,017 (evaluate_mcd:171) INFO: opencpop_2100003725 9.4714
2025-01-15 17:18:08,046 (evaluate_mcd:171) INFO: opencpop_2044001658 8.9968
2025-01-15 17:18:08,071 (evaluate_mcd:171) INFO: opencpop_2093003481 8.5516
2025-01-15 17:18:08,079 (evaluate_mcd:171) INFO: opencpop_2100003738 8.4939
2025-01-15 17:18:08,083 (evaluate_mcd:171) INFO: opencpop_2100003749 9.6619
2025-01-15 17:18:08,159 (evaluate_mcd:171) INFO: opencpop_2044001645 7.0017
2025-01-15 17:18:08,270 (evaluate_mcd:171) INFO: opencpop_2092003429 10.7316
2025-01-15 17:18:08,385 (evaluate_mcd:171) INFO: opencpop_2086003185 8.2134
2025-01-15 17:18:08,405 (evaluate_mcd:171) INFO: opencpop_2092003416 8.2612
2025-01-15 17:18:08,442 (evaluate_mcd:171) INFO: opencpop_2086003209 7.3263
2025-01-15 17:18:08,469 (evaluate_mcd:171) INFO: opencpop_2086003196 7.7864
2025-01-15 17:18:08,568 (evaluate_mcd:171) INFO: opencpop_2092003442 11.7082
2025-01-15 17:18:08,746 (evaluate_mcd:171) INFO: opencpop_2093003456 9.1880
2025-01-15 17:18:08,833 (evaluate_mcd:171) INFO: opencpop_2093003469 9.2124
2025-01-15 17:18:08,910 (evaluate_mcd:171) INFO: opencpop_2044001671 8.9048
2025-01-15 17:18:08,949 (evaluate_mcd:171) INFO: opencpop_2100003726 8.8475
2025-01-15 17:18:08,971 (evaluate_mcd:171) INFO: opencpop_2100003739 10.8903
2025-01-15 17:18:08,980 (evaluate_mcd:171) INFO: opencpop_2044001633 8.4415
2025-01-15 17:18:09,008 (evaluate_mcd:171) INFO: opencpop_2100003750 9.3625
2025-01-15 17:18:09,159 (evaluate_mcd:171) INFO: opencpop_2044001659 8.6400
2025-01-15 17:18:09,168 (evaluate_mcd:171) INFO: opencpop_2044001646 8.6757
2025-01-15 17:18:09,326 (evaluate_mcd:171) INFO: opencpop_2093003482 9.6970
2025-01-15 17:18:09,736 (evaluate_mcd:171) INFO: opencpop_2092003430 6.9431
2025-01-15 17:18:09,782 (evaluate_mcd:171) INFO: opencpop_2044001634 7.5646
2025-01-15 17:18:09,885 (evaluate_mcd:171) INFO: opencpop_2100003727 9.2640
2025-01-15 17:18:09,888 (evaluate_mcd:171) INFO: opencpop_2044001660 9.2072
2025-01-15 17:18:09,921 (evaluate_mcd:171) INFO: opencpop_2100003751 9.8219
2025-01-15 17:18:09,967 (evaluate_mcd:171) INFO: opencpop_2092003417 8.9665
2025-01-15 17:18:10,013 (evaluate_mcd:171) INFO: opencpop_2100003740 11.0984
2025-01-15 17:18:10,100 (evaluate_mcd:171) INFO: opencpop_2093003457 8.5489
2025-01-15 17:18:10,103 (evaluate_mcd:171) INFO: opencpop_2044001672 9.0882
2025-01-15 17:18:10,153 (evaluate_mcd:171) INFO: opencpop_2093003470 8.3834
2025-01-15 17:18:10,181 (evaluate_mcd:171) INFO: opencpop_2086003186 8.3368
2025-01-15 17:18:10,201 (evaluate_mcd:171) INFO: opencpop_2044001647 7.2766
2025-01-15 17:18:10,213 (evaluate_mcd:171) INFO: opencpop_2086003210 8.3366
2025-01-15 17:18:10,303 (evaluate_mcd:171) INFO: opencpop_2086003197 7.8289
2025-01-15 17:18:10,433 (evaluate_mcd:171) INFO: opencpop_2092003443 10.6312
2025-01-15 17:18:10,547 (evaluate_mcd:171) INFO: opencpop_2093003483 10.1079
2025-01-15 17:18:10,921 (evaluate_mcd:171) INFO: opencpop_2100003741 9.4896
2025-01-15 17:18:10,938 (evaluate_mcd:171) INFO: opencpop_2100003728 10.6732
2025-01-15 17:18:10,948 (evaluate_mcd:171) INFO: opencpop_2100003752 9.7197
2025-01-15 17:18:10,998 (evaluate_mcd:171) INFO: opencpop_2086003187 8.2988
2025-01-15 17:18:11,076 (evaluate_mcd:171) INFO: opencpop_2092003418 9.9409
2025-01-15 17:18:11,120 (evaluate_mcd:171) INFO: opencpop_2044001673 8.9246
2025-01-15 17:18:11,214 (evaluate_mcd:171) INFO: opencpop_2044001661 8.6434
2025-01-15 17:18:11,265 (evaluate_mcd:171) INFO: opencpop_2044001648 9.0643
2025-01-15 17:18:11,327 (evaluate_mcd:171) INFO: opencpop_2086003211 8.3051
2025-01-15 17:18:11,427 (evaluate_mcd:171) INFO: opencpop_2100003713 7.7187
2025-01-15 17:18:11,557 (evaluate_mcd:171) INFO: opencpop_2044001635 8.8170
2025-01-15 17:18:11,665 (evaluate_mcd:171) INFO: opencpop_2093003458 8.3230
2025-01-15 17:18:11,708 (evaluate_mcd:171) INFO: opencpop_2093003471 8.4742
2025-01-15 17:18:11,796 (evaluate_mcd:171) INFO: opencpop_2100003753 9.3177
2025-01-15 17:18:11,801 (evaluate_mcd:171) INFO: opencpop_2100003729 8.8483
2025-01-15 17:18:11,844 (evaluate_mcd:171) INFO: opencpop_2100003742 9.1615
2025-01-15 17:18:11,848 (evaluate_mcd:171) INFO: opencpop_2092003444 10.4954
2025-01-15 17:18:11,865 (evaluate_mcd:171) INFO: opencpop_2092003431 6.7744
2025-01-15 17:18:11,906 (evaluate_mcd:171) INFO: opencpop_2092003419 9.5805
2025-01-15 17:18:12,166 (evaluate_mcd:171) INFO: opencpop_2086003212 8.6451
2025-01-15 17:18:12,198 (evaluate_mcd:171) INFO: opencpop_2044001674 9.6419
2025-01-15 17:18:12,214 (evaluate_mcd:171) INFO: opencpop_2086003198 9.7360
2025-01-15 17:18:12,300 (evaluate_mcd:171) INFO: opencpop_2044001649 8.2786
2025-01-15 17:18:12,377 (evaluate_mcd:171) INFO: opencpop_2100003714 8.2516
2025-01-15 17:18:12,500 (evaluate_mcd:171) INFO: opencpop_2044001662 9.9413
2025-01-15 17:18:12,609 (evaluate_mcd:171) INFO: opencpop_2044001636 8.9494
2025-01-15 17:18:12,653 (evaluate_mcd:171) INFO: opencpop_2086003188 8.7114
2025-01-15 17:18:12,749 (evaluate_mcd:171) INFO: opencpop_2100003754 9.9051
2025-01-15 17:18:12,771 (evaluate_mcd:171) INFO: opencpop_2100003730 9.7647
2025-01-15 17:18:12,774 (evaluate_mcd:171) INFO: opencpop_2100003743 9.8179
2025-01-15 17:18:12,946 (evaluate_mcd:171) INFO: opencpop_2093003459 9.1939
2025-01-15 17:18:12,948 (evaluate_mcd:171) INFO: opencpop_2093003472 9.6017
2025-01-15 17:18:13,210 (evaluate_mcd:171) INFO: opencpop_2092003445 11.4526
2025-01-15 17:18:13,334 (evaluate_mcd:171) INFO: opencpop_2100003715 8.2547
2025-01-15 17:18:13,377 (evaluate_mcd:171) INFO: opencpop_2092003432 7.6018
2025-01-15 17:18:13,383 (evaluate_mcd:171) INFO: opencpop_2044001650 9.1227
2025-01-15 17:18:13,395 (evaluate_mcd:171) INFO: opencpop_2092003420 9.0663
2025-01-15 17:18:13,676 (evaluate_mcd:171) INFO: opencpop_2044001637 8.4121
2025-01-15 17:18:13,707 (evaluate_mcd:171) INFO: opencpop_2044001663 10.0443
2025-01-15 17:18:13,727 (evaluate_mcd:171) INFO: opencpop_2100003755 9.2759
2025-01-15 17:18:13,732 (evaluate_mcd:171) INFO: opencpop_2100003731 9.0899
2025-01-15 17:18:13,795 (evaluate_mcd:171) INFO: opencpop_2100003744 10.6779
2025-01-15 17:18:13,796 (evaluate_mcd:171) INFO: opencpop_2086003199 8.8850
2025-01-15 17:18:13,860 (evaluate_mcd:171) INFO: opencpop_2044001675 9.5369
2025-01-15 17:18:13,936 (evaluate_mcd:171) INFO: opencpop_2086003189 9.5553
2025-01-15 17:18:14,040 (evaluate_mcd:171) INFO: opencpop_2086003213 8.7792
2025-01-15 17:18:14,091 (evaluate_mcd:171) INFO: opencpop_2093003473 8.8970
2025-01-15 17:18:14,108 (evaluate_mcd:171) INFO: opencpop_2093003460 9.2010
2025-01-15 17:18:14,149 (evaluate_mcd:171) INFO: opencpop_2100003716 6.8210
2025-01-15 17:18:14,211 (evaluate_mcd:171) INFO: opencpop_2044001651 8.1924
2025-01-15 17:18:14,497 (evaluate_mcd:171) INFO: opencpop_2092003446 10.9997
2025-01-15 17:18:14,577 (evaluate_mcd:171) INFO: opencpop_2092003433 6.5043
2025-01-15 17:18:14,799 (evaluate_mcd:171) INFO: opencpop_2044001638 8.1785
2025-01-15 17:18:14,840 (evaluate_mcd:171) INFO: opencpop_2092003421 9.4003
2025-01-15 17:18:14,959 (evaluate_mcd:171) INFO: opencpop_2086003176 8.2358
2025-01-15 17:18:15,068 (evaluate_mcd:171) INFO: opencpop_2086003190 8.0652
2025-01-15 17:18:15,125 (evaluate_mcd:171) INFO: opencpop_2086003200 9.4614
2025-01-15 17:18:15,136 (evaluate_mcd:171) INFO: opencpop_2100003717 8.0063
2025-01-15 17:18:15,186 (evaluate_mcd:171) INFO: opencpop_2044001664 12.2626
2025-01-15 17:18:15,349 (evaluate_mcd:171) INFO: opencpop_2100003756 10.6857
2025-01-15 17:18:15,424 (evaluate_mcd:171) INFO: opencpop_2093003474 8.7454
2025-01-15 17:18:15,447 (evaluate_mcd:171) INFO: opencpop_2093003461 8.9859
2025-01-15 17:18:15,482 (evaluate_mcd:171) INFO: opencpop_2100003732 10.3651
2025-01-15 17:18:15,574 (evaluate_mcd:171) INFO: opencpop_2092003434 8.3263
2025-01-15 17:18:15,633 (evaluate_mcd:171) INFO: opencpop_2092003408 6.5955
2025-01-15 17:18:15,833 (evaluate_mcd:171) INFO: opencpop_2044001639 9.3241
2025-01-15 17:18:15,884 (evaluate_mcd:171) INFO: opencpop_2086003177 6.8590
2025-01-15 17:18:15,925 (evaluate_mcd:171) INFO: opencpop_2092003447 14.9983
2025-01-15 17:18:15,936 (evaluate_mcd:171) INFO: opencpop_2044001652 8.4594
2025-01-15 17:18:16,008 (evaluate_mcd:171) INFO: opencpop_2086003191 7.1177
2025-01-15 17:18:16,058 (evaluate_mcd:171) INFO: opencpop_2100003718 8.2569
2025-01-15 17:18:16,257 (evaluate_mcd:171) INFO: opencpop_2086003201 7.7801
2025-01-15 17:18:16,332 (evaluate_mcd:171) INFO: opencpop_2092003422 11.6196
2025-01-15 17:18:16,621 (evaluate_mcd:171) INFO: opencpop_2044001665 11.6760
2025-01-15 17:18:16,878 (evaluate_mcd:171) INFO: opencpop_2044001640 9.5449
2025-01-15 17:18:16,995 (evaluate_mcd:171) INFO: opencpop_2093003475 8.3038
2025-01-15 17:18:17,007 (evaluate_mcd:171) INFO: opencpop_2044001653 8.8749
2025-01-15 17:18:17,011 (evaluate_mcd:171) INFO: opencpop_2100003719 8.5184
2025-01-15 17:18:17,026 (evaluate_mcd:171) INFO: opencpop_2093003462 8.2531
2025-01-15 17:18:17,050 (evaluate_mcd:171) INFO: opencpop_2092003435 7.9825
2025-01-15 17:18:17,143 (evaluate_mcd:171) INFO: opencpop_2092003448 13.1406
2025-01-15 17:18:17,193 (evaluate_mcd:171) INFO: opencpop_2086003202 7.7846
2025-01-15 17:18:17,659 (evaluate_mcd:171) INFO: opencpop_2092003409 6.3406
2025-01-15 17:18:17,693 (evaluate_mcd:171) INFO: opencpop_2086003178 8.5178
2025-01-15 17:18:17,791 (evaluate_mcd:171) INFO: opencpop_2086003192 8.8847
2025-01-15 17:18:17,800 (evaluate_mcd:171) INFO: opencpop_2092003423 10.2425
2025-01-15 17:18:17,947 (evaluate_mcd:171) INFO: opencpop_2044001666 9.5639
2025-01-15 17:18:18,224 (evaluate_mcd:171) INFO: opencpop_2092003436 8.8593
2025-01-15 17:18:18,315 (evaluate_mcd:171) INFO: opencpop_2093003476 9.2856
2025-01-15 17:18:18,355 (evaluate_mcd:171) INFO: opencpop_2093003463 8.5780
2025-01-15 17:18:18,606 (evaluate_mcd:171) INFO: opencpop_2092003410 6.4923
2025-01-15 17:18:18,629 (evaluate_mcd:171) INFO: opencpop_2093003449 6.3370
2025-01-15 17:18:18,779 (evaluate_mcd:171) INFO: opencpop_2086003179 8.4877
2025-01-15 17:18:18,932 (evaluate_mcd:171) INFO: opencpop_2086003203 8.3788
2025-01-15 17:18:18,965 (evaluate_mcd:171) INFO: opencpop_2092003437 8.4465
2025-01-15 17:18:19,170 (evaluate_mcd:171) INFO: opencpop_2092003424 9.4198
2025-01-15 17:18:19,500 (evaluate_mcd:171) INFO: opencpop_2093003477 10.3135
2025-01-15 17:18:19,678 (evaluate_mcd:171) INFO: opencpop_2093003450 6.9924
2025-01-15 17:18:19,758 (evaluate_mcd:171) INFO: opencpop_2093003464 8.5094
2025-01-15 17:18:20,018 (evaluate_mcd:171) INFO: opencpop_2092003411 5.7466
2025-01-15 17:18:20,033 (evaluate_mcd:171) INFO: opencpop_2086003204 8.1569
2025-01-15 17:18:20,464 (evaluate_mcd:171) INFO: opencpop_2092003438 9.3912
2025-01-15 17:18:20,647 (evaluate_mcd:171) INFO: opencpop_2092003425 9.5275
2025-01-15 17:18:20,828 (evaluate_mcd:171) INFO: opencpop_2086003205 8.6633
2025-01-15 17:18:21,258 (evaluate_mcd:171) INFO: opencpop_2093003451 7.9509
2025-01-15 17:18:21,359 (evaluate_mcd:171) INFO: opencpop_2092003412 6.5217
2025-01-15 17:18:21,397 (evaluate_mcd:310) INFO: Average: 8.9424 ± 1.2683
2025-01-15 17:18:21,407 (evaluate_mcd:327) INFO: Successfully finished MCD evaluation.
2025-01-15T17:18:21 (svs2.sh:1369:main) Begin Scoring for F0 related metrics on test, results are written under exp/svs_train_toksing_raw_phn_none_zh/decode_valid.loss.best/test/F0_res
2025-01-15 17:18:23,136 (evaluate_f0:298) INFO: The number of utterances = 206
2025-01-15 17:18:25,780 (evaluate_f0:170) INFO: opencpop_2086003180 0.1735
2025-01-15 17:18:25,852 (evaluate_f0:170) INFO: opencpop_2100003720 0.0895
2025-01-15 17:18:26,015 (evaluate_f0:170) INFO: opencpop_2093003452 0.1612
2025-01-15 17:18:26,384 (evaluate_f0:170) INFO: opencpop_2100003733 0.2471
2025-01-15 17:18:26,599 (evaluate_f0:170) INFO: opencpop_2100003745 0.1363
2025-01-15 17:18:26,935 (evaluate_f0:170) INFO: opencpop_2093003465 0.0772
2025-01-15 17:18:27,000 (evaluate_f0:170) INFO: opencpop_2044001654 0.1229
2025-01-15 17:18:27,035 (evaluate_f0:170) INFO: opencpop_2044001641 0.1293
2025-01-15 17:18:27,244 (evaluate_f0:170) INFO: opencpop_2044001628 0.2894
2025-01-15 17:18:27,397 (evaluate_f0:170) INFO: opencpop_2086003193 0.1809
2025-01-15 17:18:27,575 (evaluate_f0:170) INFO: opencpop_2093003478 0.0747
2025-01-15 17:18:28,568 (evaluate_f0:170) INFO: opencpop_2092003439 0.2740
2025-01-15 17:18:28,574 (evaluate_f0:170) INFO: opencpop_2092003426 0.2244
2025-01-15 17:18:28,688 (evaluate_f0:170) INFO: opencpop_2086003181 0.2308
2025-01-15 17:18:28,904 (evaluate_f0:170) INFO: opencpop_2100003721 0.3956
2025-01-15 17:18:29,165 (evaluate_f0:170) INFO: opencpop_2086003206 0.1785
2025-01-15 17:18:29,322 (evaluate_f0:170) INFO: opencpop_2044001667 0.7096
2025-01-15 17:18:29,469 (evaluate_f0:170) INFO: opencpop_2100003734 0.2692
2025-01-15 17:18:29,504 (evaluate_f0:170) INFO: opencpop_2092003413 0.2221
2025-01-15 17:18:29,739 (evaluate_f0:170) INFO: opencpop_2100003746 0.2861
2025-01-15 17:18:29,918 (evaluate_f0:170) INFO: opencpop_2086003194 0.1654
2025-01-15 17:18:30,662 (evaluate_f0:170) INFO: opencpop_2093003453 0.3348
2025-01-15 17:18:30,900 (evaluate_f0:170) INFO: opencpop_2044001629 0.2050
2025-01-15 17:18:31,129 (evaluate_f0:170) INFO: opencpop_2086003182 0.1584
2025-01-15 17:18:31,285 (evaluate_f0:170) INFO: opencpop_2044001642 0.1399
2025-01-15 17:18:31,323 (evaluate_f0:170) INFO: opencpop_2044001655 0.1729
2025-01-15 17:18:31,497 (evaluate_f0:170) INFO: opencpop_2093003466 0.2612
2025-01-15 17:18:31,970 (evaluate_f0:170) INFO: opencpop_2100003722 0.1978
2025-01-15 17:18:32,282 (evaluate_f0:170) INFO: opencpop_2093003479 0.1066
2025-01-15 17:18:32,585 (evaluate_f0:170) INFO: opencpop_2100003735 0.1690
2025-01-15 17:18:32,761 (evaluate_f0:170) INFO: opencpop_2100003747 0.2909
2025-01-15 17:18:33,358 (evaluate_f0:170) INFO: opencpop_2044001668 0.3986
2025-01-15 17:18:33,528 (evaluate_f0:170) INFO: opencpop_2092003427 0.1121
2025-01-15 17:18:33,642 (evaluate_f0:170) INFO: opencpop_2092003440 0.1861
2025-01-15 17:18:34,276 (evaluate_f0:170) INFO: opencpop_2044001656 0.1720
2025-01-15 17:18:34,573 (evaluate_f0:170) INFO: opencpop_2092003414 0.3060
2025-01-15 17:18:34,679 (evaluate_f0:170) INFO: opencpop_2100003736 0.1331
2025-01-15 17:18:34,919 (evaluate_f0:170) INFO: opencpop_2044001630 0.2070
2025-01-15 17:18:34,940 (evaluate_f0:170) INFO: opencpop_2100003723 0.2385
2025-01-15 17:18:34,958 (evaluate_f0:170) INFO: opencpop_2086003207 0.2516
2025-01-15 17:18:35,057 (evaluate_f0:170) INFO: opencpop_2093003454 0.2024
2025-01-15 17:18:35,161 (evaluate_f0:170) INFO: opencpop_2086003183 0.1649
2025-01-15 17:18:35,637 (evaluate_f0:170) INFO: opencpop_2086003195 0.1227
2025-01-15 17:18:35,667 (evaluate_f0:170) INFO: opencpop_2044001643 0.1332
2025-01-15 17:18:36,028 (evaluate_f0:170) INFO: opencpop_2093003467 0.1817
2025-01-15 17:18:36,995 (evaluate_f0:170) INFO: opencpop_2044001669 0.0908
2025-01-15 17:18:37,118 (evaluate_f0:170) INFO: opencpop_2092003428 0.1531
2025-01-15 17:18:37,468 (evaluate_f0:170) INFO: opencpop_2086003184 0.1365
2025-01-15 17:18:37,598 (evaluate_f0:170) INFO: opencpop_2093003480 0.1781
2025-01-15 17:18:37,631 (evaluate_f0:170) INFO: opencpop_2093003455 0.1810
2025-01-15 17:18:37,766 (evaluate_f0:170) INFO: opencpop_2100003737 0.6637
2025-01-15 17:18:38,339 (evaluate_f0:170) INFO: opencpop_2044001657 0.1457
2025-01-15 17:18:38,476 (evaluate_f0:170) INFO: opencpop_2093003468 0.1046
2025-01-15 17:18:38,488 (evaluate_f0:170) INFO: opencpop_2100003724 0.1910
2025-01-15 17:18:38,572 (evaluate_f0:170) INFO: opencpop_2092003441 0.2196
2025-01-15 17:18:38,676 (evaluate_f0:170) INFO: opencpop_2092003415 0.1647
2025-01-15 17:18:38,944 (evaluate_f0:170) INFO: opencpop_2100003748 0.2054
2025-01-15 17:18:39,084 (evaluate_f0:170) INFO: opencpop_2086003208 0.1796
2025-01-15 17:18:39,191 (evaluate_f0:170) INFO: opencpop_2044001631 0.4285
2025-01-15 17:18:40,699 (evaluate_f0:170) INFO: opencpop_2044001644 0.1830
2025-01-15 17:18:40,794 (evaluate_f0:170) INFO: opencpop_2100003738 0.1162
2025-01-15 17:18:41,048 (evaluate_f0:170) INFO: opencpop_2044001670 0.1200
2025-01-15 17:18:41,323 (evaluate_f0:170) INFO: opencpop_2092003416 0.1352
2025-01-15 17:18:41,340 (evaluate_f0:170) INFO: opencpop_2086003185 0.1594
2025-01-15 17:18:41,477 (evaluate_f0:170) INFO: opencpop_2100003725 0.1661
2025-01-15 17:18:41,629 (evaluate_f0:170) INFO: opencpop_2086003196 0.1848
2025-01-15 17:18:41,723 (evaluate_f0:170) INFO: opencpop_2086003209 0.3071
2025-01-15 17:18:41,774 (evaluate_f0:170) INFO: opencpop_2092003429 0.1015
2025-01-15 17:18:41,902 (evaluate_f0:170) INFO: opencpop_2100003749 0.1254
2025-01-15 17:18:42,545 (evaluate_f0:170) INFO: opencpop_2093003481 0.1528
2025-01-15 17:18:42,627 (evaluate_f0:170) INFO: opencpop_2044001658 0.1433
2025-01-15 17:18:43,269 (evaluate_f0:170) INFO: opencpop_2092003442 0.1899
2025-01-15 17:18:43,277 (evaluate_f0:170) INFO: opencpop_2093003456 0.1764
2025-01-15 17:18:43,370 (evaluate_f0:170) INFO: opencpop_2044001632 0.1519
2025-01-15 17:18:43,621 (evaluate_f0:170) INFO: opencpop_2100003739 0.1538
2025-01-15 17:18:44,050 (evaluate_f0:170) INFO: opencpop_2093003469 0.1500
2025-01-15 17:18:44,101 (evaluate_f0:170) INFO: opencpop_2044001645 0.0926
2025-01-15 17:18:44,121 (evaluate_f0:170) INFO: opencpop_2044001671 0.1363
2025-01-15 17:18:44,670 (evaluate_f0:170) INFO: opencpop_2100003726 0.3268
2025-01-15 17:18:45,100 (evaluate_f0:170) INFO: opencpop_2100003750 0.3457
2025-01-15 17:18:46,559 (evaluate_f0:170) INFO: opencpop_2092003417 0.2735
2025-01-15 17:18:46,628 (evaluate_f0:170) INFO: opencpop_2092003430 0.1600
2025-01-15 17:18:46,889 (evaluate_f0:170) INFO: opencpop_2044001659 0.1347
2025-01-15 17:18:47,137 (evaluate_f0:170) INFO: opencpop_2086003186 0.1941
2025-01-15 17:18:47,273 (evaluate_f0:170) INFO: opencpop_2086003210 0.2551
2025-01-15 17:18:47,318 (evaluate_f0:170) INFO: opencpop_2093003482 0.0785
2025-01-15 17:18:47,520 (evaluate_f0:170) INFO: opencpop_2086003197 0.1323
2025-01-15 17:18:47,654 (evaluate_f0:170) INFO: opencpop_2044001633 0.1170
2025-01-15 17:18:47,720 (evaluate_f0:170) INFO: opencpop_2100003727 0.1973
2025-01-15 17:18:47,733 (evaluate_f0:170) INFO: opencpop_2044001646 0.2177
2025-01-15 17:18:47,820 (evaluate_f0:170) INFO: opencpop_2100003740 0.2289
2025-01-15 17:18:48,013 (evaluate_f0:170) INFO: opencpop_2093003457 0.1554
2025-01-15 17:18:48,144 (evaluate_f0:170) INFO: opencpop_2100003751 0.1733
2025-01-15 17:18:48,708 (evaluate_f0:170) INFO: opencpop_2093003470 0.2071
2025-01-15 17:18:48,893 (evaluate_f0:170) INFO: opencpop_2044001672 0.1746
2025-01-15 17:18:49,113 (evaluate_f0:170) INFO: opencpop_2044001660 0.1194
2025-01-15 17:18:49,545 (evaluate_f0:170) INFO: opencpop_2092003443 0.1920
2025-01-15 17:18:49,735 (evaluate_f0:170) INFO: opencpop_2086003187 0.1378
2025-01-15 17:18:50,319 (evaluate_f0:170) INFO: opencpop_2044001634 0.2466
2025-01-15 17:18:50,475 (evaluate_f0:170) INFO: opencpop_2092003418 0.2615
2025-01-15 17:18:50,808 (evaluate_f0:170) INFO: opencpop_2100003741 0.2055
2025-01-15 17:18:51,133 (evaluate_f0:170) INFO: opencpop_2044001647 0.1170
2025-01-15 17:18:51,302 (evaluate_f0:170) INFO: opencpop_2086003211 0.2128
2025-01-15 17:18:51,691 (evaluate_f0:170) INFO: opencpop_2093003483 0.1143
2025-01-15 17:18:51,840 (evaluate_f0:170) INFO: opencpop_2100003752 0.2466
2025-01-15 17:18:51,982 (evaluate_f0:170) INFO: opencpop_2100003728 0.2314
2025-01-15 17:18:52,801 (evaluate_f0:170) INFO: opencpop_2044001673 0.2084
2025-01-15 17:18:52,812 (evaluate_f0:170) INFO: opencpop_2092003431 0.3374
2025-01-15 17:18:52,957 (evaluate_f0:170) INFO: opencpop_2092003419 0.2752
2025-01-15 17:18:53,208 (evaluate_f0:170) INFO: opencpop_2093003458 0.1440
2025-01-15 17:18:53,579 (evaluate_f0:170) INFO: opencpop_2086003198 0.3154
2025-01-15 17:18:53,821 (evaluate_f0:170) INFO: opencpop_2093003471 0.2295
2025-01-15 17:18:53,841 (evaluate_f0:170) INFO: opencpop_2086003212 0.1482
2025-01-15 17:18:54,054 (evaluate_f0:170) INFO: opencpop_2100003742 0.2464
2025-01-15 17:18:54,346 (evaluate_f0:170) INFO: opencpop_2092003444 0.3458
2025-01-15 17:18:54,404 (evaluate_f0:170) INFO: opencpop_2044001661 0.2025
2025-01-15 17:18:54,593 (evaluate_f0:170) INFO: opencpop_2100003713 0.1010
2025-01-15 17:18:54,742 (evaluate_f0:170) INFO: opencpop_2100003753 0.1764
2025-01-15 17:18:54,979 (evaluate_f0:170) INFO: opencpop_2100003729 0.2333
2025-01-15 17:18:55,161 (evaluate_f0:170) INFO: opencpop_2086003188 0.1811
2025-01-15 17:18:55,512 (evaluate_f0:170) INFO: opencpop_2044001648 0.2378
2025-01-15 17:18:56,522 (evaluate_f0:170) INFO: opencpop_2044001674 0.2307
2025-01-15 17:18:57,064 (evaluate_f0:170) INFO: opencpop_2044001635 0.4173
2025-01-15 17:18:57,076 (evaluate_f0:170) INFO: opencpop_2100003743 0.1779
2025-01-15 17:18:57,686 (evaluate_f0:170) INFO: opencpop_2093003459 0.1148
2025-01-15 17:18:57,813 (evaluate_f0:170) INFO: opencpop_2100003714 0.1511
2025-01-15 17:18:57,869 (evaluate_f0:170) INFO: opencpop_2100003754 0.1522
2025-01-15 17:18:58,066 (evaluate_f0:170) INFO: opencpop_2092003432 0.2100
2025-01-15 17:18:58,130 (evaluate_f0:170) INFO: opencpop_2093003472 0.2378
2025-01-15 17:18:58,137 (evaluate_f0:170) INFO: opencpop_2100003730 0.3517
2025-01-15 17:18:58,617 (evaluate_f0:170) INFO: opencpop_2092003420 0.1824
2025-01-15 17:18:58,796 (evaluate_f0:170) INFO: opencpop_2086003199 0.1656
2025-01-15 17:18:59,075 (evaluate_f0:170) INFO: opencpop_2044001649 0.1520
2025-01-15 17:18:59,237 (evaluate_f0:170) INFO: opencpop_2092003445 0.1434
2025-01-15 17:18:59,340 (evaluate_f0:170) INFO: opencpop_2044001662 0.1662
2025-01-15 17:18:59,791 (evaluate_f0:170) INFO: opencpop_2086003213 0.1144
2025-01-15 17:19:00,350 (evaluate_f0:170) INFO: opencpop_2086003189 0.5928
2025-01-15 17:19:00,720 (evaluate_f0:170) INFO: opencpop_2044001636 0.1805
2025-01-15 17:19:00,826 (evaluate_f0:170) INFO: opencpop_2100003744 0.1280
2025-01-15 17:19:00,965 (evaluate_f0:170) INFO: opencpop_2100003755 0.2314
2025-01-15 17:19:01,028 (evaluate_f0:170) INFO: opencpop_2100003715 0.3115
2025-01-15 17:19:01,253 (evaluate_f0:170) INFO: opencpop_2100003731 0.2171
2025-01-15 17:19:01,813 (evaluate_f0:170) INFO: opencpop_2093003460 0.1462
2025-01-15 17:19:02,209 (evaluate_f0:170) INFO: opencpop_2093003473 0.1519
2025-01-15 17:19:02,306 (evaluate_f0:170) INFO: opencpop_2092003433 0.2237
2025-01-15 17:19:02,321 (evaluate_f0:170) INFO: opencpop_2044001675 0.1977
2025-01-15 17:19:03,292 (evaluate_f0:170) INFO: opencpop_2044001650 0.1357
2025-01-15 17:19:03,588 (evaluate_f0:170) INFO: opencpop_2092003421 0.0686
2025-01-15 17:19:03,706 (evaluate_f0:170) INFO: opencpop_2086003200 0.1439
2025-01-15 17:19:04,029 (evaluate_f0:170) INFO: opencpop_2044001663 0.2380
2025-01-15 17:19:04,056 (evaluate_f0:170) INFO: opencpop_2092003446 0.2425
2025-01-15 17:19:04,210 (evaluate_f0:170) INFO: opencpop_2044001637 0.0709
2025-01-15 17:19:04,267 (evaluate_f0:170) INFO: opencpop_2100003716 0.3588
2025-01-15 17:19:04,479 (evaluate_f0:170) INFO: opencpop_2086003190 0.2284
2025-01-15 17:19:04,985 (evaluate_f0:170) INFO: opencpop_2092003434 0.1994
2025-01-15 17:19:05,254 (evaluate_f0:170) INFO: opencpop_2092003408 0.1300
2025-01-15 17:19:05,971 (evaluate_f0:170) INFO: opencpop_2086003176 0.2233
2025-01-15 17:19:06,085 (evaluate_f0:170) INFO: opencpop_2044001651 0.4032
2025-01-15 17:19:06,507 (evaluate_f0:170) INFO: opencpop_2093003461 0.1983
2025-01-15 17:19:06,807 (evaluate_f0:170) INFO: opencpop_2093003474 0.1493
2025-01-15 17:19:06,862 (evaluate_f0:170) INFO: opencpop_2100003756 0.1991
2025-01-15 17:19:07,103 (evaluate_f0:170) INFO: opencpop_2086003191 0.1925
2025-01-15 17:19:07,392 (evaluate_f0:170) INFO: opencpop_2100003732 0.4803
2025-01-15 17:19:07,450 (evaluate_f0:170) INFO: opencpop_2100003717 0.1890
2025-01-15 17:19:07,711 (evaluate_f0:170) INFO: opencpop_2086003201 0.1349
2025-01-15 17:19:08,529 (evaluate_f0:170) INFO: opencpop_2044001638 0.1213
2025-01-15 17:19:08,653 (evaluate_f0:170) INFO: opencpop_2092003422 0.2403
2025-01-15 17:19:08,704 (evaluate_f0:170) INFO: opencpop_2086003177 0.1384
2025-01-15 17:19:08,710 (evaluate_f0:170) INFO: opencpop_2092003447 0.1014
2025-01-15 17:19:09,108 (evaluate_f0:170) INFO: opencpop_2044001664 0.1395
2025-01-15 17:19:09,938 (evaluate_f0:170) INFO: opencpop_2092003435 0.1968
2025-01-15 17:19:10,333 (evaluate_f0:170) INFO: opencpop_2086003202 0.1732
2025-01-15 17:19:10,639 (evaluate_f0:170) INFO: opencpop_2100003718 0.1333
2025-01-15 17:19:11,173 (evaluate_f0:170) INFO: opencpop_2092003409 0.1167
2025-01-15 17:19:11,466 (evaluate_f0:170) INFO: opencpop_2044001639 0.1092
2025-01-15 17:19:11,777 (evaluate_f0:170) INFO: opencpop_2093003462 0.1295
2025-01-15 17:19:12,051 (evaluate_f0:170) INFO: opencpop_2044001652 0.1223
2025-01-15 17:19:12,106 (evaluate_f0:170) INFO: opencpop_2093003475 0.2117
2025-01-15 17:19:12,417 (evaluate_f0:170) INFO: opencpop_2092003448 0.0837
2025-01-15 17:19:12,775 (evaluate_f0:170) INFO: opencpop_2086003192 0.1432
2025-01-15 17:19:13,502 (evaluate_f0:170) INFO: opencpop_2092003410 0.0921
2025-01-15 17:19:13,715 (evaluate_f0:170) INFO: opencpop_2100003719 0.2653
2025-01-15 17:19:13,822 (evaluate_f0:170) INFO: opencpop_2092003423 0.1173
2025-01-15 17:19:14,102 (evaluate_f0:170) INFO: opencpop_2092003436 0.4659
2025-01-15 17:19:14,116 (evaluate_f0:170) INFO: opencpop_2044001665 0.1869
2025-01-15 17:19:14,411 (evaluate_f0:170) INFO: opencpop_2086003178 0.1601
2025-01-15 17:19:15,245 (evaluate_f0:170) INFO: opencpop_2044001640 0.1529
2025-01-15 17:19:16,056 (evaluate_f0:170) INFO: opencpop_2086003203 0.1518
2025-01-15 17:19:16,291 (evaluate_f0:170) INFO: opencpop_2044001653 0.2017
2025-01-15 17:19:16,393 (evaluate_f0:170) INFO: opencpop_2092003437 0.1601
2025-01-15 17:19:16,448 (evaluate_f0:170) INFO: opencpop_2093003463 0.1792
2025-01-15 17:19:16,932 (evaluate_f0:170) INFO: opencpop_2093003476 0.2413
2025-01-15 17:19:17,161 (evaluate_f0:170) INFO: opencpop_2093003449 0.1538
2025-01-15 17:19:18,185 (evaluate_f0:170) INFO: opencpop_2086003179 0.1761
2025-01-15 17:19:18,784 (evaluate_f0:170) INFO: opencpop_2092003424 0.2876
2025-01-15 17:19:19,367 (evaluate_f0:170) INFO: opencpop_2044001666 0.2291
2025-01-15 17:19:19,374 (evaluate_f0:170) INFO: opencpop_2092003411 0.2305
2025-01-15 17:19:20,023 (evaluate_f0:170) INFO: opencpop_2086003204 0.0819
2025-01-15 17:19:20,382 (evaluate_f0:170) INFO: opencpop_2093003450 0.4186
2025-01-15 17:19:21,537 (evaluate_f0:170) INFO: opencpop_2093003464 0.0828
2025-01-15 17:19:21,744 (evaluate_f0:170) INFO: opencpop_2093003477 0.2504
2025-01-15 17:19:21,848 (evaluate_f0:170) INFO: opencpop_2092003438 0.3487
2025-01-15 17:19:22,419 (evaluate_f0:170) INFO: opencpop_2086003205 0.1394
2025-01-15 17:19:23,778 (evaluate_f0:170) INFO: opencpop_2092003425 0.1591
2025-01-15 17:19:24,146 (evaluate_f0:170) INFO: opencpop_2092003412 0.0805
2025-01-15 17:19:25,552 (evaluate_f0:170) INFO: opencpop_2093003451 0.1728
2025-01-15 17:19:25,590 (evaluate_f0:323) INFO: Average: 0.1990 ± 0.0956
2025-01-15 17:19:25,602 (evaluate_f0:340) INFO: Successfully finished log-F0 RMSE evaluation.
2025-01-15T17:19:25 (svs2.sh:1378:main) Begin Scoring for SEMITONE related metrics on test, results are written under exp/svs_train_toksing_raw_phn_none_zh/decode_valid.loss.best/test/SEMITONE_res
2025-01-15 17:19:27,377 (evaluate_semitone:311) INFO: The number of utterances = 206
2025-01-15 17:20:29,672 (evaluate_semitone:335) INFO: Average - Semitone_ACC: 26.75%
2025-01-15 17:20:29,683 (evaluate_semitone:352) INFO: Successfully finished semitone ACC evaluation.
2025-01-15T17:20:29 (svs2.sh:1387:main) Begin Scoring for VUV related metrics on test, results are written under exp/svs_train_toksing_raw_phn_none_zh/decode_valid.loss.best/test/VUV_res
2025-01-15 17:20:31,392 (evaluate_vuv:302) INFO: The number of utterances = 206
2025-01-15 17:21:33,570 (evaluate_vuv:324) INFO: Average - VUV_ERROR: 9.32%
2025-01-15 17:21:33,581 (evaluate_vuv:341) INFO: Successfully finished VUV error evaluation.
2025-01-15T17:21:33 (svs2.sh:1494:main) Skip the uploading stage
2025-01-15T17:21:33 (svs2.sh:1546:main) Skip the uploading to HuggingFace stage
2025-01-15T17:21:33 (svs2.sh:1549:main) Successfully finished. [elapsed=317s]
