nohup: ignoring input
2025-02-10T18:02:24 (svs.sh:211:main) ./svs.sh --lang zh --local_data_opts --stage 1 --feats_type raw --fs 24000 --fmax 22050 --fmin 0 --n_fft 2048 --n_shift 256 --win_length 2048 --token_type phn --g2p None --cleaner none --train_config conf/tuning/train_visinger2_24k.yaml --inference_config conf/decode.yaml --train_set tr_no_dev --valid_set dev --test_sets dev eval --score_feats_extract syllable_score_feats --srctexts data/tr_no_dev/text --audio_format wav --stage 7 --svs_task gan_svs --pitch_extract dio --feats_extract fbank --feats_normalize none --score_feats_extract syllable_score_feats --inference_model latest.pth --write_collected_feats true
2025-02-10T18:02:25 (svs.sh:912:main) Stage 7: Decoding: training_dir=exp/svs_train_visinger2_24k_raw_phn_None_zh
2025-02-10T18:02:25 (svs.sh:952:main) Generate 'exp/svs_train_visinger2_24k_raw_phn_None_zh/decode_latest/run.sh'. You can resume the process from stage 7 using this script
2025-02-10T18:02:25 (svs.sh:1009:main) Decoding started... log: 'exp/svs_train_visinger2_24k_raw_phn_None_zh/decode_latest/dev/log/svs_inference.*.log'
2025-02-10T18:04:20 (svs.sh:1009:main) Decoding started... log: 'exp/svs_train_visinger2_24k_raw_phn_None_zh/decode_latest/eval/log/svs_inference.*.log'
2025-02-10T18:07:33 (svs.sh:1069:main) Stage 8: Scoring
2025-02-10T18:07:33 (svs.sh:1079:main) Begin Scoring for MCD metrics on dev, results are written under exp/svs_train_visinger2_24k_raw_phn_None_zh/decode_latest/dev/MCD_res
2025-02-10 18:07:34,841 (evaluate_mcd:287) INFO: The number of utterances = 105
2025-02-10 18:07:38,026 (evaluate_mcd:171) INFO: GTSINGER_CHINESE_Tenor1_Glissando_大鱼_ControlGroup_0000 9.3455
2025-02-10 18:07:38,191 (evaluate_mcd:171) INFO: GTSINGER_CHINESE_Alto1_Vibrato_大鱼_ControlGroup_0003 8.9380
2025-02-10 18:07:38,363 (evaluate_mcd:171) INFO: GTSINGER_CHINESE_Alto1_Vibrato_不再见_ControlGroup_0008 10.2074
2025-02-10 18:07:38,451 (evaluate_mcd:171) INFO: GTSINGER_CHINESE_Tenor1_Mixed_Voice_and_Falsetto_曹操_ControlGroup_0000 9.9053
2025-02-10 18:07:38,474 (evaluate_mcd:171) INFO: GTSINGER_CHINESE_Tenor1_Pharyngeal_曹操_ControlGroup_0000 9.3189
2025-02-10 18:07:38,529 (evaluate_mcd:171) INFO: GTSINGER_CHINESE_Tenor1_Glissando_大鱼_ControlGroup_0006 9.3551
2025-02-10 18:07:38,951 (evaluate_mcd:171) INFO: GTSINGER_CHINESE_Alto1_Breathy_不再见_BreathyGroup_0000 9.7884
2025-02-10 18:07:38,989 (evaluate_mcd:171) INFO: GTSINGER_CHINESE_Alto1_Breathy_不再见_ControlGroup_0003 9.5790
2025-02-10 18:07:39,454 (evaluate_mcd:171) INFO: GTSINGER_CHINESE_Alto1_Pharyngeal_大鱼_ControlGroup_0006 10.1676
2025-02-10 18:07:39,555 (evaluate_mcd:171) INFO: GTSINGER_CHINESE_Alto1_Vibrato_大鱼_ControlGroup_0010 10.0384
2025-02-10 18:07:39,580 (evaluate_mcd:171) INFO: GTSINGER_CHINESE_Alto1_Vibrato_不再见_ControlGroup_0001 9.0527
2025-02-10 18:07:39,702 (evaluate_mcd:171) INFO: GTSINGER_CHINESE_Tenor1_Breathy_爱情转移_ControlGroup_0003 7.9545
2025-02-10 18:07:39,800 (evaluate_mcd:171) INFO: GTSINGER_CHINESE_Tenor1_Breathy_爱情转移_BreathyGroup_0005 8.9976
2025-02-10 18:07:40,262 (evaluate_mcd:171) INFO: GTSINGER_CHINESE_Alto1_Glissando_曹操_ControlGroup_0006 10.1496
2025-02-10 18:07:41,223 (evaluate_mcd:171) INFO: GTSINGER_CHINESE_Tenor1_Mixed_Voice_and_Falsetto_曹操_ControlGroup_0006 10.5806
2025-02-10 18:07:41,242 (evaluate_mcd:171) INFO: GTSINGER_CHINESE_Tenor1_Pharyngeal_曹操_ControlGroup_0006 10.1892
2025-02-10 18:07:41,850 (evaluate_mcd:171) INFO: GTSINGER_CHINESE_Alto1_Vibrato_不再见_ControlGroup_0009 9.8100
2025-02-10 18:07:42,228 (evaluate_mcd:171) INFO: GTSINGER_CHINESE_Alto1_Vibrato_大鱼_ControlGroup_0004 8.4996
2025-02-10 18:07:42,364 (evaluate_mcd:171) INFO: GTSINGER_CHINESE_Alto1_Glissando_曹操_ControlGroup_0000 11.5854
2025-02-10 18:07:42,741 (evaluate_mcd:171) INFO: GTSINGER_CHINESE_Alto1_Pharyngeal_大鱼_ControlGroup_0007 8.9529
2025-02-10 18:07:42,773 (evaluate_mcd:171) INFO: GTSINGER_CHINESE_Alto1_Vibrato_大鱼_ControlGroup_0011 9.5438
2025-02-10 18:07:42,874 (evaluate_mcd:171) INFO: GTSINGER_CHINESE_Alto1_Breathy_不再见_BreathyGroup_0001 9.2993
2025-02-10 18:07:42,885 (evaluate_mcd:171) INFO: GTSINGER_CHINESE_Tenor1_Mixed_Voice_and_Falsetto_曹操_ControlGroup_0001 9.7222
2025-02-10 18:07:42,928 (evaluate_mcd:171) INFO: GTSINGER_CHINESE_Tenor1_Pharyngeal_曹操_ControlGroup_0001 10.0070
2025-02-10 18:07:43,529 (evaluate_mcd:171) INFO: GTSINGER_CHINESE_Tenor1_Glissando_大鱼_ControlGroup_0007 9.9780
2025-02-10 18:07:43,576 (evaluate_mcd:171) INFO: GTSINGER_CHINESE_Tenor1_Glissando_大鱼_ControlGroup_0001 9.3026
2025-02-10 18:07:43,739 (evaluate_mcd:171) INFO: GTSINGER_CHINESE_Alto1_Pharyngeal_大鱼_ControlGroup_0000 10.6087
2025-02-10 18:07:44,289 (evaluate_mcd:171) INFO: GTSINGER_CHINESE_Tenor1_Breathy_爱情转移_BreathyGroup_0006 8.8644
2025-02-10 18:07:44,469 (evaluate_mcd:171) INFO: GTSINGER_CHINESE_Alto1_Vibrato_不再见_ControlGroup_0002 10.0333
2025-02-10 18:07:44,561 (evaluate_mcd:171) INFO: GTSINGER_CHINESE_Tenor1_Breathy_爱情转移_ControlGroup_0004 9.2443
2025-02-10 18:07:45,607 (evaluate_mcd:171) INFO: GTSINGER_CHINESE_Alto1_Vibrato_不再见_ControlGroup_0010 10.5779
2025-02-10 18:07:45,992 (evaluate_mcd:171) INFO: GTSINGER_CHINESE_Alto1_Vibrato_大鱼_ControlGroup_0005 9.9255
2025-02-10 18:07:46,598 (evaluate_mcd:171) INFO: GTSINGER_CHINESE_Alto1_Glissando_曹操_ControlGroup_0001 11.3227
2025-02-10 18:07:46,611 (evaluate_mcd:171) INFO: GTSINGER_CHINESE_Alto1_Breathy_不再见_BreathyGroup_0002 10.4806
2025-02-10 18:07:46,656 (evaluate_mcd:171) INFO: GTSINGER_CHINESE_Alto1_Pharyngeal_大鱼_ControlGroup_0008 10.4968
2025-02-10 18:07:47,127 (evaluate_mcd:171) INFO: GTSINGER_CHINESE_Alto1_Pharyngeal_大鱼_ControlGroup_0001 9.8763
2025-02-10 18:07:47,148 (evaluate_mcd:171) INFO: GTSINGER_CHINESE_Tenor1_Glissando_大鱼_ControlGroup_0002 9.4772
2025-02-10 18:07:47,478 (evaluate_mcd:171) INFO: GTSINGER_CHINESE_Tenor1_Breathy_爱情转移_BreathyGroup_0000 9.3497
2025-02-10 18:07:47,797 (evaluate_mcd:171) INFO: GTSINGER_CHINESE_Tenor1_Breathy_爱情转移_BreathyGroup_0007 9.5485
2025-02-10 18:07:48,309 (evaluate_mcd:171) INFO: GTSINGER_CHINESE_Tenor1_Mixed_Voice_and_Falsetto_曹操_ControlGroup_0007 10.1837
2025-02-10 18:07:48,423 (evaluate_mcd:171) INFO: GTSINGER_CHINESE_Tenor1_Pharyngeal_曹操_ControlGroup_0007 10.1287
2025-02-10 18:07:48,622 (evaluate_mcd:171) INFO: GTSINGER_CHINESE_Tenor1_Glissando_大鱼_ControlGroup_0008 8.5173
2025-02-10 18:07:48,762 (evaluate_mcd:171) INFO: GTSINGER_CHINESE_Tenor1_Pharyngeal_曹操_ControlGroup_0002 10.2747
2025-02-10 18:07:48,831 (evaluate_mcd:171) INFO: GTSINGER_CHINESE_Tenor1_Mixed_Voice_and_Falsetto_曹操_ControlGroup_0002 10.4713
2025-02-10 18:07:49,193 (evaluate_mcd:171) INFO: GTSINGER_CHINESE_Alto1_Vibrato_不再见_ControlGroup_0003 9.1650
2025-02-10 18:07:49,268 (evaluate_mcd:171) INFO: GTSINGER_CHINESE_Tenor1_Breathy_爱情转移_ControlGroup_0005 8.8283
2025-02-10 18:07:50,000 (evaluate_mcd:171) INFO: GTSINGER_CHINESE_Alto1_Vibrato_不再见_ControlGroup_0011 8.5305
2025-02-10 18:07:50,440 (evaluate_mcd:171) INFO: GTSINGER_CHINESE_Alto1_Breathy_不再见_BreathyGroup_0003 10.0497
2025-02-10 18:07:50,479 (evaluate_mcd:171) INFO: GTSINGER_CHINESE_Alto1_Vibrato_大鱼_ControlGroup_0006 8.6724
2025-02-10 18:07:50,570 (evaluate_mcd:171) INFO: GTSINGER_CHINESE_Alto1_Pharyngeal_大鱼_ControlGroup_0009 10.2508
2025-02-10 18:07:50,706 (evaluate_mcd:171) INFO: GTSINGER_CHINESE_Tenor1_Glissando_大鱼_ControlGroup_0003 8.5796
2025-02-10 18:07:50,711 (evaluate_mcd:171) INFO: GTSINGER_CHINESE_Alto1_Pharyngeal_大鱼_ControlGroup_0002 11.1204
2025-02-10 18:07:51,566 (evaluate_mcd:171) INFO: GTSINGER_CHINESE_Tenor1_Breathy_爱情转移_BreathyGroup_0008 9.1860
2025-02-10 18:07:51,689 (evaluate_mcd:171) INFO: GTSINGER_CHINESE_Tenor1_Mixed_Voice_and_Falsetto_曹操_ControlGroup_0008 9.9087
2025-02-10 18:07:51,711 (evaluate_mcd:171) INFO: GTSINGER_CHINESE_Tenor1_Glissando_大鱼_ControlGroup_0009 9.6010
2025-02-10 18:07:51,715 (evaluate_mcd:171) INFO: GTSINGER_CHINESE_Tenor1_Pharyngeal_曹操_ControlGroup_0008 9.8722
2025-02-10 18:07:52,106 (evaluate_mcd:171) INFO: GTSINGER_CHINESE_Tenor1_Pharyngeal_曹操_ControlGroup_0003 9.9256
2025-02-10 18:07:52,157 (evaluate_mcd:171) INFO: GTSINGER_CHINESE_Tenor1_Mixed_Voice_and_Falsetto_曹操_ControlGroup_0003 10.5837
2025-02-10 18:07:52,204 (evaluate_mcd:171) INFO: GTSINGER_CHINESE_Tenor1_Breathy_爱情转移_BreathyGroup_0001 9.0323
2025-02-10 18:07:52,683 (evaluate_mcd:171) INFO: GTSINGER_CHINESE_Alto1_Glissando_曹操_ControlGroup_0002 10.6276
2025-02-10 18:07:53,174 (evaluate_mcd:171) INFO: GTSINGER_CHINESE_Alto1_Vibrato_不再见_ControlGroup_0004 10.6456
2025-02-10 18:07:53,481 (evaluate_mcd:171) INFO: GTSINGER_CHINESE_Alto1_Vibrato_大鱼_ControlGroup_0007 8.7020
2025-02-10 18:07:53,538 (evaluate_mcd:171) INFO: GTSINGER_CHINESE_Alto1_Vibrato_大鱼_ControlGroup_0000 9.6109
2025-02-10 18:07:53,788 (evaluate_mcd:171) INFO: GTSINGER_CHINESE_Tenor1_Breathy_爱情转移_ControlGroup_0006 8.8691
2025-02-10 18:07:53,956 (evaluate_mcd:171) INFO: GTSINGER_CHINESE_Tenor1_Glissando_大鱼_ControlGroup_0004 10.8221
2025-02-10 18:07:54,281 (evaluate_mcd:171) INFO: GTSINGER_CHINESE_Alto1_Pharyngeal_大鱼_ControlGroup_0003 9.2021
2025-02-10 18:07:54,520 (evaluate_mcd:171) INFO: GTSINGER_CHINESE_Alto1_Breathy_不再见_ControlGroup_0000 9.4306
2025-02-10 18:07:54,855 (evaluate_mcd:171) INFO: GTSINGER_CHINESE_Alto1_Pharyngeal_大鱼_ControlGroup_0010 11.0691
2025-02-10 18:07:55,003 (evaluate_mcd:171) INFO: GTSINGER_CHINESE_Tenor1_Mixed_Voice_and_Falsetto_曹操_ControlGroup_0009 9.6980
2025-02-10 18:07:55,063 (evaluate_mcd:171) INFO: GTSINGER_CHINESE_Tenor1_Pharyngeal_曹操_ControlGroup_0009 9.5790
2025-02-10 18:07:55,516 (evaluate_mcd:171) INFO: GTSINGER_CHINESE_Tenor1_Pharyngeal_曹操_ControlGroup_0004 9.3567
2025-02-10 18:07:55,573 (evaluate_mcd:171) INFO: GTSINGER_CHINESE_Tenor1_Mixed_Voice_and_Falsetto_曹操_ControlGroup_0004 10.1207
2025-02-10 18:07:56,243 (evaluate_mcd:171) INFO: GTSINGER_CHINESE_Alto1_Glissando_曹操_ControlGroup_0003 11.3819
2025-02-10 18:07:56,332 (evaluate_mcd:171) INFO: GTSINGER_CHINESE_Tenor1_Breathy_爱情转移_ControlGroup_0000 7.7879
2025-02-10 18:07:56,631 (evaluate_mcd:171) INFO: GTSINGER_CHINESE_Alto1_Vibrato_大鱼_ControlGroup_0001 9.1833
2025-02-10 18:07:56,838 (evaluate_mcd:171) INFO: GTSINGER_CHINESE_Tenor1_Breathy_爱情转移_BreathyGroup_0002 8.3862
2025-02-10 18:07:57,281 (evaluate_mcd:171) INFO: GTSINGER_CHINESE_Alto1_Vibrato_不再见_ControlGroup_0005 10.0492
2025-02-10 18:07:57,294 (evaluate_mcd:171) INFO: GTSINGER_CHINESE_Tenor1_Glissando_大鱼_ControlGroup_0010 8.7791
2025-02-10 18:07:57,354 (evaluate_mcd:171) INFO: GTSINGER_CHINESE_Tenor1_Breathy_爱情转移_ControlGroup_0007 9.9049
2025-02-10 18:07:57,438 (evaluate_mcd:171) INFO: GTSINGER_CHINESE_Alto1_Vibrato_大鱼_ControlGroup_0008 10.3709
2025-02-10 18:07:58,062 (evaluate_mcd:171) INFO: GTSINGER_CHINESE_Alto1_Pharyngeal_大鱼_ControlGroup_0004 9.2480
2025-02-10 18:07:58,202 (evaluate_mcd:171) INFO: GTSINGER_CHINESE_Alto1_Pharyngeal_大鱼_ControlGroup_0011 8.9873
2025-02-10 18:07:58,426 (evaluate_mcd:171) INFO: GTSINGER_CHINESE_Alto1_Breathy_不再见_ControlGroup_0001 9.0846
2025-02-10 18:07:58,894 (evaluate_mcd:171) INFO: GTSINGER_CHINESE_Tenor1_Pharyngeal_曹操_ControlGroup_0005 9.4777
2025-02-10 18:07:58,912 (evaluate_mcd:171) INFO: GTSINGER_CHINESE_Tenor1_Mixed_Voice_and_Falsetto_曹操_ControlGroup_0005 10.2014
2025-02-10 18:07:59,925 (evaluate_mcd:171) INFO: GTSINGER_CHINESE_Alto1_Glissando_曹操_ControlGroup_0004 9.7364
2025-02-10 18:08:00,128 (evaluate_mcd:171) INFO: GTSINGER_CHINESE_Alto1_Vibrato_大鱼_ControlGroup_0002 10.0586
2025-02-10 18:08:00,972 (evaluate_mcd:171) INFO: GTSINGER_CHINESE_Tenor1_Mixed_Voice_and_Falsetto_曹操_ControlGroup_0010 9.6607
2025-02-10 18:08:00,982 (evaluate_mcd:171) INFO: GTSINGER_CHINESE_Tenor1_Glissando_大鱼_ControlGroup_0005 9.0790
2025-02-10 18:08:01,018 (evaluate_mcd:171) INFO: GTSINGER_CHINESE_Tenor1_Pharyngeal_曹操_ControlGroup_0010 9.7086
2025-02-10 18:08:01,076 (evaluate_mcd:171) INFO: GTSINGER_CHINESE_Tenor1_Glissando_大鱼_ControlGroup_0011 9.2014
2025-02-10 18:08:01,104 (evaluate_mcd:171) INFO: GTSINGER_CHINESE_Tenor1_Breathy_爱情转移_ControlGroup_0001 8.1508
2025-02-10 18:08:01,134 (evaluate_mcd:171) INFO: GTSINGER_CHINESE_Tenor1_Breathy_爱情转移_ControlGroup_0008 8.2099
2025-02-10 18:08:01,185 (evaluate_mcd:171) INFO: GTSINGER_CHINESE_Alto1_Vibrato_大鱼_ControlGroup_0009 9.9577
2025-02-10 18:08:01,382 (evaluate_mcd:171) INFO: GTSINGER_CHINESE_Alto1_Vibrato_不再见_ControlGroup_0006 10.5625
2025-02-10 18:08:01,460 (evaluate_mcd:171) INFO: GTSINGER_CHINESE_Tenor1_Breathy_爱情转移_BreathyGroup_0003 7.9584
2025-02-10 18:08:01,860 (evaluate_mcd:171) INFO: GTSINGER_CHINESE_Alto1_Pharyngeal_大鱼_ControlGroup_0005 10.7262
2025-02-10 18:08:02,354 (evaluate_mcd:171) INFO: GTSINGER_CHINESE_Alto1_Breathy_不再见_ControlGroup_0002 10.1332
2025-02-10 18:08:03,066 (evaluate_mcd:171) INFO: GTSINGER_CHINESE_Alto1_Vibrato_不再见_ControlGroup_0000 8.5708
2025-02-10 18:08:03,391 (evaluate_mcd:171) INFO: GTSINGER_CHINESE_Alto1_Glissando_曹操_ControlGroup_0005 10.2993
2025-02-10 18:08:04,212 (evaluate_mcd:171) INFO: GTSINGER_CHINESE_Tenor1_Mixed_Voice_and_Falsetto_曹操_ControlGroup_0011 10.6724
2025-02-10 18:08:04,218 (evaluate_mcd:171) INFO: GTSINGER_CHINESE_Tenor1_Pharyngeal_曹操_ControlGroup_0011 10.7562
2025-02-10 18:08:05,396 (evaluate_mcd:171) INFO: GTSINGER_CHINESE_Tenor1_Breathy_爱情转移_ControlGroup_0002 7.5652
2025-02-10 18:08:05,691 (evaluate_mcd:171) INFO: GTSINGER_CHINESE_Tenor1_Breathy_爱情转移_BreathyGroup_0004 9.3579
2025-02-10 18:08:05,702 (evaluate_mcd:171) INFO: GTSINGER_CHINESE_Alto1_Vibrato_不再见_ControlGroup_0007 11.2049
2025-02-10 18:08:05,731 (evaluate_mcd:310) INFO: Average: 9.6676 ± 0.8207
2025-02-10 18:08:05,741 (evaluate_mcd:327) INFO: Successfully finished MCD evaluation.
2025-02-10T18:08:05 (svs.sh:1088:main) Begin Scoring for F0 related metrics on dev, results are written under exp/svs_train_visinger2_24k_raw_phn_None_zh/decode_latest/dev/F0_res
2025-02-10 18:08:07,399 (evaluate_f0:298) INFO: The number of utterances = 105
2025-02-10 18:08:14,738 (evaluate_f0:170) INFO: GTSINGER_CHINESE_Tenor1_Glissando_大鱼_ControlGroup_0000 0.2141
2025-02-10 18:08:15,151 (evaluate_f0:170) INFO: GTSINGER_CHINESE_Alto1_Vibrato_大鱼_ControlGroup_0003 0.2688
2025-02-10 18:08:15,193 (evaluate_f0:170) INFO: GTSINGER_CHINESE_Tenor1_Glissando_大鱼_ControlGroup_0006 0.1571
2025-02-10 18:08:15,236 (evaluate_f0:170) INFO: GTSINGER_CHINESE_Alto1_Vibrato_不再见_ControlGroup_0008 0.2597
2025-02-10 18:08:15,711 (evaluate_f0:170) INFO: GTSINGER_CHINESE_Tenor1_Pharyngeal_曹操_ControlGroup_0000 0.1907
2025-02-10 18:08:15,836 (evaluate_f0:170) INFO: GTSINGER_CHINESE_Alto1_Breathy_不再见_ControlGroup_0003 0.1189
2025-02-10 18:08:16,047 (evaluate_f0:170) INFO: GTSINGER_CHINESE_Tenor1_Mixed_Voice_and_Falsetto_曹操_ControlGroup_0000 0.0858
2025-02-10 18:08:16,765 (evaluate_f0:170) INFO: GTSINGER_CHINESE_Alto1_Breathy_不再见_BreathyGroup_0000 0.2972
2025-02-10 18:08:18,401 (evaluate_f0:170) INFO: GTSINGER_CHINESE_Alto1_Vibrato_大鱼_ControlGroup_0010 0.2491
2025-02-10 18:08:18,788 (evaluate_f0:170) INFO: GTSINGER_CHINESE_Alto1_Vibrato_不再见_ControlGroup_0001 0.2132
2025-02-10 18:08:18,911 (evaluate_f0:170) INFO: GTSINGER_CHINESE_Alto1_Pharyngeal_大鱼_ControlGroup_0006 0.2585
2025-02-10 18:08:19,239 (evaluate_f0:170) INFO: GTSINGER_CHINESE_Tenor1_Breathy_爱情转移_ControlGroup_0003 0.2256
2025-02-10 18:08:19,922 (evaluate_f0:170) INFO: GTSINGER_CHINESE_Alto1_Glissando_曹操_ControlGroup_0006 0.1200
2025-02-10 18:08:20,052 (evaluate_f0:170) INFO: GTSINGER_CHINESE_Tenor1_Breathy_爱情转移_BreathyGroup_0005 0.1364
2025-02-10 18:08:22,028 (evaluate_f0:170) INFO: GTSINGER_CHINESE_Tenor1_Mixed_Voice_and_Falsetto_曹操_ControlGroup_0006 0.1489
2025-02-10 18:08:22,591 (evaluate_f0:170) INFO: GTSINGER_CHINESE_Tenor1_Pharyngeal_曹操_ControlGroup_0006 0.1066
2025-02-10 18:08:23,626 (evaluate_f0:170) INFO: GTSINGER_CHINESE_Alto1_Vibrato_不再见_ControlGroup_0009 0.3334
2025-02-10 18:08:23,951 (evaluate_f0:170) INFO: GTSINGER_CHINESE_Alto1_Glissando_曹操_ControlGroup_0000 0.1494
2025-02-10 18:08:24,196 (evaluate_f0:170) INFO: GTSINGER_CHINESE_Alto1_Vibrato_大鱼_ControlGroup_0004 0.1342
2025-02-10 18:08:25,687 (evaluate_f0:170) INFO: GTSINGER_CHINESE_Alto1_Vibrato_大鱼_ControlGroup_0011 0.2080
2025-02-10 18:08:25,958 (evaluate_f0:170) INFO: GTSINGER_CHINESE_Alto1_Breathy_不再见_BreathyGroup_0001 0.1379
2025-02-10 18:08:26,460 (evaluate_f0:170) INFO: GTSINGER_CHINESE_Tenor1_Pharyngeal_曹操_ControlGroup_0001 0.0873
2025-02-10 18:08:26,916 (evaluate_f0:170) INFO: GTSINGER_CHINESE_Tenor1_Mixed_Voice_and_Falsetto_曹操_ControlGroup_0001 0.1232
2025-02-10 18:08:26,938 (evaluate_f0:170) INFO: GTSINGER_CHINESE_Alto1_Pharyngeal_大鱼_ControlGroup_0007 0.3749
2025-02-10 18:08:27,633 (evaluate_f0:170) INFO: GTSINGER_CHINESE_Tenor1_Glissando_大鱼_ControlGroup_0007 0.2691
2025-02-10 18:08:27,984 (evaluate_f0:170) INFO: GTSINGER_CHINESE_Alto1_Pharyngeal_大鱼_ControlGroup_0000 0.1966
2025-02-10 18:08:28,713 (evaluate_f0:170) INFO: GTSINGER_CHINESE_Tenor1_Glissando_大鱼_ControlGroup_0001 0.2323
2025-02-10 18:08:30,596 (evaluate_f0:170) INFO: GTSINGER_CHINESE_Alto1_Vibrato_不再见_ControlGroup_0002 0.2140
2025-02-10 18:08:31,352 (evaluate_f0:170) INFO: GTSINGER_CHINESE_Tenor1_Breathy_爱情转移_BreathyGroup_0006 0.1351
2025-02-10 18:08:31,380 (evaluate_f0:170) INFO: GTSINGER_CHINESE_Tenor1_Breathy_爱情转移_ControlGroup_0004 0.1458
2025-02-10 18:08:32,162 (evaluate_f0:170) INFO: GTSINGER_CHINESE_Alto1_Vibrato_不再见_ControlGroup_0010 0.1704
2025-02-10 18:08:32,841 (evaluate_f0:170) INFO: GTSINGER_CHINESE_Alto1_Vibrato_大鱼_ControlGroup_0005 0.1662
2025-02-10 18:08:33,802 (evaluate_f0:170) INFO: GTSINGER_CHINESE_Alto1_Glissando_曹操_ControlGroup_0001 0.1577
2025-02-10 18:08:34,653 (evaluate_f0:170) INFO: GTSINGER_CHINESE_Alto1_Breathy_不再见_BreathyGroup_0002 0.1478
2025-02-10 18:08:35,940 (evaluate_f0:170) INFO: GTSINGER_CHINESE_Alto1_Pharyngeal_大鱼_ControlGroup_0008 0.3687
2025-02-10 18:08:35,942 (evaluate_f0:170) INFO: GTSINGER_CHINESE_Alto1_Pharyngeal_大鱼_ControlGroup_0001 0.1020
2025-02-10 18:08:37,281 (evaluate_f0:170) INFO: GTSINGER_CHINESE_Tenor1_Glissando_大鱼_ControlGroup_0002 0.3718
2025-02-10 18:08:37,442 (evaluate_f0:170) INFO: GTSINGER_CHINESE_Tenor1_Breathy_爱情转移_BreathyGroup_0000 0.1303
2025-02-10 18:08:38,272 (evaluate_f0:170) INFO: GTSINGER_CHINESE_Tenor1_Mixed_Voice_and_Falsetto_曹操_ControlGroup_0007 0.1601
2025-02-10 18:08:38,789 (evaluate_f0:170) INFO: GTSINGER_CHINESE_Tenor1_Pharyngeal_曹操_ControlGroup_0007 0.1322
2025-02-10 18:08:39,439 (evaluate_f0:170) INFO: GTSINGER_CHINESE_Tenor1_Breathy_爱情转移_BreathyGroup_0007 0.1955
2025-02-10 18:08:39,792 (evaluate_f0:170) INFO: GTSINGER_CHINESE_Tenor1_Glissando_大鱼_ControlGroup_0008 0.2761
2025-02-10 18:08:40,287 (evaluate_f0:170) INFO: GTSINGER_CHINESE_Tenor1_Pharyngeal_曹操_ControlGroup_0002 0.1414
2025-02-10 18:08:41,239 (evaluate_f0:170) INFO: GTSINGER_CHINESE_Tenor1_Mixed_Voice_and_Falsetto_曹操_ControlGroup_0002 0.1380
2025-02-10 18:08:41,887 (evaluate_f0:170) INFO: GTSINGER_CHINESE_Alto1_Vibrato_不再见_ControlGroup_0003 0.1885
2025-02-10 18:08:42,482 (evaluate_f0:170) INFO: GTSINGER_CHINESE_Alto1_Vibrato_不再见_ControlGroup_0011 0.1238
2025-02-10 18:08:42,964 (evaluate_f0:170) INFO: GTSINGER_CHINESE_Alto1_Vibrato_大鱼_ControlGroup_0006 0.2286
2025-02-10 18:08:43,455 (evaluate_f0:170) INFO: GTSINGER_CHINESE_Alto1_Breathy_不再见_BreathyGroup_0003 0.1951
2025-02-10 18:08:43,515 (evaluate_f0:170) INFO: GTSINGER_CHINESE_Tenor1_Breathy_爱情转移_ControlGroup_0005 0.1966
2025-02-10 18:08:44,530 (evaluate_f0:170) INFO: GTSINGER_CHINESE_Alto1_Pharyngeal_大鱼_ControlGroup_0002 0.1569
2025-02-10 18:08:44,709 (evaluate_f0:170) INFO: GTSINGER_CHINESE_Alto1_Pharyngeal_大鱼_ControlGroup_0009 0.2051
2025-02-10 18:08:45,378 (evaluate_f0:170) INFO: GTSINGER_CHINESE_Tenor1_Glissando_大鱼_ControlGroup_0003 0.1042
2025-02-10 18:08:46,222 (evaluate_f0:170) INFO: GTSINGER_CHINESE_Tenor1_Mixed_Voice_and_Falsetto_曹操_ControlGroup_0008 0.1745
2025-02-10 18:08:46,492 (evaluate_f0:170) INFO: GTSINGER_CHINESE_Tenor1_Pharyngeal_曹操_ControlGroup_0008 0.1081
2025-02-10 18:08:47,177 (evaluate_f0:170) INFO: GTSINGER_CHINESE_Tenor1_Glissando_大鱼_ControlGroup_0009 0.0976
2025-02-10 18:08:47,359 (evaluate_f0:170) INFO: GTSINGER_CHINESE_Alto1_Glissando_曹操_ControlGroup_0002 0.1783
2025-02-10 18:08:48,182 (evaluate_f0:170) INFO: GTSINGER_CHINESE_Tenor1_Pharyngeal_曹操_ControlGroup_0003 0.1255
2025-02-10 18:08:48,383 (evaluate_f0:170) INFO: GTSINGER_CHINESE_Tenor1_Breathy_爱情转移_BreathyGroup_0008 0.3676
2025-02-10 18:08:48,907 (evaluate_f0:170) INFO: GTSINGER_CHINESE_Tenor1_Mixed_Voice_and_Falsetto_曹操_ControlGroup_0003 0.1195
2025-02-10 18:08:49,058 (evaluate_f0:170) INFO: GTSINGER_CHINESE_Tenor1_Breathy_爱情转移_BreathyGroup_0001 0.2211
2025-02-10 18:08:50,117 (evaluate_f0:170) INFO: GTSINGER_CHINESE_Alto1_Vibrato_大鱼_ControlGroup_0007 0.2002
2025-02-10 18:08:50,953 (evaluate_f0:170) INFO: GTSINGER_CHINESE_Alto1_Vibrato_大鱼_ControlGroup_0000 0.1649
2025-02-10 18:08:51,560 (evaluate_f0:170) INFO: GTSINGER_CHINESE_Alto1_Vibrato_不再见_ControlGroup_0004 0.3663
2025-02-10 18:08:52,118 (evaluate_f0:170) INFO: GTSINGER_CHINESE_Alto1_Breathy_不再见_ControlGroup_0000 0.1840
2025-02-10 18:08:52,912 (evaluate_f0:170) INFO: GTSINGER_CHINESE_Tenor1_Glissando_大鱼_ControlGroup_0004 0.0878
2025-02-10 18:08:53,085 (evaluate_f0:170) INFO: GTSINGER_CHINESE_Alto1_Pharyngeal_大鱼_ControlGroup_0003 0.3981
2025-02-10 18:08:54,107 (evaluate_f0:170) INFO: GTSINGER_CHINESE_Tenor1_Mixed_Voice_and_Falsetto_曹操_ControlGroup_0009 0.1352
2025-02-10 18:08:54,219 (evaluate_f0:170) INFO: GTSINGER_CHINESE_Tenor1_Pharyngeal_曹操_ControlGroup_0009 0.2352
2025-02-10 18:08:55,037 (evaluate_f0:170) INFO: GTSINGER_CHINESE_Tenor1_Breathy_爱情转移_ControlGroup_0006 0.1065
2025-02-10 18:08:55,151 (evaluate_f0:170) INFO: GTSINGER_CHINESE_Alto1_Glissando_曹操_ControlGroup_0003 0.1450
2025-02-10 18:08:55,688 (evaluate_f0:170) INFO: GTSINGER_CHINESE_Alto1_Pharyngeal_大鱼_ControlGroup_0010 0.1785
2025-02-10 18:08:56,215 (evaluate_f0:170) INFO: GTSINGER_CHINESE_Tenor1_Pharyngeal_曹操_ControlGroup_0004 0.1184
2025-02-10 18:08:56,771 (evaluate_f0:170) INFO: GTSINGER_CHINESE_Tenor1_Mixed_Voice_and_Falsetto_曹操_ControlGroup_0004 0.1367
2025-02-10 18:08:58,209 (evaluate_f0:170) INFO: GTSINGER_CHINESE_Alto1_Vibrato_大鱼_ControlGroup_0001 0.1252
2025-02-10 18:08:59,126 (evaluate_f0:170) INFO: GTSINGER_CHINESE_Alto1_Vibrato_大鱼_ControlGroup_0008 0.2059
2025-02-10 18:08:59,915 (evaluate_f0:170) INFO: GTSINGER_CHINESE_Tenor1_Breathy_爱情转移_ControlGroup_0000 0.1726
2025-02-10 18:09:00,481 (evaluate_f0:170) INFO: GTSINGER_CHINESE_Alto1_Breathy_不再见_ControlGroup_0001 0.1522
2025-02-10 18:09:00,751 (evaluate_f0:170) INFO: GTSINGER_CHINESE_Tenor1_Glissando_大鱼_ControlGroup_0010 0.1863
2025-02-10 18:09:00,837 (evaluate_f0:170) INFO: GTSINGER_CHINESE_Tenor1_Breathy_爱情转移_BreathyGroup_0002 0.1238
2025-02-10 18:09:01,226 (evaluate_f0:170) INFO: GTSINGER_CHINESE_Alto1_Vibrato_不再见_ControlGroup_0005 0.2503
2025-02-10 18:09:02,143 (evaluate_f0:170) INFO: GTSINGER_CHINESE_Alto1_Pharyngeal_大鱼_ControlGroup_0004 0.2590
2025-02-10 18:09:03,128 (evaluate_f0:170) INFO: GTSINGER_CHINESE_Tenor1_Breathy_爱情转移_ControlGroup_0007 0.1503
2025-02-10 18:09:03,331 (evaluate_f0:170) INFO: GTSINGER_CHINESE_Alto1_Glissando_曹操_ControlGroup_0004 0.2275
2025-02-10 18:09:03,333 (evaluate_f0:170) INFO: GTSINGER_CHINESE_Alto1_Pharyngeal_大鱼_ControlGroup_0011 0.1180
2025-02-10 18:09:04,263 (evaluate_f0:170) INFO: GTSINGER_CHINESE_Tenor1_Pharyngeal_曹操_ControlGroup_0005 0.2296
2025-02-10 18:09:04,583 (evaluate_f0:170) INFO: GTSINGER_CHINESE_Tenor1_Mixed_Voice_and_Falsetto_曹操_ControlGroup_0005 0.1438
2025-02-10 18:09:06,560 (evaluate_f0:170) INFO: GTSINGER_CHINESE_Alto1_Vibrato_大鱼_ControlGroup_0002 0.1160
2025-02-10 18:09:07,891 (evaluate_f0:170) INFO: GTSINGER_CHINESE_Alto1_Vibrato_大鱼_ControlGroup_0009 0.1070
2025-02-10 18:09:08,478 (evaluate_f0:170) INFO: GTSINGER_CHINESE_Tenor1_Mixed_Voice_and_Falsetto_曹操_ControlGroup_0010 0.1348
2025-02-10 18:09:08,777 (evaluate_f0:170) INFO: GTSINGER_CHINESE_Tenor1_Pharyngeal_曹操_ControlGroup_0010 0.1419
2025-02-10 18:09:08,786 (evaluate_f0:170) INFO: GTSINGER_CHINESE_Tenor1_Glissando_大鱼_ControlGroup_0011 0.2612
2025-02-10 18:09:08,968 (evaluate_f0:170) INFO: GTSINGER_CHINESE_Tenor1_Glissando_大鱼_ControlGroup_0005 0.1015
2025-02-10 18:09:09,039 (evaluate_f0:170) INFO: GTSINGER_CHINESE_Alto1_Breathy_不再见_ControlGroup_0002 0.1694
2025-02-10 18:09:11,119 (evaluate_f0:170) INFO: GTSINGER_CHINESE_Alto1_Glissando_曹操_ControlGroup_0005 0.1960
2025-02-10 18:09:11,124 (evaluate_f0:170) INFO: GTSINGER_CHINESE_Alto1_Vibrato_不再见_ControlGroup_0006 0.2259
2025-02-10 18:09:11,208 (evaluate_f0:170) INFO: GTSINGER_CHINESE_Alto1_Pharyngeal_大鱼_ControlGroup_0005 0.2654
2025-02-10 18:09:11,333 (evaluate_f0:170) INFO: GTSINGER_CHINESE_Tenor1_Breathy_爱情转移_ControlGroup_0001 0.1063
2025-02-10 18:09:11,910 (evaluate_f0:170) INFO: GTSINGER_CHINESE_Tenor1_Breathy_爱情转移_ControlGroup_0008 0.1815
2025-02-10 18:09:12,437 (evaluate_f0:170) INFO: GTSINGER_CHINESE_Tenor1_Breathy_爱情转移_BreathyGroup_0003 0.0997
2025-02-10 18:09:15,126 (evaluate_f0:170) INFO: GTSINGER_CHINESE_Alto1_Vibrato_不再见_ControlGroup_0000 0.2429
2025-02-10 18:09:16,526 (evaluate_f0:170) INFO: GTSINGER_CHINESE_Tenor1_Pharyngeal_曹操_ControlGroup_0011 0.0873
2025-02-10 18:09:16,941 (evaluate_f0:170) INFO: GTSINGER_CHINESE_Tenor1_Mixed_Voice_and_Falsetto_曹操_ControlGroup_0011 0.1358
2025-02-10 18:09:21,927 (evaluate_f0:170) INFO: GTSINGER_CHINESE_Alto1_Vibrato_不再见_ControlGroup_0007 0.3043
2025-02-10 18:09:22,031 (evaluate_f0:170) INFO: GTSINGER_CHINESE_Tenor1_Breathy_爱情转移_ControlGroup_0002 0.1229
2025-02-10 18:09:23,507 (evaluate_f0:170) INFO: GTSINGER_CHINESE_Tenor1_Breathy_爱情转移_BreathyGroup_0004 0.1304
2025-02-10 18:09:23,536 (evaluate_f0:323) INFO: Average: 0.1826 ± 0.0724
2025-02-10 18:09:23,546 (evaluate_f0:340) INFO: Successfully finished log-F0 RMSE evaluation.
2025-02-10T18:09:23 (svs.sh:1097:main) Begin Scoring for SEMITONE related metrics on dev, results are written under exp/svs_train_visinger2_24k_raw_phn_None_zh/decode_latest/dev/SEMITONE_res
2025-02-10 18:09:25,186 (evaluate_semitone:311) INFO: The number of utterances = 105
2025-02-10 18:10:41,274 (evaluate_semitone:335) INFO: Average - Semitone_ACC: 16.72%
2025-02-10 18:10:41,282 (evaluate_semitone:352) INFO: Successfully finished semitone ACC evaluation.
2025-02-10T18:10:41 (svs.sh:1106:main) Begin Scoring for VUV related metrics on dev, results are written under exp/svs_train_visinger2_24k_raw_phn_None_zh/decode_latest/dev/VUV_res
2025-02-10 18:10:42,913 (evaluate_vuv:302) INFO: The number of utterances = 105
2025-02-10 18:11:59,079 (evaluate_vuv:324) INFO: Average - VUV_ERROR: 5.95%
2025-02-10 18:11:59,085 (evaluate_vuv:341) INFO: Successfully finished VUV error evaluation.
2025-02-10T18:11:59 (svs.sh:1079:main) Begin Scoring for MCD metrics on eval, results are written under exp/svs_train_visinger2_24k_raw_phn_None_zh/decode_latest/eval/MCD_res
2025-02-10 18:12:00,744 (evaluate_mcd:287) INFO: The number of utterances = 148
2025-02-10 18:12:03,771 (evaluate_mcd:171) INFO: GTSINGER_CHINESE_Alto1_Vibrato_画心_ControlGroup_0009 11.3789
2025-02-10 18:12:03,997 (evaluate_mcd:171) INFO: GTSINGER_CHINESE_Alto1_Mixed_Voice_and_Falsetto_可惜没如果_ControlGroup_0005 11.2816
2025-02-10 18:12:04,207 (evaluate_mcd:171) INFO: GTSINGER_CHINESE_Tenor1_Glissando_画心_ControlGroup_0008 10.5661
2025-02-10 18:12:04,536 (evaluate_mcd:171) INFO: GTSINGER_CHINESE_Alto1_Mixed_Voice_and_Falsetto_画心_ControlGroup_0002 10.2833
2025-02-10 18:12:04,674 (evaluate_mcd:171) INFO: GTSINGER_CHINESE_Alto1_Mixed_Voice_and_Falsetto_画心_ControlGroup_0011 9.4682
2025-02-10 18:12:04,684 (evaluate_mcd:171) INFO: GTSINGER_CHINESE_Alto1_Vibrato_画心_ControlGroup_0000 9.5717
2025-02-10 18:12:04,737 (evaluate_mcd:171) INFO: GTSINGER_CHINESE_Tenor1_Mixed_Voice_and_Falsetto_菊花台_ControlGroup_0003 8.5609
2025-02-10 18:12:05,102 (evaluate_mcd:171) INFO: GTSINGER_CHINESE_Alto1_Glissando_可惜没如果_ControlGroup_0011 11.0062
2025-02-10 18:12:05,353 (evaluate_mcd:171) INFO: GTSINGER_CHINESE_Alto1_Vibrato_菊花台_ControlGroup_0006 9.6878
2025-02-10 18:12:05,398 (evaluate_mcd:171) INFO: GTSINGER_CHINESE_Alto1_Glissando_可惜没如果_ControlGroup_0002 11.1468
2025-02-10 18:12:06,004 (evaluate_mcd:171) INFO: GTSINGER_CHINESE_Alto1_Mixed_Voice_and_Falsetto_匆匆那年_ControlGroup_0008 10.5674
2025-02-10 18:12:06,231 (evaluate_mcd:171) INFO: GTSINGER_CHINESE_Alto1_Breathy_默_BreathyGroup_0006 8.5140
2025-02-10 18:12:06,776 (evaluate_mcd:171) INFO: GTSINGER_CHINESE_Tenor1_Breathy_默_ControlGroup_0001 8.2051
2025-02-10 18:12:06,901 (evaluate_mcd:171) INFO: GTSINGER_CHINESE_Alto1_Breathy_匆匆那年_BreathyGroup_0010 10.7357
2025-02-10 18:12:07,422 (evaluate_mcd:171) INFO: GTSINGER_CHINESE_Alto1_Breathy_匆匆那年_BreathyGroup_0000 10.1607
2025-02-10 18:12:07,431 (evaluate_mcd:171) INFO: GTSINGER_CHINESE_Alto1_Mixed_Voice_and_Falsetto_可惜没如果_ControlGroup_0006 11.6052
2025-02-10 18:12:07,550 (evaluate_mcd:171) INFO: GTSINGER_CHINESE_Tenor1_Glissando_画心_ControlGroup_0009 10.1437
2025-02-10 18:12:07,569 (evaluate_mcd:171) INFO: GTSINGER_CHINESE_Alto1_Breathy_匆匆那年_ControlGroup_0008 10.6000
2025-02-10 18:12:07,606 (evaluate_mcd:171) INFO: GTSINGER_CHINESE_Alto1_Vibrato_画心_ControlGroup_0010 9.8831
2025-02-10 18:12:08,004 (evaluate_mcd:171) INFO: GTSINGER_CHINESE_Tenor1_Mixed_Voice_and_Falsetto_菊花台_ControlGroup_0004 8.3459
2025-02-10 18:12:08,269 (evaluate_mcd:171) INFO: GTSINGER_CHINESE_Alto1_Mixed_Voice_and_Falsetto_画心_ControlGroup_0003 9.7168
2025-02-10 18:12:08,291 (evaluate_mcd:171) INFO: GTSINGER_CHINESE_Alto1_Mixed_Voice_and_Falsetto_菊花台_ControlGroup_0000 9.9002
2025-02-10 18:12:08,795 (evaluate_mcd:171) INFO: GTSINGER_CHINESE_Alto1_Vibrato_画心_ControlGroup_0001 10.5133
2025-02-10 18:12:09,045 (evaluate_mcd:171) INFO: GTSINGER_CHINESE_Alto1_Glissando_可惜没如果_ControlGroup_0003 11.1849
2025-02-10 18:12:09,073 (evaluate_mcd:171) INFO: GTSINGER_CHINESE_Alto1_Vibrato_菊花台_ControlGroup_0007 9.2296
2025-02-10 18:12:10,979 (evaluate_mcd:171) INFO: GTSINGER_CHINESE_Tenor1_Glissando_画心_ControlGroup_0010 8.1440
2025-02-10 18:12:11,111 (evaluate_mcd:171) INFO: GTSINGER_CHINESE_Tenor1_Glissando_画心_ControlGroup_0000 8.4347
2025-02-10 18:12:11,129 (evaluate_mcd:171) INFO: GTSINGER_CHINESE_Alto1_Vibrato_画心_ControlGroup_0011 9.6292
2025-02-10 18:12:11,135 (evaluate_mcd:171) INFO: GTSINGER_CHINESE_Tenor1_Mixed_Voice_and_Falsetto_菊花台_ControlGroup_0005 8.6887
2025-02-10 18:12:11,248 (evaluate_mcd:171) INFO: GTSINGER_CHINESE_Alto1_Mixed_Voice_and_Falsetto_可惜没如果_ControlGroup_0007 11.7201
2025-02-10 18:12:11,898 (evaluate_mcd:171) INFO: GTSINGER_CHINESE_Alto1_Mixed_Voice_and_Falsetto_匆匆那年_ControlGroup_0000 10.4442
2025-02-10 18:12:12,137 (evaluate_mcd:171) INFO: GTSINGER_CHINESE_Alto1_Mixed_Voice_and_Falsetto_菊花台_ControlGroup_0001 9.9375
2025-02-10 18:12:12,148 (evaluate_mcd:171) INFO: GTSINGER_CHINESE_Alto1_Breathy_默_ControlGroup_0000 9.8388
2025-02-10 18:12:12,161 (evaluate_mcd:171) INFO: GTSINGER_CHINESE_Alto1_Mixed_Voice_and_Falsetto_画心_ControlGroup_0004 10.3848
2025-02-10 18:12:12,351 (evaluate_mcd:171) INFO: GTSINGER_CHINESE_Alto1_Breathy_匆匆那年_BreathyGroup_0011 10.9906
2025-02-10 18:12:12,617 (evaluate_mcd:171) INFO: GTSINGER_CHINESE_Alto1_Mixed_Voice_and_Falsetto_匆匆那年_ControlGroup_0009 10.6285
2025-02-10 18:12:12,980 (evaluate_mcd:171) INFO: GTSINGER_CHINESE_Alto1_Vibrato_画心_ControlGroup_0002 9.5979
2025-02-10 18:12:13,106 (evaluate_mcd:171) INFO: GTSINGER_CHINESE_Alto1_Breathy_匆匆那年_BreathyGroup_0001 9.7865
2025-02-10 18:12:13,385 (evaluate_mcd:171) INFO: GTSINGER_CHINESE_Alto1_Breathy_匆匆那年_ControlGroup_0009 10.5240
2025-02-10 18:12:13,788 (evaluate_mcd:171) INFO: GTSINGER_CHINESE_Alto1_Vibrato_菊花台_ControlGroup_0008 10.1313
2025-02-10 18:12:14,452 (evaluate_mcd:171) INFO: GTSINGER_CHINESE_Tenor1_Glissando_画心_ControlGroup_0001 8.9143
2025-02-10 18:12:14,910 (evaluate_mcd:171) INFO: GTSINGER_CHINESE_Alto1_Mixed_Voice_and_Falsetto_可惜没如果_ControlGroup_0008 11.5445
2025-02-10 18:12:15,112 (evaluate_mcd:171) INFO: GTSINGER_CHINESE_Alto1_Glissando_可惜没如果_ControlGroup_0004 10.9187
2025-02-10 18:12:15,499 (evaluate_mcd:171) INFO: GTSINGER_CHINESE_Alto1_Vibrato_菊花台_ControlGroup_0000 8.4503
2025-02-10 18:12:16,206 (evaluate_mcd:171) INFO: GTSINGER_CHINESE_Alto1_Mixed_Voice_and_Falsetto_画心_ControlGroup_0005 12.4003
2025-02-10 18:12:16,532 (evaluate_mcd:171) INFO: GTSINGER_CHINESE_Alto1_Pharyngeal_默_ControlGroup_0000 10.7255
2025-02-10 18:12:16,575 (evaluate_mcd:171) INFO: GTSINGER_CHINESE_Tenor1_Mixed_Voice_and_Falsetto_可惜没如果_ControlGroup_0000 10.3644
2025-02-10 18:12:16,926 (evaluate_mcd:171) INFO: GTSINGER_CHINESE_Alto1_Breathy_默_ControlGroup_0001 10.0367
2025-02-10 18:12:17,305 (evaluate_mcd:171) INFO: GTSINGER_CHINESE_Alto1_Vibrato_画心_ControlGroup_0003 9.1745
2025-02-10 18:12:17,584 (evaluate_mcd:171) INFO: GTSINGER_CHINESE_Tenor1_Glissando_画心_ControlGroup_0002 8.3765
2025-02-10 18:12:17,832 (evaluate_mcd:171) INFO: GTSINGER_CHINESE_Tenor1_Mixed_Voice_and_Falsetto_菊花台_ControlGroup_0006 8.7549
2025-02-10 18:12:17,990 (evaluate_mcd:171) INFO: GTSINGER_CHINESE_Alto1_Mixed_Voice_and_Falsetto_匆匆那年_ControlGroup_0001 10.2731
2025-02-10 18:12:18,227 (evaluate_mcd:171) INFO: GTSINGER_CHINESE_Alto1_Mixed_Voice_and_Falsetto_可惜没如果_ControlGroup_0009 11.5600
2025-02-10 18:12:18,567 (evaluate_mcd:171) INFO: GTSINGER_CHINESE_Alto1_Glissando_可惜没如果_ControlGroup_0005 11.6129
2025-02-10 18:12:18,866 (evaluate_mcd:171) INFO: GTSINGER_CHINESE_Alto1_Vibrato_菊花台_ControlGroup_0009 8.6665
2025-02-10 18:12:19,055 (evaluate_mcd:171) INFO: GTSINGER_CHINESE_Alto1_Breathy_匆匆那年_ControlGroup_0000 10.0477
2025-02-10 18:12:19,228 (evaluate_mcd:171) INFO: GTSINGER_CHINESE_Alto1_Breathy_匆匆那年_BreathyGroup_0002 10.4210
2025-02-10 18:12:19,322 (evaluate_mcd:171) INFO: GTSINGER_CHINESE_Alto1_Mixed_Voice_and_Falsetto_匆匆那年_ControlGroup_0010 10.5301
2025-02-10 18:12:19,622 (evaluate_mcd:171) INFO: GTSINGER_CHINESE_Alto1_Vibrato_菊花台_ControlGroup_0001 9.7720
2025-02-10 18:12:19,658 (evaluate_mcd:171) INFO: GTSINGER_CHINESE_Alto1_Breathy_匆匆那年_ControlGroup_0010 11.4142
2025-02-10 18:12:19,734 (evaluate_mcd:171) INFO: GTSINGER_CHINESE_Tenor1_Mixed_Voice_and_Falsetto_可惜没如果_ControlGroup_0001 9.9718
2025-02-10 18:12:20,083 (evaluate_mcd:171) INFO: GTSINGER_CHINESE_Alto1_Mixed_Voice_and_Falsetto_画心_ControlGroup_0006 11.0254
2025-02-10 18:12:20,676 (evaluate_mcd:171) INFO: GTSINGER_CHINESE_Alto1_Pharyngeal_默_ControlGroup_0001 10.5499
2025-02-10 18:12:20,844 (evaluate_mcd:171) INFO: GTSINGER_CHINESE_Alto1_Breathy_默_ControlGroup_0002 9.3902
2025-02-10 18:12:20,984 (evaluate_mcd:171) INFO: GTSINGER_CHINESE_Tenor1_Glissando_画心_ControlGroup_0003 9.0694
2025-02-10 18:12:21,179 (evaluate_mcd:171) INFO: GTSINGER_CHINESE_Alto1_Mixed_Voice_and_Falsetto_匆匆那年_ControlGroup_0002 12.1912
2025-02-10 18:12:21,453 (evaluate_mcd:171) INFO: GTSINGER_CHINESE_Alto1_Vibrato_画心_ControlGroup_0004 8.8059
2025-02-10 18:12:21,599 (evaluate_mcd:171) INFO: GTSINGER_CHINESE_Alto1_Mixed_Voice_and_Falsetto_可惜没如果_ControlGroup_0010 11.1762
2025-02-10 18:12:21,663 (evaluate_mcd:171) INFO: GTSINGER_CHINESE_Tenor1_Mixed_Voice_and_Falsetto_菊花台_ControlGroup_0007 9.7626
2025-02-10 18:12:22,368 (evaluate_mcd:171) INFO: GTSINGER_CHINESE_Alto1_Glissando_可惜没如果_ControlGroup_0006 12.1910
2025-02-10 18:12:22,783 (evaluate_mcd:171) INFO: GTSINGER_CHINESE_Alto1_Vibrato_菊花台_ControlGroup_0010 9.9660
2025-02-10 18:12:23,992 (evaluate_mcd:171) INFO: GTSINGER_CHINESE_Alto1_Vibrato_菊花台_ControlGroup_0002 9.9027
2025-02-10 18:12:24,077 (evaluate_mcd:171) INFO: GTSINGER_CHINESE_Alto1_Mixed_Voice_and_Falsetto_画心_ControlGroup_0007 9.7598
2025-02-10 18:12:24,386 (evaluate_mcd:171) INFO: GTSINGER_CHINESE_Tenor1_Glissando_画心_ControlGroup_0004 7.9977
2025-02-10 18:12:24,392 (evaluate_mcd:171) INFO: GTSINGER_CHINESE_Alto1_Mixed_Voice_and_Falsetto_匆匆那年_ControlGroup_0003 11.2730
2025-02-10 18:12:24,789 (evaluate_mcd:171) INFO: GTSINGER_CHINESE_Alto1_Pharyngeal_默_ControlGroup_0002 11.4115
2025-02-10 18:12:24,809 (evaluate_mcd:171) INFO: GTSINGER_CHINESE_Alto1_Breathy_默_ControlGroup_0003 8.9912
2025-02-10 18:12:24,853 (evaluate_mcd:171) INFO: GTSINGER_CHINESE_Alto1_Breathy_匆匆那年_ControlGroup_0001 9.6768
2025-02-10 18:12:25,002 (evaluate_mcd:171) INFO: GTSINGER_CHINESE_Alto1_Breathy_匆匆那年_ControlGroup_0011 11.0284
2025-02-10 18:12:25,581 (evaluate_mcd:171) INFO: GTSINGER_CHINESE_Alto1_Mixed_Voice_and_Falsetto_可惜没如果_ControlGroup_0011 12.1708
2025-02-10 18:12:25,597 (evaluate_mcd:171) INFO: GTSINGER_CHINESE_Alto1_Mixed_Voice_and_Falsetto_匆匆那年_ControlGroup_0011 10.9529
2025-02-10 18:12:25,661 (evaluate_mcd:171) INFO: GTSINGER_CHINESE_Tenor1_Mixed_Voice_and_Falsetto_菊花台_ControlGroup_0008 8.1937
2025-02-10 18:12:25,963 (evaluate_mcd:171) INFO: GTSINGER_CHINESE_Alto1_Vibrato_画心_ControlGroup_0005 11.2909
2025-02-10 18:12:26,635 (evaluate_mcd:171) INFO: GTSINGER_CHINESE_Alto1_Glissando_可惜没如果_ControlGroup_0007 12.0449
2025-02-10 18:12:27,145 (evaluate_mcd:171) INFO: GTSINGER_CHINESE_Alto1_Breathy_匆匆那年_BreathyGroup_0003 10.2738
2025-02-10 18:12:27,514 (evaluate_mcd:171) INFO: GTSINGER_CHINESE_Alto1_Mixed_Voice_and_Falsetto_匆匆那年_ControlGroup_0004 12.0142
2025-02-10 18:12:27,657 (evaluate_mcd:171) INFO: GTSINGER_CHINESE_Tenor1_Mixed_Voice_and_Falsetto_可惜没如果_ControlGroup_0002 9.4934
2025-02-10 18:12:27,710 (evaluate_mcd:171) INFO: GTSINGER_CHINESE_Tenor1_Glissando_画心_ControlGroup_0005 9.6645
2025-02-10 18:12:28,086 (evaluate_mcd:171) INFO: GTSINGER_CHINESE_Alto1_Mixed_Voice_and_Falsetto_画心_ControlGroup_0008 11.2379
2025-02-10 18:12:28,239 (evaluate_mcd:171) INFO: GTSINGER_CHINESE_Alto1_Vibrato_菊花台_ControlGroup_0003 8.5771
2025-02-10 18:12:28,854 (evaluate_mcd:171) INFO: GTSINGER_CHINESE_Alto1_Vibrato_菊花台_ControlGroup_0011 9.1379
2025-02-10 18:12:29,070 (evaluate_mcd:171) INFO: GTSINGER_CHINESE_Alto1_Mixed_Voice_and_Falsetto_可惜没如果_ControlGroup_0000 10.6775
2025-02-10 18:12:29,191 (evaluate_mcd:171) INFO: GTSINGER_CHINESE_Alto1_Pharyngeal_默_ControlGroup_0003 11.2802
2025-02-10 18:12:29,239 (evaluate_mcd:171) INFO: GTSINGER_CHINESE_Alto1_Mixed_Voice_and_Falsetto_画心_ControlGroup_0000 9.8304
2025-02-10 18:12:30,356 (evaluate_mcd:171) INFO: GTSINGER_CHINESE_Alto1_Vibrato_画心_ControlGroup_0006 9.8117
2025-02-10 18:12:30,487 (evaluate_mcd:171) INFO: GTSINGER_CHINESE_Alto1_Glissando_可惜没如果_ControlGroup_0008 10.9713
2025-02-10 18:12:30,572 (evaluate_mcd:171) INFO: GTSINGER_CHINESE_Alto1_Breathy_匆匆那年_BreathyGroup_0004 10.6056
2025-02-10 18:12:31,028 (evaluate_mcd:171) INFO: GTSINGER_CHINESE_Tenor1_Mixed_Voice_and_Falsetto_菊花台_ControlGroup_0000 7.8250
2025-02-10 18:12:31,052 (evaluate_mcd:171) INFO: GTSINGER_CHINESE_Alto1_Breathy_默_ControlGroup_0004 9.1143
2025-02-10 18:12:31,095 (evaluate_mcd:171) INFO: GTSINGER_CHINESE_Alto1_Breathy_默_BreathyGroup_0000 9.7299
2025-02-10 18:12:31,195 (evaluate_mcd:171) INFO: GTSINGER_CHINESE_Alto1_Breathy_匆匆那年_ControlGroup_0002 11.0350
2025-02-10 18:12:31,961 (evaluate_mcd:171) INFO: GTSINGER_CHINESE_Alto1_Mixed_Voice_and_Falsetto_画心_ControlGroup_0009 12.3288
2025-02-10 18:12:32,439 (evaluate_mcd:171) INFO: GTSINGER_CHINESE_Alto1_Vibrato_菊花台_ControlGroup_0004 8.4087
2025-02-10 18:12:33,061 (evaluate_mcd:171) INFO: GTSINGER_CHINESE_Alto1_Mixed_Voice_and_Falsetto_匆匆那年_ControlGroup_0005 10.7897
2025-02-10 18:12:33,091 (evaluate_mcd:171) INFO: GTSINGER_CHINESE_Alto1_Mixed_Voice_and_Falsetto_画心_ControlGroup_0001 11.6608
2025-02-10 18:12:33,282 (evaluate_mcd:171) INFO: GTSINGER_CHINESE_Alto1_Pharyngeal_默_ControlGroup_0004 10.8515
2025-02-10 18:12:33,598 (evaluate_mcd:171) INFO: GTSINGER_CHINESE_Tenor1_Glissando_画心_ControlGroup_0006 9.2865
2025-02-10 18:12:33,703 (evaluate_mcd:171) INFO: GTSINGER_CHINESE_Tenor1_Mixed_Voice_and_Falsetto_菊花台_ControlGroup_0009 9.7415
2025-02-10 18:12:34,236 (evaluate_mcd:171) INFO: GTSINGER_CHINESE_Tenor1_Mixed_Voice_and_Falsetto_菊花台_ControlGroup_0001 8.4079
2025-02-10 18:12:34,241 (evaluate_mcd:171) INFO: GTSINGER_CHINESE_Alto1_Glissando_可惜没如果_ControlGroup_0009 11.2185
2025-02-10 18:12:34,609 (evaluate_mcd:171) INFO: GTSINGER_CHINESE_Tenor1_Breathy_默_BreathyGroup_0000 9.1446
2025-02-10 18:12:34,654 (evaluate_mcd:171) INFO: GTSINGER_CHINESE_Alto1_Mixed_Voice_and_Falsetto_可惜没如果_ControlGroup_0001 10.0453
2025-02-10 18:12:34,969 (evaluate_mcd:171) INFO: GTSINGER_CHINESE_Alto1_Vibrato_画心_ControlGroup_0007 8.7689
2025-02-10 18:12:35,555 (evaluate_mcd:171) INFO: GTSINGER_CHINESE_Alto1_Breathy_匆匆那年_BreathyGroup_0005 10.2392
2025-02-10 18:12:35,781 (evaluate_mcd:171) INFO: GTSINGER_CHINESE_Alto1_Breathy_默_BreathyGroup_0001 9.5658
2025-02-10 18:12:35,851 (evaluate_mcd:171) INFO: GTSINGER_CHINESE_Alto1_Mixed_Voice_and_Falsetto_画心_ControlGroup_0010 10.4727
2025-02-10 18:12:36,692 (evaluate_mcd:171) INFO: GTSINGER_CHINESE_Alto1_Vibrato_菊花台_ControlGroup_0005 8.6561
2025-02-10 18:12:36,752 (evaluate_mcd:171) INFO: GTSINGER_CHINESE_Alto1_Mixed_Voice_and_Falsetto_匆匆那年_ControlGroup_0006 10.7204
2025-02-10 18:12:36,802 (evaluate_mcd:171) INFO: GTSINGER_CHINESE_Tenor1_Glissando_画心_ControlGroup_0007 9.8006
2025-02-10 18:12:37,224 (evaluate_mcd:171) INFO: GTSINGER_CHINESE_Alto1_Breathy_默_ControlGroup_0005 9.5615
2025-02-10 18:12:37,612 (evaluate_mcd:171) INFO: GTSINGER_CHINESE_Alto1_Pharyngeal_默_ControlGroup_0005 11.8961
2025-02-10 18:12:37,766 (evaluate_mcd:171) INFO: GTSINGER_CHINESE_Tenor1_Mixed_Voice_and_Falsetto_菊花台_ControlGroup_0002 10.1110
2025-02-10 18:12:38,109 (evaluate_mcd:171) INFO: GTSINGER_CHINESE_Alto1_Glissando_可惜没如果_ControlGroup_0010 12.0326
2025-02-10 18:12:38,444 (evaluate_mcd:171) INFO: GTSINGER_CHINESE_Alto1_Mixed_Voice_and_Falsetto_可惜没如果_ControlGroup_0002 11.1076
2025-02-10 18:12:38,917 (evaluate_mcd:171) INFO: GTSINGER_CHINESE_Alto1_Vibrato_画心_ControlGroup_0008 10.3140
2025-02-10 18:12:38,963 (evaluate_mcd:171) INFO: GTSINGER_CHINESE_Tenor1_Mixed_Voice_and_Falsetto_菊花台_ControlGroup_0010 8.3428
2025-02-10 18:12:39,305 (evaluate_mcd:171) INFO: GTSINGER_CHINESE_Alto1_Breathy_匆匆那年_ControlGroup_0003 10.5471
2025-02-10 18:12:39,318 (evaluate_mcd:171) INFO: GTSINGER_CHINESE_Alto1_Breathy_默_BreathyGroup_0002 8.7802
2025-02-10 18:12:40,285 (evaluate_mcd:171) INFO: GTSINGER_CHINESE_Tenor1_Breathy_默_BreathyGroup_0001 9.3739
2025-02-10 18:12:40,329 (evaluate_mcd:171) INFO: GTSINGER_CHINESE_Alto1_Breathy_匆匆那年_BreathyGroup_0006 10.6673
2025-02-10 18:12:41,546 (evaluate_mcd:171) INFO: GTSINGER_CHINESE_Alto1_Mixed_Voice_and_Falsetto_可惜没如果_ControlGroup_0003 9.2637
2025-02-10 18:12:41,838 (evaluate_mcd:171) INFO: GTSINGER_CHINESE_Alto1_Mixed_Voice_and_Falsetto_匆匆那年_ControlGroup_0007 10.9672
2025-02-10 18:12:42,371 (evaluate_mcd:171) INFO: GTSINGER_CHINESE_Tenor1_Mixed_Voice_and_Falsetto_菊花台_ControlGroup_0011 8.9541
2025-02-10 18:12:42,515 (evaluate_mcd:171) INFO: GTSINGER_CHINESE_Alto1_Breathy_默_ControlGroup_0006 8.9768
2025-02-10 18:12:42,663 (evaluate_mcd:171) INFO: GTSINGER_CHINESE_Alto1_Breathy_匆匆那年_ControlGroup_0004 11.8126
2025-02-10 18:12:42,827 (evaluate_mcd:171) INFO: GTSINGER_CHINESE_Alto1_Breathy_默_BreathyGroup_0003 8.3680
2025-02-10 18:12:45,050 (evaluate_mcd:171) INFO: GTSINGER_CHINESE_Alto1_Mixed_Voice_and_Falsetto_可惜没如果_ControlGroup_0004 9.9757
2025-02-10 18:12:45,868 (evaluate_mcd:171) INFO: GTSINGER_CHINESE_Tenor1_Breathy_默_ControlGroup_0000 8.2086
2025-02-10 18:12:46,058 (evaluate_mcd:171) INFO: GTSINGER_CHINESE_Alto1_Breathy_匆匆那年_BreathyGroup_0007 9.8245
2025-02-10 18:12:46,077 (evaluate_mcd:171) INFO: GTSINGER_CHINESE_Alto1_Glissando_可惜没如果_ControlGroup_0000 12.0038
2025-02-10 18:12:47,332 (evaluate_mcd:171) INFO: GTSINGER_CHINESE_Alto1_Breathy_匆匆那年_ControlGroup_0005 10.5112
2025-02-10 18:12:48,307 (evaluate_mcd:171) INFO: GTSINGER_CHINESE_Alto1_Breathy_默_BreathyGroup_0004 9.1057
2025-02-10 18:12:48,747 (evaluate_mcd:171) INFO: GTSINGER_CHINESE_Alto1_Glissando_可惜没如果_ControlGroup_0001 10.4609
2025-02-10 18:12:51,501 (evaluate_mcd:171) INFO: GTSINGER_CHINESE_Alto1_Breathy_匆匆那年_ControlGroup_0006 10.5885
2025-02-10 18:12:51,846 (evaluate_mcd:171) INFO: GTSINGER_CHINESE_Alto1_Breathy_匆匆那年_BreathyGroup_0008 10.0110
2025-02-10 18:12:53,626 (evaluate_mcd:171) INFO: GTSINGER_CHINESE_Alto1_Breathy_默_BreathyGroup_0005 9.4739
2025-02-10 18:12:56,733 (evaluate_mcd:171) INFO: GTSINGER_CHINESE_Alto1_Breathy_匆匆那年_ControlGroup_0007 10.3092
2025-02-10 18:12:56,804 (evaluate_mcd:171) INFO: GTSINGER_CHINESE_Alto1_Breathy_匆匆那年_BreathyGroup_0009 10.2644
2025-02-10 18:12:56,836 (evaluate_mcd:310) INFO: Average: 10.1155 ± 1.0893
2025-02-10 18:12:56,847 (evaluate_mcd:327) INFO: Successfully finished MCD evaluation.
2025-02-10T18:12:57 (svs.sh:1088:main) Begin Scoring for F0 related metrics on eval, results are written under exp/svs_train_visinger2_24k_raw_phn_None_zh/decode_latest/eval/F0_res
2025-02-10 18:12:58,501 (evaluate_f0:298) INFO: The number of utterances = 148
2025-02-10 18:13:05,675 (evaluate_f0:170) INFO: GTSINGER_CHINESE_Alto1_Vibrato_画心_ControlGroup_0009 0.1205
2025-02-10 18:13:05,902 (evaluate_f0:170) INFO: GTSINGER_CHINESE_Alto1_Mixed_Voice_and_Falsetto_可惜没如果_ControlGroup_0005 0.1459
2025-02-10 18:13:06,930 (evaluate_f0:170) INFO: GTSINGER_CHINESE_Tenor1_Glissando_画心_ControlGroup_0008 0.2323
2025-02-10 18:13:07,098 (evaluate_f0:170) INFO: GTSINGER_CHINESE_Alto1_Mixed_Voice_and_Falsetto_画心_ControlGroup_0002 0.2160
2025-02-10 18:13:07,107 (evaluate_f0:170) INFO: GTSINGER_CHINESE_Alto1_Mixed_Voice_and_Falsetto_画心_ControlGroup_0011 0.2950
2025-02-10 18:13:07,448 (evaluate_f0:170) INFO: GTSINGER_CHINESE_Tenor1_Mixed_Voice_and_Falsetto_菊花台_ControlGroup_0003 0.1403
2025-02-10 18:13:07,599 (evaluate_f0:170) INFO: GTSINGER_CHINESE_Alto1_Vibrato_画心_ControlGroup_0000 0.3312
2025-02-10 18:13:08,172 (evaluate_f0:170) INFO: GTSINGER_CHINESE_Alto1_Vibrato_菊花台_ControlGroup_0006 0.1102
2025-02-10 18:13:08,174 (evaluate_f0:170) INFO: GTSINGER_CHINESE_Alto1_Glissando_可惜没如果_ControlGroup_0011 0.1505
2025-02-10 18:13:10,130 (evaluate_f0:170) INFO: GTSINGER_CHINESE_Alto1_Glissando_可惜没如果_ControlGroup_0002 0.2391
2025-02-10 18:13:10,945 (evaluate_f0:170) INFO: GTSINGER_CHINESE_Alto1_Mixed_Voice_and_Falsetto_匆匆那年_ControlGroup_0008 0.1792
2025-02-10 18:13:12,561 (evaluate_f0:170) INFO: GTSINGER_CHINESE_Alto1_Breathy_默_BreathyGroup_0006 0.2270
2025-02-10 18:13:12,833 (evaluate_f0:170) INFO: GTSINGER_CHINESE_Tenor1_Breathy_默_ControlGroup_0001 0.1723
2025-02-10 18:13:13,090 (evaluate_f0:170) INFO: GTSINGER_CHINESE_Alto1_Mixed_Voice_and_Falsetto_可惜没如果_ControlGroup_0006 0.2373
2025-02-10 18:13:13,458 (evaluate_f0:170) INFO: GTSINGER_CHINESE_Alto1_Breathy_匆匆那年_BreathyGroup_0010 0.2323
2025-02-10 18:13:14,161 (evaluate_f0:170) INFO: GTSINGER_CHINESE_Alto1_Vibrato_画心_ControlGroup_0010 0.0976
2025-02-10 18:13:14,460 (evaluate_f0:170) INFO: GTSINGER_CHINESE_Alto1_Breathy_匆匆那年_ControlGroup_0008 0.1759
2025-02-10 18:13:14,920 (evaluate_f0:170) INFO: GTSINGER_CHINESE_Alto1_Mixed_Voice_and_Falsetto_菊花台_ControlGroup_0000 0.1384
2025-02-10 18:13:14,922 (evaluate_f0:170) INFO: GTSINGER_CHINESE_Tenor1_Glissando_画心_ControlGroup_0009 0.2216
2025-02-10 18:13:15,023 (evaluate_f0:170) INFO: GTSINGER_CHINESE_Tenor1_Mixed_Voice_and_Falsetto_菊花台_ControlGroup_0004 0.1038
2025-02-10 18:13:15,299 (evaluate_f0:170) INFO: GTSINGER_CHINESE_Alto1_Breathy_匆匆那年_BreathyGroup_0000 0.2516
2025-02-10 18:13:15,323 (evaluate_f0:170) INFO: GTSINGER_CHINESE_Alto1_Mixed_Voice_and_Falsetto_画心_ControlGroup_0003 0.2124
2025-02-10 18:13:15,875 (evaluate_f0:170) INFO: GTSINGER_CHINESE_Alto1_Vibrato_菊花台_ControlGroup_0007 0.0847
2025-02-10 18:13:16,566 (evaluate_f0:170) INFO: GTSINGER_CHINESE_Alto1_Vibrato_画心_ControlGroup_0001 0.1224
2025-02-10 18:13:18,513 (evaluate_f0:170) INFO: GTSINGER_CHINESE_Alto1_Glissando_可惜没如果_ControlGroup_0003 0.2296
2025-02-10 18:13:21,005 (evaluate_f0:170) INFO: GTSINGER_CHINESE_Alto1_Mixed_Voice_and_Falsetto_可惜没如果_ControlGroup_0007 0.2393
2025-02-10 18:13:21,669 (evaluate_f0:170) INFO: GTSINGER_CHINESE_Alto1_Vibrato_画心_ControlGroup_0011 0.2719
2025-02-10 18:13:22,397 (evaluate_f0:170) INFO: GTSINGER_CHINESE_Tenor1_Mixed_Voice_and_Falsetto_菊花台_ControlGroup_0005 0.1279
2025-02-10 18:13:22,854 (evaluate_f0:170) INFO: GTSINGER_CHINESE_Tenor1_Glissando_画心_ControlGroup_0010 0.1222
2025-02-10 18:13:23,423 (evaluate_f0:170) INFO: GTSINGER_CHINESE_Alto1_Mixed_Voice_and_Falsetto_菊花台_ControlGroup_0001 0.1715
2025-02-10 18:13:23,675 (evaluate_f0:170) INFO: GTSINGER_CHINESE_Alto1_Mixed_Voice_and_Falsetto_画心_ControlGroup_0004 0.1533
2025-02-10 18:13:23,910 (evaluate_f0:170) INFO: GTSINGER_CHINESE_Tenor1_Glissando_画心_ControlGroup_0000 0.1129
2025-02-10 18:13:24,277 (evaluate_f0:170) INFO: GTSINGER_CHINESE_Alto1_Mixed_Voice_and_Falsetto_匆匆那年_ControlGroup_0000 0.2236
2025-02-10 18:13:25,127 (evaluate_f0:170) INFO: GTSINGER_CHINESE_Alto1_Mixed_Voice_and_Falsetto_匆匆那年_ControlGroup_0009 0.1350
2025-02-10 18:13:26,536 (evaluate_f0:170) INFO: GTSINGER_CHINESE_Alto1_Vibrato_画心_ControlGroup_0002 0.3188
2025-02-10 18:13:26,552 (evaluate_f0:170) INFO: GTSINGER_CHINESE_Alto1_Breathy_默_ControlGroup_0000 0.2107
2025-02-10 18:13:27,208 (evaluate_f0:170) INFO: GTSINGER_CHINESE_Alto1_Breathy_匆匆那年_BreathyGroup_0011 0.1903
2025-02-10 18:13:27,217 (evaluate_f0:170) INFO: GTSINGER_CHINESE_Alto1_Vibrato_菊花台_ControlGroup_0008 0.1736
2025-02-10 18:13:28,830 (evaluate_f0:170) INFO: GTSINGER_CHINESE_Alto1_Breathy_匆匆那年_ControlGroup_0009 0.2507
2025-02-10 18:13:29,099 (evaluate_f0:170) INFO: GTSINGER_CHINESE_Alto1_Mixed_Voice_and_Falsetto_可惜没如果_ControlGroup_0008 0.2088
2025-02-10 18:13:29,759 (evaluate_f0:170) INFO: GTSINGER_CHINESE_Alto1_Breathy_匆匆那年_BreathyGroup_0001 0.2580
2025-02-10 18:13:31,017 (evaluate_f0:170) INFO: GTSINGER_CHINESE_Alto1_Vibrato_菊花台_ControlGroup_0000 0.1774
2025-02-10 18:13:31,808 (evaluate_f0:170) INFO: GTSINGER_CHINESE_Tenor1_Glissando_画心_ControlGroup_0001 0.1684
2025-02-10 18:13:31,932 (evaluate_f0:170) INFO: GTSINGER_CHINESE_Alto1_Mixed_Voice_and_Falsetto_画心_ControlGroup_0005 0.1338
2025-02-10 18:13:32,124 (evaluate_f0:170) INFO: GTSINGER_CHINESE_Alto1_Glissando_可惜没如果_ControlGroup_0004 0.2337
2025-02-10 18:13:34,480 (evaluate_f0:170) INFO: GTSINGER_CHINESE_Alto1_Pharyngeal_默_ControlGroup_0000 0.1956
2025-02-10 18:13:36,238 (evaluate_f0:170) INFO: GTSINGER_CHINESE_Tenor1_Mixed_Voice_and_Falsetto_可惜没如果_ControlGroup_0000 0.1554
2025-02-10 18:13:36,442 (evaluate_f0:170) INFO: GTSINGER_CHINESE_Alto1_Mixed_Voice_and_Falsetto_可惜没如果_ControlGroup_0009 0.1895
2025-02-10 18:13:36,500 (evaluate_f0:170) INFO: GTSINGER_CHINESE_Alto1_Vibrato_画心_ControlGroup_0003 0.2099
2025-02-10 18:13:38,034 (evaluate_f0:170) INFO: GTSINGER_CHINESE_Tenor1_Mixed_Voice_and_Falsetto_菊花台_ControlGroup_0006 0.1056
2025-02-10 18:13:38,148 (evaluate_f0:170) INFO: GTSINGER_CHINESE_Alto1_Mixed_Voice_and_Falsetto_匆匆那年_ControlGroup_0001 0.2927
2025-02-10 18:13:38,448 (evaluate_f0:170) INFO: GTSINGER_CHINESE_Alto1_Breathy_默_ControlGroup_0001 0.1558
2025-02-10 18:13:38,913 (evaluate_f0:170) INFO: GTSINGER_CHINESE_Tenor1_Glissando_画心_ControlGroup_0002 0.1806
2025-02-10 18:13:39,180 (evaluate_f0:170) INFO: GTSINGER_CHINESE_Alto1_Vibrato_菊花台_ControlGroup_0009 0.1950
2025-02-10 18:13:39,670 (evaluate_f0:170) INFO: GTSINGER_CHINESE_Alto1_Vibrato_菊花台_ControlGroup_0001 0.2947
2025-02-10 18:13:40,211 (evaluate_f0:170) INFO: GTSINGER_CHINESE_Alto1_Mixed_Voice_and_Falsetto_匆匆那年_ControlGroup_0010 0.1514
2025-02-10 18:13:40,342 (evaluate_f0:170) INFO: GTSINGER_CHINESE_Alto1_Glissando_可惜没如果_ControlGroup_0005 0.1463
2025-02-10 18:13:40,382 (evaluate_f0:170) INFO: GTSINGER_CHINESE_Alto1_Mixed_Voice_and_Falsetto_画心_ControlGroup_0006 0.2081
2025-02-10 18:13:43,795 (evaluate_f0:170) INFO: GTSINGER_CHINESE_Alto1_Breathy_匆匆那年_ControlGroup_0010 0.2592
2025-02-10 18:13:43,835 (evaluate_f0:170) INFO: GTSINGER_CHINESE_Alto1_Mixed_Voice_and_Falsetto_可惜没如果_ControlGroup_0010 0.1933
2025-02-10 18:13:43,933 (evaluate_f0:170) INFO: GTSINGER_CHINESE_Alto1_Breathy_匆匆那年_ControlGroup_0000 0.1737
2025-02-10 18:13:44,079 (evaluate_f0:170) INFO: GTSINGER_CHINESE_Tenor1_Mixed_Voice_and_Falsetto_可惜没如果_ControlGroup_0001 0.1018
2025-02-10 18:13:44,311 (evaluate_f0:170) INFO: GTSINGER_CHINESE_Alto1_Pharyngeal_默_ControlGroup_0001 0.3129
2025-02-10 18:13:44,767 (evaluate_f0:170) INFO: GTSINGER_CHINESE_Alto1_Breathy_匆匆那年_BreathyGroup_0002 0.2568
2025-02-10 18:13:44,888 (evaluate_f0:170) INFO: GTSINGER_CHINESE_Alto1_Mixed_Voice_and_Falsetto_匆匆那年_ControlGroup_0002 0.1678
2025-02-10 18:13:44,931 (evaluate_f0:170) INFO: GTSINGER_CHINESE_Alto1_Vibrato_画心_ControlGroup_0004 0.1989
2025-02-10 18:13:46,707 (evaluate_f0:170) INFO: GTSINGER_CHINESE_Tenor1_Glissando_画心_ControlGroup_0003 0.1746
2025-02-10 18:13:46,797 (evaluate_f0:170) INFO: GTSINGER_CHINESE_Tenor1_Mixed_Voice_and_Falsetto_菊花台_ControlGroup_0007 0.1309
2025-02-10 18:13:47,380 (evaluate_f0:170) INFO: GTSINGER_CHINESE_Alto1_Breathy_默_ControlGroup_0002 0.1356
2025-02-10 18:13:47,936 (evaluate_f0:170) INFO: GTSINGER_CHINESE_Alto1_Vibrato_菊花台_ControlGroup_0010 0.2043
2025-02-10 18:13:48,378 (evaluate_f0:170) INFO: GTSINGER_CHINESE_Alto1_Vibrato_菊花台_ControlGroup_0002 0.0973
2025-02-10 18:13:48,808 (evaluate_f0:170) INFO: GTSINGER_CHINESE_Alto1_Glissando_可惜没如果_ControlGroup_0006 0.2423
2025-02-10 18:13:49,046 (evaluate_f0:170) INFO: GTSINGER_CHINESE_Alto1_Mixed_Voice_and_Falsetto_画心_ControlGroup_0007 0.1908
2025-02-10 18:13:51,661 (evaluate_f0:170) INFO: GTSINGER_CHINESE_Alto1_Mixed_Voice_and_Falsetto_匆匆那年_ControlGroup_0003 0.1312
2025-02-10 18:13:51,912 (evaluate_f0:170) INFO: GTSINGER_CHINESE_Alto1_Mixed_Voice_and_Falsetto_可惜没如果_ControlGroup_0011 0.2907
2025-02-10 18:13:53,991 (evaluate_f0:170) INFO: GTSINGER_CHINESE_Alto1_Pharyngeal_默_ControlGroup_0002 0.1162
2025-02-10 18:13:54,523 (evaluate_f0:170) INFO: GTSINGER_CHINESE_Alto1_Mixed_Voice_and_Falsetto_匆匆那年_ControlGroup_0011 0.1809
2025-02-10 18:13:54,542 (evaluate_f0:170) INFO: GTSINGER_CHINESE_Tenor1_Glissando_画心_ControlGroup_0004 0.1694
2025-02-10 18:13:54,717 (evaluate_f0:170) INFO: GTSINGER_CHINESE_Alto1_Vibrato_画心_ControlGroup_0005 0.2951
2025-02-10 18:13:56,069 (evaluate_f0:170) INFO: GTSINGER_CHINESE_Alto1_Breathy_默_ControlGroup_0003 0.1279
2025-02-10 18:13:56,176 (evaluate_f0:170) INFO: GTSINGER_CHINESE_Tenor1_Mixed_Voice_and_Falsetto_菊花台_ControlGroup_0008 0.1736
2025-02-10 18:13:56,759 (evaluate_f0:170) INFO: GTSINGER_CHINESE_Alto1_Vibrato_菊花台_ControlGroup_0003 0.1457
2025-02-10 18:13:56,901 (evaluate_f0:170) INFO: GTSINGER_CHINESE_Alto1_Breathy_匆匆那年_ControlGroup_0011 0.1677
2025-02-10 18:13:58,182 (evaluate_f0:170) INFO: GTSINGER_CHINESE_Alto1_Mixed_Voice_and_Falsetto_匆匆那年_ControlGroup_0004 0.1633
2025-02-10 18:13:58,267 (evaluate_f0:170) INFO: GTSINGER_CHINESE_Alto1_Breathy_匆匆那年_ControlGroup_0001 0.3018
2025-02-10 18:13:58,395 (evaluate_f0:170) INFO: GTSINGER_CHINESE_Alto1_Mixed_Voice_and_Falsetto_画心_ControlGroup_0008 0.2745
2025-02-10 18:13:58,417 (evaluate_f0:170) INFO: GTSINGER_CHINESE_Alto1_Glissando_可惜没如果_ControlGroup_0007 0.2291
2025-02-10 18:13:59,969 (evaluate_f0:170) INFO: GTSINGER_CHINESE_Alto1_Mixed_Voice_and_Falsetto_画心_ControlGroup_0000 0.1300
2025-02-10 18:14:01,957 (evaluate_f0:170) INFO: GTSINGER_CHINESE_Alto1_Vibrato_菊花台_ControlGroup_0011 0.1444
2025-02-10 18:14:02,034 (evaluate_f0:170) INFO: GTSINGER_CHINESE_Alto1_Mixed_Voice_and_Falsetto_可惜没如果_ControlGroup_0000 0.1355
2025-02-10 18:14:02,613 (evaluate_f0:170) INFO: GTSINGER_CHINESE_Tenor1_Mixed_Voice_and_Falsetto_可惜没如果_ControlGroup_0002 0.2348
2025-02-10 18:14:02,705 (evaluate_f0:170) INFO: GTSINGER_CHINESE_Tenor1_Glissando_画心_ControlGroup_0005 0.0911
2025-02-10 18:14:03,599 (evaluate_f0:170) INFO: GTSINGER_CHINESE_Alto1_Breathy_匆匆那年_BreathyGroup_0003 0.3678
2025-02-10 18:14:04,843 (evaluate_f0:170) INFO: GTSINGER_CHINESE_Alto1_Pharyngeal_默_ControlGroup_0003 0.3402
2025-02-10 18:14:05,337 (evaluate_f0:170) INFO: GTSINGER_CHINESE_Alto1_Vibrato_菊花台_ControlGroup_0004 0.1656
2025-02-10 18:14:05,540 (evaluate_f0:170) INFO: GTSINGER_CHINESE_Alto1_Vibrato_画心_ControlGroup_0006 0.1660
2025-02-10 18:14:06,789 (evaluate_f0:170) INFO: GTSINGER_CHINESE_Alto1_Mixed_Voice_and_Falsetto_画心_ControlGroup_0009 0.2463
2025-02-10 18:14:06,987 (evaluate_f0:170) INFO: GTSINGER_CHINESE_Alto1_Glissando_可惜没如果_ControlGroup_0008 0.1192
2025-02-10 18:14:08,271 (evaluate_f0:170) INFO: GTSINGER_CHINESE_Alto1_Mixed_Voice_and_Falsetto_画心_ControlGroup_0001 0.2308
2025-02-10 18:14:09,817 (evaluate_f0:170) INFO: GTSINGER_CHINESE_Tenor1_Mixed_Voice_and_Falsetto_菊花台_ControlGroup_0000 0.1008
2025-02-10 18:14:10,484 (evaluate_f0:170) INFO: GTSINGER_CHINESE_Alto1_Breathy_默_ControlGroup_0004 0.1389
2025-02-10 18:14:10,584 (evaluate_f0:170) INFO: GTSINGER_CHINESE_Alto1_Mixed_Voice_and_Falsetto_匆匆那年_ControlGroup_0005 0.1063
2025-02-10 18:14:11,361 (evaluate_f0:170) INFO: GTSINGER_CHINESE_Alto1_Breathy_匆匆那年_BreathyGroup_0004 0.3629
2025-02-10 18:14:11,848 (evaluate_f0:170) INFO: GTSINGER_CHINESE_Alto1_Breathy_默_BreathyGroup_0000 0.1854
2025-02-10 18:14:13,543 (evaluate_f0:170) INFO: GTSINGER_CHINESE_Alto1_Breathy_匆匆那年_ControlGroup_0002 0.2024
2025-02-10 18:14:13,932 (evaluate_f0:170) INFO: GTSINGER_CHINESE_Alto1_Vibrato_菊花台_ControlGroup_0005 0.1425
2025-02-10 18:14:13,957 (evaluate_f0:170) INFO: GTSINGER_CHINESE_Alto1_Pharyngeal_默_ControlGroup_0004 0.3346
2025-02-10 18:14:14,099 (evaluate_f0:170) INFO: GTSINGER_CHINESE_Tenor1_Mixed_Voice_and_Falsetto_菊花台_ControlGroup_0009 0.1598
2025-02-10 18:14:14,779 (evaluate_f0:170) INFO: GTSINGER_CHINESE_Alto1_Mixed_Voice_and_Falsetto_画心_ControlGroup_0010 0.1051
2025-02-10 18:14:14,885 (evaluate_f0:170) INFO: GTSINGER_CHINESE_Alto1_Mixed_Voice_and_Falsetto_可惜没如果_ControlGroup_0001 0.2166
2025-02-10 18:14:15,241 (evaluate_f0:170) INFO: GTSINGER_CHINESE_Alto1_Glissando_可惜没如果_ControlGroup_0009 0.1391
2025-02-10 18:14:15,784 (evaluate_f0:170) INFO: GTSINGER_CHINESE_Tenor1_Breathy_默_BreathyGroup_0000 0.1669
2025-02-10 18:14:16,089 (evaluate_f0:170) INFO: GTSINGER_CHINESE_Alto1_Vibrato_画心_ControlGroup_0007 0.1743
2025-02-10 18:14:16,606 (evaluate_f0:170) INFO: GTSINGER_CHINESE_Tenor1_Glissando_画心_ControlGroup_0006 0.2308
2025-02-10 18:14:16,779 (evaluate_f0:170) INFO: GTSINGER_CHINESE_Tenor1_Mixed_Voice_and_Falsetto_菊花台_ControlGroup_0001 0.1067
2025-02-10 18:14:18,150 (evaluate_f0:170) INFO: GTSINGER_CHINESE_Alto1_Mixed_Voice_and_Falsetto_匆匆那年_ControlGroup_0006 0.1882
2025-02-10 18:14:23,020 (evaluate_f0:170) INFO: GTSINGER_CHINESE_Alto1_Mixed_Voice_and_Falsetto_可惜没如果_ControlGroup_0002 0.1174
2025-02-10 18:14:23,755 (evaluate_f0:170) INFO: GTSINGER_CHINESE_Alto1_Glissando_可惜没如果_ControlGroup_0010 0.0883
2025-02-10 18:14:23,842 (evaluate_f0:170) INFO: GTSINGER_CHINESE_Alto1_Breathy_匆匆那年_BreathyGroup_0005 0.3192
2025-02-10 18:14:24,032 (evaluate_f0:170) INFO: GTSINGER_CHINESE_Alto1_Pharyngeal_默_ControlGroup_0005 0.2429
2025-02-10 18:14:24,127 (evaluate_f0:170) INFO: GTSINGER_CHINESE_Alto1_Breathy_默_BreathyGroup_0001 0.3195
2025-02-10 18:14:24,335 (evaluate_f0:170) INFO: GTSINGER_CHINESE_Tenor1_Mixed_Voice_and_Falsetto_菊花台_ControlGroup_0002 0.1100
2025-02-10 18:14:24,636 (evaluate_f0:170) INFO: GTSINGER_CHINESE_Tenor1_Glissando_画心_ControlGroup_0007 0.2557
2025-02-10 18:14:24,737 (evaluate_f0:170) INFO: GTSINGER_CHINESE_Alto1_Breathy_默_ControlGroup_0005 0.1618
2025-02-10 18:14:24,742 (evaluate_f0:170) INFO: GTSINGER_CHINESE_Alto1_Vibrato_画心_ControlGroup_0008 0.2242
2025-02-10 18:14:26,282 (evaluate_f0:170) INFO: GTSINGER_CHINESE_Tenor1_Mixed_Voice_and_Falsetto_菊花台_ControlGroup_0010 0.2640
2025-02-10 18:14:29,162 (evaluate_f0:170) INFO: GTSINGER_CHINESE_Tenor1_Breathy_默_BreathyGroup_0001 0.2418
2025-02-10 18:14:29,362 (evaluate_f0:170) INFO: GTSINGER_CHINESE_Alto1_Mixed_Voice_and_Falsetto_可惜没如果_ControlGroup_0003 0.1109
2025-02-10 18:14:30,043 (evaluate_f0:170) INFO: GTSINGER_CHINESE_Alto1_Mixed_Voice_and_Falsetto_匆匆那年_ControlGroup_0007 0.1662
2025-02-10 18:14:31,808 (evaluate_f0:170) INFO: GTSINGER_CHINESE_Alto1_Breathy_匆匆那年_ControlGroup_0003 0.2630
2025-02-10 18:14:32,555 (evaluate_f0:170) INFO: GTSINGER_CHINESE_Alto1_Breathy_默_BreathyGroup_0002 0.1305
2025-02-10 18:14:33,648 (evaluate_f0:170) INFO: GTSINGER_CHINESE_Tenor1_Mixed_Voice_and_Falsetto_菊花台_ControlGroup_0011 0.0960
2025-02-10 18:14:35,404 (evaluate_f0:170) INFO: GTSINGER_CHINESE_Alto1_Breathy_匆匆那年_BreathyGroup_0006 0.1500
2025-02-10 18:14:36,398 (evaluate_f0:170) INFO: GTSINGER_CHINESE_Alto1_Mixed_Voice_and_Falsetto_可惜没如果_ControlGroup_0004 0.1872
2025-02-10 18:14:37,409 (evaluate_f0:170) INFO: GTSINGER_CHINESE_Alto1_Breathy_默_ControlGroup_0006 0.2311
2025-02-10 18:14:39,228 (evaluate_f0:170) INFO: GTSINGER_CHINESE_Alto1_Breathy_匆匆那年_ControlGroup_0004 0.1398
2025-02-10 18:14:40,185 (evaluate_f0:170) INFO: GTSINGER_CHINESE_Alto1_Breathy_默_BreathyGroup_0003 0.3377
2025-02-10 18:14:42,649 (evaluate_f0:170) INFO: GTSINGER_CHINESE_Tenor1_Breathy_默_ControlGroup_0000 0.1660
2025-02-10 18:14:45,353 (evaluate_f0:170) INFO: GTSINGER_CHINESE_Alto1_Glissando_可惜没如果_ControlGroup_0000 0.2698
2025-02-10 18:14:48,779 (evaluate_f0:170) INFO: GTSINGER_CHINESE_Alto1_Breathy_匆匆那年_BreathyGroup_0007 0.3200
2025-02-10 18:14:50,509 (evaluate_f0:170) INFO: GTSINGER_CHINESE_Alto1_Breathy_匆匆那年_ControlGroup_0005 0.1999
2025-02-10 18:14:51,291 (evaluate_f0:170) INFO: GTSINGER_CHINESE_Alto1_Glissando_可惜没如果_ControlGroup_0001 0.0988
2025-02-10 18:14:53,730 (evaluate_f0:170) INFO: GTSINGER_CHINESE_Alto1_Breathy_默_BreathyGroup_0004 0.2679
2025-02-10 18:15:01,366 (evaluate_f0:170) INFO: GTSINGER_CHINESE_Alto1_Breathy_匆匆那年_ControlGroup_0006 0.1877
2025-02-10 18:15:03,000 (evaluate_f0:170) INFO: GTSINGER_CHINESE_Alto1_Breathy_匆匆那年_BreathyGroup_0008 0.1663
2025-02-10 18:15:06,953 (evaluate_f0:170) INFO: GTSINGER_CHINESE_Alto1_Breathy_默_BreathyGroup_0005 0.2803
2025-02-10 18:15:14,513 (evaluate_f0:170) INFO: GTSINGER_CHINESE_Alto1_Breathy_匆匆那年_ControlGroup_0007 0.2647
2025-02-10 18:15:15,519 (evaluate_f0:170) INFO: GTSINGER_CHINESE_Alto1_Breathy_匆匆那年_BreathyGroup_0009 0.2828
2025-02-10 18:15:15,553 (evaluate_f0:323) INFO: Average: 0.1941 ± 0.0672
2025-02-10 18:15:15,562 (evaluate_f0:340) INFO: Successfully finished log-F0 RMSE evaluation.
2025-02-10T18:15:15 (svs.sh:1097:main) Begin Scoring for SEMITONE related metrics on eval, results are written under exp/svs_train_visinger2_24k_raw_phn_None_zh/decode_latest/eval/SEMITONE_res
2025-02-10 18:15:17,207 (evaluate_semitone:311) INFO: The number of utterances = 148
2025-02-10 18:17:35,572 (evaluate_semitone:335) INFO: Average - Semitone_ACC: 17.04%
2025-02-10 18:17:35,582 (evaluate_semitone:352) INFO: Successfully finished semitone ACC evaluation.
2025-02-10T18:17:35 (svs.sh:1106:main) Begin Scoring for VUV related metrics on eval, results are written under exp/svs_train_visinger2_24k_raw_phn_None_zh/decode_latest/eval/VUV_res
2025-02-10 18:17:37,218 (evaluate_vuv:302) INFO: The number of utterances = 148
2025-02-10 18:19:55,531 (evaluate_vuv:324) INFO: Average - VUV_ERROR: 8.55%
2025-02-10 18:19:55,541 (evaluate_vuv:341) INFO: Successfully finished VUV error evaluation.
2025-02-10T18:19:55 (svs.sh:1159:main) Skip the packing stage
2025-02-10T18:19:55 (svs.sh:1216:main) Skip the uploading to HuggingFace stage
2025-02-10T18:19:55 (svs.sh:1219:main) Successfully finished. [elapsed=1051s]
