nohup: ignoring input
2025-01-08T05:40:10 (svs.sh:211:main) ./svs.sh --lang zh --local_data_opts --stage 0 --feats_type raw --pitch_extract dio --ying_extract None --fs 24000 --fmax 22050 --fmin 0 --n_fft 2048 --n_shift 300 --win_length 1200 --token_type phn --g2p None --cleaner none --train_config conf/tuning/train_visinger2_24k.yaml --inference_config conf/decode.yaml --train_set tr_no_dev --valid_set dev --test_sets dev test --score_feats_extract syllable_score_feats --srctexts data/tr_no_dev/text --audio_format wav --stage 1 --stop_stage 4
2025-01-08T05:40:11 (svs.sh:313:main) Stage 1: Data preparation for data/tr_no_dev, data/dev, etc.
2025-01-08T05:40:12 (data.sh:22:main) local/data.sh --stage 0 --fs 24000 --g2p None
2025-01-08T05:40:12 (data.sh:37:main) stage 0: Data Download
2025-01-08T05:40:12 (data.sh:42:main) stage 1: Data preparaion 
fix_data_dir.sh: kept all 3550 utterances.
fix_data_dir.sh: old files are kept in data/train/.backup
fix_data_dir.sh: kept all 206 utterances.
fix_data_dir.sh: old files are kept in data/test/.backup
2025-01-08T05:42:18 (data.sh:57:main) stage 2: Held out validation set
utils/copy_data_dir.sh: copied data from data/train to data/tr_no_dev
utils/validate_data_dir.sh: WARNING: you have only one speaker.  This probably a bad idea.
   Search for the word 'bold' in http://kaldi-asr.org/doc/data_prep.html
   for more information.
utils/validate_data_dir.sh: Successfully validated data-directory data/tr_no_dev
utils/copy_data_dir.sh: copied data from data/train to data/dev
utils/validate_data_dir.sh: WARNING: you have only one speaker.  This probably a bad idea.
   Search for the word 'bold' in http://kaldi-asr.org/doc/data_prep.html
   for more information.
utils/validate_data_dir.sh: Successfully validated data-directory data/dev
fix_data_dir.sh: kept 3500 utterances out of 3550
fix_data_dir.sh: old files are kept in data/tr_no_dev/.backup
fix_data_dir.sh: kept 50 utterances out of 3550
fix_data_dir.sh: old files are kept in data/dev/.backup
2025-01-08T05:42:19 (svs.sh:331:main) Stage 2: Format wav.scp: data/ -> dump/raw/
utils/copy_data_dir.sh: copied data from data/tr_no_dev to dump/raw/org/tr_no_dev
utils/validate_data_dir.sh: WARNING: you have only one speaker.  This probably a bad idea.
   Search for the word 'bold' in http://kaldi-asr.org/doc/data_prep.html
   for more information.
utils/validate_data_dir.sh: Successfully validated data-directory dump/raw/org/tr_no_dev
fix_data_dir.sh: kept all 3500 utterances.
fix_data_dir.sh: old files are kept in dump/raw/org/tr_no_dev/.backup
2025-01-08T05:42:20 (format_wav_scp.sh:46:main) scripts/audio/format_wav_scp.sh --nj 32 --cmd run.pl --audio-format wav --fs 24000 data/tr_no_dev/wav.scp dump/raw/org/tr_no_dev
2025-01-08T05:42:21 (format_wav_scp.sh:118:main) [info]: without segments
2025-01-08T05:42:23 (format_wav_scp.sh:153:main) Successfully finished. [elapsed=3s]
2025-01-08T05:42:23 (format_score_scp.sh:33:main) scripts/audio/format_score_scp.sh --nj 32 --cmd run.pl data/tr_no_dev/score.scp dump/raw/org/tr_no_dev
2025-01-08T05:42:23 (format_score_scp.sh:92:main) [info]: without segments
2025-01-08T05:42:24 (format_score_scp.sh:116:main) Successfully finished. [elapsed=1s]
utils/copy_data_dir.sh: copied data from data/dev to dump/raw/org/dev
utils/validate_data_dir.sh: WARNING: you have only one speaker.  This probably a bad idea.
   Search for the word 'bold' in http://kaldi-asr.org/doc/data_prep.html
   for more information.
utils/validate_data_dir.sh: Successfully validated data-directory dump/raw/org/dev
fix_data_dir.sh: kept all 50 utterances.
fix_data_dir.sh: old files are kept in dump/raw/org/dev/.backup
2025-01-08T05:42:25 (format_wav_scp.sh:46:main) scripts/audio/format_wav_scp.sh --nj 32 --cmd run.pl --audio-format wav --fs 24000 data/dev/wav.scp dump/raw/org/dev
2025-01-08T05:42:25 (format_wav_scp.sh:118:main) [info]: without segments
2025-01-08T05:42:27 (format_wav_scp.sh:153:main) Successfully finished. [elapsed=2s]
2025-01-08T05:42:27 (format_score_scp.sh:33:main) scripts/audio/format_score_scp.sh --nj 32 --cmd run.pl data/dev/score.scp dump/raw/org/dev
2025-01-08T05:42:28 (format_score_scp.sh:92:main) [info]: without segments
2025-01-08T05:42:28 (format_score_scp.sh:116:main) Successfully finished. [elapsed=1s]
utils/copy_data_dir.sh: copied data from data/dev to dump/raw/org/dev
utils/validate_data_dir.sh: WARNING: you have only one speaker.  This probably a bad idea.
   Search for the word 'bold' in http://kaldi-asr.org/doc/data_prep.html
   for more information.
utils/validate_data_dir.sh: Successfully validated data-directory dump/raw/org/dev
fix_data_dir.sh: kept all 50 utterances.
fix_data_dir.sh: old files are kept in dump/raw/org/dev/.backup
2025-01-08T05:42:29 (format_wav_scp.sh:46:main) scripts/audio/format_wav_scp.sh --nj 32 --cmd run.pl --audio-format wav --fs 24000 data/dev/wav.scp dump/raw/org/dev
2025-01-08T05:42:30 (format_wav_scp.sh:118:main) [info]: without segments
2025-01-08T05:42:31 (format_wav_scp.sh:153:main) Successfully finished. [elapsed=2s]
2025-01-08T05:42:31 (format_score_scp.sh:33:main) scripts/audio/format_score_scp.sh --nj 32 --cmd run.pl data/dev/score.scp dump/raw/org/dev
2025-01-08T05:42:32 (format_score_scp.sh:92:main) [info]: without segments
2025-01-08T05:42:33 (format_score_scp.sh:116:main) Successfully finished. [elapsed=2s]
utils/copy_data_dir.sh: copied data from data/test to dump/raw/test
utils/validate_data_dir.sh: WARNING: you have only one speaker.  This probably a bad idea.
   Search for the word 'bold' in http://kaldi-asr.org/doc/data_prep.html
   for more information.
utils/validate_data_dir.sh: Successfully validated data-directory dump/raw/test
fix_data_dir.sh: kept all 206 utterances.
fix_data_dir.sh: old files are kept in dump/raw/test/.backup
2025-01-08T05:42:33 (format_wav_scp.sh:46:main) scripts/audio/format_wav_scp.sh --nj 32 --cmd run.pl --audio-format wav --fs 24000 data/test/wav.scp dump/raw/test
2025-01-08T05:42:34 (format_wav_scp.sh:118:main) [info]: without segments
2025-01-08T05:42:36 (format_wav_scp.sh:153:main) Successfully finished. [elapsed=3s]
2025-01-08T05:42:36 (format_score_scp.sh:33:main) scripts/audio/format_score_scp.sh --nj 32 --cmd run.pl data/test/score.scp dump/raw/test
2025-01-08T05:42:36 (format_score_scp.sh:92:main) [info]: without segments
2025-01-08T05:42:37 (format_score_scp.sh:116:main) Successfully finished. [elapsed=1s]
2025-01-08T05:42:37 (svs.sh:426:main) Stage 3: Remove long/short data: dump/raw/org -> dump/raw
utils/copy_data_dir.sh: copied data from dump/raw/org/tr_no_dev to dump/raw/tr_no_dev
utils/validate_data_dir.sh: WARNING: you have only one speaker.  This probably a bad idea.
   Search for the word 'bold' in http://kaldi-asr.org/doc/data_prep.html
   for more information.
utils/validate_data_dir.sh: Successfully validated data-directory dump/raw/tr_no_dev
fix_data_dir.sh: kept all 3500 utterances.
fix_data_dir.sh: old files are kept in dump/raw/tr_no_dev/.backup
utils/copy_data_dir.sh: copied data from dump/raw/org/dev to dump/raw/dev
utils/validate_data_dir.sh: WARNING: you have only one speaker.  This probably a bad idea.
   Search for the word 'bold' in http://kaldi-asr.org/doc/data_prep.html
   for more information.
utils/validate_data_dir.sh: Successfully validated data-directory dump/raw/dev
fix_data_dir.sh: kept all 50 utterances.
fix_data_dir.sh: old files are kept in dump/raw/dev/.backup
2025-01-08T05:42:39 (svs.sh:468:main) Stage 4: Generate token_list from data/tr_no_dev/text
/data6/arllan/miniconda/envs/espnetenv/espnetenv/bin/python3 /data5/arllan/espnet/espnet2/bin/tokenize_text.py --token_type phn -f 2- --input dump/raw/srctexts --output data/token_list/phn_None_zh/tokens.txt --non_linguistic_symbols none --cleaner none --g2p None --write_vocabulary true --add_symbol '<blank>:0' --add_symbol '<unk>:1' --add_symbol '<sos/eos>:-1'
2025-01-08 05:42:43,723 (tokenize_text:173) INFO: OOV rate = 0.0 %
2025-01-08T05:42:43 (svs.sh:1159:main) Skip the packing stage
2025-01-08T05:42:43 (svs.sh:1216:main) Skip the uploading to HuggingFace stage
2025-01-08T05:42:43 (svs.sh:1219:main) Successfully finished. [elapsed=153s]
